Client_MAC,Rssi0,Rssi1,Connection_Time,EpocTime
64:BC:0C:50:F1:30,-67,-82,37825,1476520371
64:BC:0C:50:F1:30,-67,-82,37885,1476520431
64:BC:0C:50:F1:30,-67,-82,37945,1476520491
64:BC:0C:50:F1:30,-68,-81,38005,1476520551
64:BC:0C:50:F1:30,-68,-81,38065,1476520611
64:BC:0C:50:F1:30,-68,-81,38125,1476520671
64:BC:0C:50:F1:30,-67,-82,38185,1476520731
64:BC:0C:50:F1:30,-67,-82,38245,1476520791
64:BC:0C:50:F1:30,-68,-81,38305,1476520851
64:BC:0C:50:F1:30,-68,-82,38368,1476520915
64:BC:0C:50:F1:30,-68,-82,38428,1476520975
64:BC:0C:50:F1:30,-68,-81,38488,1476521035
64:BC:0C:50:F1:30,-68,-81,38548,1476521095
64:BC:0C:50:F1:30,-68,-80,38608,1476521155
64:BC:0C:50:F1:30,-68,-81,38671,1476521218
64:BC:0C:50:F1:30,-68,-81,38731,1476521278
64:BC:0C:50:F1:30,-68,-82,38791,1476521338
64:BC:0C:50:F1:30,-68,-82,38851,1476521398
64:BC:0C:50:F1:30,-67,-82,38911,1476521458
64:BC:0C:50:F1:30,-67,-82,38975,1476521521
64:BC:0C:50:F1:30,-67,-82,39035,1476521581
64:BC:0C:50:F1:30,-67,-82,39095,1476521641
64:BC:0C:50:F1:30,-67,-82,39155,1476521701
64:BC:0C:50:F1:30,-68,-79,39215,1476521761
64:BC:0C:50:F1:30,-68,-80,39298,1476521844
64:BC:0C:50:F1:30,-68,-81,39358,1476521904
64:BC:0C:50:F1:30,-68,-81,39418,1476521964
64:BC:0C:50:F1:30,-68,-81,39478,1476522024
64:BC:0C:50:F1:30,-68,-82,39538,1476522084
64:BC:0C:50:F1:30,-67,-82,39601,1476522147
64:BC:0C:50:F1:30,-68,-82,39661,1476522207
64:BC:0C:50:F1:30,-67,-82,39721,1476522267
64:BC:0C:50:F1:30,-68,-82,39781,1476522327
64:BC:0C:50:F1:30,-68,-82,39841,1476522387
64:BC:0C:50:F1:30,-68,-79,39901,1476522447
64:BC:0C:50:F1:30,-67,-80,39961,1476522507
64:BC:0C:50:F1:30,-67,-81,40021,1476522567
64:BC:0C:50:F1:30,-68,-80,40081,1476522627
64:BC:0C:50:F1:30,-68,-81,40144,1476522691
64:BC:0C:50:F1:30,-68,-82,40204,1476522751
64:BC:0C:50:F1:30,-68,-82,40264,1476522811
64:BC:0C:50:F1:30,-68,-82,40324,1476522871
64:BC:0C:50:F1:30,-67,-82,40384,1476522931
64:BC:0C:50:F1:30,-67,-82,40447,1476522994
64:BC:0C:50:F1:30,-67,-82,40507,1476523054
64:BC:0C:50:F1:30,-68,-81,40567,1476523114
64:BC:0C:50:F1:30,-68,-81,40627,1476523174
64:BC:0C:50:F1:30,-68,-81,40687,1476523234
64:BC:0C:50:F1:30,-67,-82,40750,1476523297
64:BC:0C:50:F1:30,-68,-79,40810,1476523357
64:BC:0C:50:F1:30,-68,-80,40870,1476523417
64:BC:0C:50:F1:30,-68,-80,40930,1476523477
64:BC:0C:50:F1:30,-68,-81,40991,1476523537
64:BC:0C:50:F1:30,-68,-81,41082,1476523628
64:BC:0C:50:F1:30,-68,-81,41142,1476523688
64:BC:0C:50:F1:30,-68,-81,41202,1476523748
64:BC:0C:50:F1:30,-68,-81,41262,1476523808
64:BC:0C:50:F1:30,-68,-81,41322,1476523868
64:BC:0C:50:F1:30,-68,-81,41385,1476523932
64:BC:0C:50:F1:30,-68,-79,41445,1476523992
64:BC:0C:50:F1:30,-68,-80,41505,1476524052
64:BC:0C:50:F1:30,-68,-81,41565,1476524112
64:BC:0C:50:F1:30,-68,-81,41625,1476524172
64:BC:0C:50:F1:30,-68,-81,41685,1476524232
64:BC:0C:50:F1:30,-68,-82,41745,1476524292
64:BC:0C:50:F1:30,-68,-80,41805,1476524352
64:BC:0C:50:F1:30,-68,-81,41865,1476524412
64:BC:0C:50:F1:30,-68,-81,41928,1476524475
64:BC:0C:50:F1:30,-68,-81,41988,1476524535
64:BC:0C:50:F1:30,-68,-81,42048,1476524595
64:BC:0C:50:F1:30,-68,-82,42108,1476524655
64:BC:0C:50:F1:30,-67,-82,42168,1476524715
64:BC:0C:50:F1:30,-67,-82,42232,1476524778
64:BC:0C:50:F1:30,-68,-80,42292,1476524838
64:BC:0C:50:F1:30,-68,-80,42352,1476524898
64:BC:0C:50:F1:30,-68,-81,42412,1476524958
64:BC:0C:50:F1:30,-68,-81,42472,1476525018
64:BC:0C:50:F1:30,-68,-79,42565,1476525111
64:BC:0C:50:F1:30,-68,-80,42625,1476525171
64:BC:0C:50:F1:30,-68,-78,42685,1476525231
64:BC:0C:50:F1:30,-68,-81,42745,1476525291
64:BC:0C:50:F1:30,-68,-81,42805,1476525351
64:BC:0C:50:F1:30,-68,-80,42868,1476525414
64:BC:0C:50:F1:30,-68,-79,42928,1476525474
64:BC:0C:50:F1:30,-68,-81,42988,1476525534
64:BC:0C:50:F1:30,-68,-80,43048,1476525594
64:BC:0C:50:F1:30,-68,-81,43108,1476525654
64:BC:0C:50:F1:30,-68,-82,43171,1476525718
64:BC:0C:50:F1:30,-68,-79,43231,1476525778
64:BC:0C:50:F1:30,-68,-80,43291,1476525838
64:BC:0C:50:F1:30,-68,-81,43351,1476525898
64:BC:0C:50:F1:30,-68,-80,43411,1476525958
64:BC:0C:50:F1:30,-68,-79,43471,1476526018
64:BC:0C:50:F1:30,-68,-80,43531,1476526078
64:BC:0C:50:F1:30,-68,-80,43591,1476526138
64:BC:0C:50:F1:30,-67,-81,43651,1476526198
64:BC:0C:50:F1:30,-68,-80,43715,1476526261
64:BC:0C:50:F1:30,-68,-81,43775,1476526321
64:BC:0C:50:F1:30,-68,-81,43835,1476526381
64:BC:0C:50:F1:30,-68,-81,43895,1476526441
64:BC:0C:50:F1:30,-68,-81,43955,1476526501
64:BC:0C:50:F1:30,-68,-82,44018,1476526564
64:BC:0C:50:F1:30,-68,-81,44078,1476526624
64:BC:0C:50:F1:30,-68,-81,44138,1476526684
64:BC:0C:50:F1:30,-68,-81,44198,1476526744
64:BC:0C:50:F1:30,-68,-82,44258,1476526804
64:BC:0C:50:F1:30,-68,-81,44349,1476526896
64:BC:0C:50:F1:30,-68,-81,44409,1476526956
64:BC:0C:50:F1:30,-68,-81,44469,1476527016
64:BC:0C:50:F1:30,-68,-81,44529,1476527076
64:BC:0C:50:F1:30,-68,-79,44589,1476527136
64:BC:0C:50:F1:30,-68,-80,44653,1476527199
64:BC:0C:50:F1:30,-68,-81,44713,1476527259
64:BC:0C:50:F1:30,-68,-80,44773,1476527319
64:BC:0C:50:F1:30,-68,-81,44833,1476527379
64:BC:0C:50:F1:30,-68,-79,44893,1476527439
64:BC:0C:50:F1:30,-68,-80,44956,1476527502
64:BC:0C:50:F1:30,-68,-81,45016,1476527562
64:BC:0C:50:F1:30,-68,-81,45076,1476527622
64:BC:0C:50:F1:30,-68,-81,45136,1476527682
64:BC:0C:50:F1:30,-68,-81,45196,1476527742
64:BC:0C:50:F1:30,-68,-81,45256,1476527802
64:BC:0C:50:F1:30,-68,-80,45316,1476527862
64:BC:0C:50:F1:30,-68,-81,45376,1476527922
64:BC:0C:50:F1:30,-67,-81,45436,1476527982
64:BC:0C:50:F1:30,-67,-81,45499,1476528045
64:BC:0C:50:F1:30,-68,-80,45559,1476528105
64:BC:0C:50:F1:30,-68,-80,45619,1476528165
64:BC:0C:50:F1:30,-68,-81,45679,1476528225
64:BC:0C:50:F1:30,-68,-81,45739,1476528285
64:BC:0C:50:F1:30,-68,-81,45802,1476528348
64:BC:0C:50:F1:30,-68,-81,45862,1476528408
64:BC:0C:50:F1:30,-68,-82,45922,1476528468
64:BC:0C:50:F1:30,-68,-80,45982,1476528528
64:BC:0C:50:F1:30,-68,-81,46042,1476528588
64:BC:0C:50:F1:30,-68,-81,46139,1476528685
64:BC:0C:50:F1:30,-68,-82,46199,1476528745
64:BC:0C:50:F1:30,-68,-81,46259,1476528805
64:BC:0C:50:F1:30,-68,-82,46319,1476528865
64:BC:0C:50:F1:30,-67,-82,46379,1476528925
64:BC:0C:50:F1:30,-68,-78,46442,1476528988
64:BC:0C:50:F1:30,-68,-80,46502,1476529048
64:BC:0C:50:F1:30,-68,-80,46562,1476529108
64:BC:0C:50:F1:30,-68,-81,46622,1476529168
64:BC:0C:50:F1:30,-68,-80,46682,1476529228
64:BC:0C:50:F1:30,-68,-78,46745,1476529291
64:BC:0C:50:F1:30,-68,-79,46805,1476529351
64:BC:0C:50:F1:30,-68,-80,46865,1476529411
64:BC:0C:50:F1:30,-68,-79,46925,1476529471
64:BC:0C:50:F1:30,-68,-81,46985,1476529531
64:BC:0C:50:F1:30,-68,-81,47045,1476529591
64:BC:0C:50:F1:30,-68,-81,47105,1476529651
64:BC:0C:50:F1:30,-68,-77,47165,1476529711
64:BC:0C:50:F1:30,-68,-81,47225,1476529771
64:BC:0C:50:F1:30,-68,-81,47288,1476529834
64:BC:0C:50:F1:30,-68,-82,47348,1476529894
64:BC:0C:50:F1:30,-68,-80,47408,1476529954
64:BC:0C:50:F1:30,-68,-81,47468,1476530014
64:BC:0C:50:F1:30,-68,-77,47528,1476530074
64:BC:0C:50:F1:30,-68,-81,47621,1476530167
64:BC:0C:50:F1:30,-68,-82,47681,1476530227
64:BC:0C:50:F1:30,-68,-78,47741,1476530287
64:BC:0C:50:F1:30,-68,-80,47801,1476530347
64:BC:0C:50:F1:30,-68,-81,47861,1476530407
64:BC:0C:50:F1:30,-68,-81,47924,1476530470
64:BC:0C:50:F1:30,-68,-81,47984,1476530530
64:BC:0C:50:F1:30,-68,-79,48044,1476530590
64:BC:0C:50:F1:30,-68,-80,48104,1476530650
64:BC:0C:50:F1:30,-68,-81,48164,1476530710
64:BC:0C:50:F1:30,-68,-82,48227,1476530773
64:BC:0C:50:F1:30,-68,-82,48287,1476530833
64:BC:0C:50:F1:30,-67,-82,48347,1476530893
64:BC:0C:50:F1:30,-68,-81,48407,1476530953
64:BC:0C:50:F1:30,-68,-82,48467,1476531013
64:BC:0C:50:F1:30,-68,-81,48530,1476531076
64:BC:0C:50:F1:30,-68,-82,48590,1476531136
64:BC:0C:50:F1:30,-68,-80,48650,1476531196
64:BC:0C:50:F1:30,-68,-81,48710,1476531256
64:BC:0C:50:F1:30,-68,-81,48770,1476531316
64:BC:0C:50:F1:30,-68,-81,48830,1476531376
64:BC:0C:50:F1:30,-68,-81,48890,1476531436
64:BC:0C:50:F1:30,-68,-81,48950,1476531496
64:BC:0C:50:F1:30,-68,-81,49010,1476531556
64:BC:0C:50:F1:30,-68,-82,49073,1476531619
64:BC:0C:50:F1:30,-68,-82,49133,1476531679
64:BC:0C:50:F1:30,-68,-81,49193,1476531739
64:BC:0C:50:F1:30,-68,-81,49253,1476531799
64:BC:0C:50:F1:30,-68,-81,49313,1476531859
64:BC:0C:50:F1:30,-68,-80,49410,1476531956
64:BC:0C:50:F1:30,-68,-80,49470,1476532016
64:BC:0C:50:F1:30,-68,-81,49530,1476532076
64:BC:0C:50:F1:30,-68,-81,49590,1476532136
64:BC:0C:50:F1:30,-68,-81,49650,1476532196
64:BC:0C:50:F1:30,-68,-81,49713,1476532259
64:BC:0C:50:F1:30,-68,-81,49773,1476532319
64:BC:0C:50:F1:30,-68,-81,49833,1476532379
64:BC:0C:50:F1:30,-68,-80,49893,1476532439
64:BC:0C:50:F1:30,-68,-79,49953,1476532499
64:BC:0C:50:F1:30,-68,-80,50016,1476532562
64:BC:0C:50:F1:30,-68,-81,50076,1476532622
64:BC:0C:50:F1:30,-67,-81,50136,1476532682
64:BC:0C:50:F1:30,-68,-80,50196,1476532742
64:BC:0C:50:F1:30,-68,-80,50256,1476532802
64:BC:0C:50:F1:30,-68,-81,50319,1476532865
64:BC:0C:50:F1:30,-68,-82,50379,1476532925
64:BC:0C:50:F1:30,-68,-82,50439,1476532985
64:BC:0C:50:F1:30,-68,-80,50499,1476533045
64:BC:0C:50:F1:30,-68,-81,50559,1476533105
64:BC:0C:50:F1:30,-68,-82,50619,1476533165
64:BC:0C:50:F1:30,-68,-79,50679,1476533225
64:BC:0C:50:F1:30,-68,-80,50739,1476533285
64:BC:0C:50:F1:30,-68,-80,50799,1476533345
64:BC:0C:50:F1:30,-68,-81,50862,1476533408
64:BC:0C:50:F1:30,-68,-81,50922,1476533468
64:BC:0C:50:F1:30,-68,-81,50982,1476533528
64:BC:0C:50:F1:30,-68,-79,51042,1476533588
64:BC:0C:50:F1:30,-68,-80,51102,1476533648
64:BC:0C:50:F1:30,-68,-82,51196,1476533742
64:BC:0C:50:F1:30,-68,-82,51256,1476533802
64:BC:0C:50:F1:30,-68,-80,51316,1476533862
64:BC:0C:50:F1:30,-68,-80,51376,1476533922
64:BC:0C:50:F1:30,-68,-80,51436,1476533982
64:BC:0C:50:F1:30,-68,-81,51499,1476534045
64:BC:0C:50:F1:30,-67,-81,51559,1476534105
64:BC:0C:50:F1:30,-68,-80,51619,1476534165
64:BC:0C:50:F1:30,-68,-80,51679,1476534225
64:BC:0C:50:F1:30,-68,-81,51739,1476534285
64:BC:0C:50:F1:30,-68,-81,51802,1476534348
64:BC:0C:50:F1:30,-68,-81,51862,1476534408
64:BC:0C:50:F1:30,-67,-80,51922,1476534468
64:BC:0C:50:F1:30,-68,-80,51982,1476534528
64:BC:0C:50:F1:30,-68,-81,52042,1476534588
Client_MAC,Rssi0,Rssi1,Connection_Time,EpocTime
64:BC:0C:50:F1:30,-68,-81,52106,1476534652
64:BC:0C:50:F1:30,-68,-78,52166,1476534712
64:BC:0C:50:F1:30,-68,-80,52226,1476534772
64:BC:0C:50:F1:30,-68,-81,52286,1476534832
64:BC:0C:50:F1:30,-68,-80,52346,1476534892
64:BC:0C:50:F1:30,-68,-80,52406,1476534952
64:BC:0C:50:F1:30,-68,-80,52466,1476535012
64:BC:0C:50:F1:30,-68,-81,52526,1476535072
64:BC:0C:50:F1:30,-68,-81,52586,1476535132
64:BC:0C:50:F1:30,-68,-80,52649,1476535195
64:BC:0C:50:F1:30,-68,-79,52709,1476535255
64:BC:0C:50:F1:30,-68,-80,52769,1476535315
64:BC:0C:50:F1:30,-68,-80,52829,1476535375
64:BC:0C:50:F1:30,-68,-81,52889,1476535435
64:BC:0C:50:F1:30,-68,-81,52952,1476535498
64:BC:0C:50:F1:30,-68,-81,53012,1476535558
64:BC:0C:50:F1:30,-68,-81,53072,1476535618
64:BC:0C:50:F1:30,-68,-81,53132,1476535678
64:BC:0C:50:F1:30,-69,-80,53192,1476535738
64:BC:0C:50:F1:30,-68,-79,53255,1476535801
64:BC:0C:50:F1:30,-69,-79,53315,1476535861
64:BC:0C:50:F1:30,-69,-79,53375,1476535921
64:BC:0C:50:F1:30,-68,-79,53435,1476535981
64:BC:0C:50:F1:30,-71,-81,53495,1476536041
64:BC:0C:50:F1:30,-70,-81,53558,1476536104
64:BC:0C:50:F1:30,-70,-82,53618,1476536164
64:BC:0C:50:F1:30,-69,-80,53678,1476536224
64:BC:0C:50:F1:30,-68,-82,53738,1476536284
64:BC:0C:50:F1:30,-70,-81,53798,1476536345
64:BC:0C:50:F1:30,-70,-81,53861,1476536408
64:BC:0C:50:F1:30,-70,-82,53921,1476536468
64:BC:0C:50:F1:30,-70,-82,53981,1476536528
64:BC:0C:50:F1:30,-70,-81,54041,1476536588
64:BC:0C:50:F1:30,-73,-78,54108,1476536654
64:BC:0C:50:F1:30,-73,-78,54168,1476536714
64:BC:0C:50:F1:30,-72,-78,54228,1476536774
64:BC:0C:50:F1:30,-72,-73,54288,1476536834
64:BC:0C:50:F1:30,-72,-77,54348,1476536894
64:BC:0C:50:F1:30,-75,-77,54440,1476536986
64:BC:0C:50:F1:30,-72,-78,54500,1476537046
64:BC:0C:50:F1:30,-71,-79,54560,1476537106
64:BC:0C:50:F1:30,-71,-79,54620,1476537166
64:BC:0C:50:F1:30,-70,-78,54680,1476537226
64:BC:0C:50:F1:30,-71,-78,54743,1476537289
64:BC:0C:50:F1:30,-70,-77,54803,1476537349
64:BC:0C:50:F1:30,-71,-77,54863,1476537409
64:BC:0C:50:F1:30,-71,-77,54923,1476537469
64:BC:0C:50:F1:30,-71,-78,54983,1476537529
64:BC:0C:50:F1:30,-71,-78,55046,1476537592
64:BC:0C:50:F1:30,-73,-74,55106,1476537652
64:BC:0C:50:F1:30,-74,-78,55166,1476537712
64:BC:0C:50:F1:30,-75,-76,55226,1476537772
64:BC:0C:50:F1:30,-74,-79,55286,1476537832
64:BC:0C:50:F1:30,-75,-79,55349,1476537895
64:BC:0C:50:F1:30,-76,-80,55409,1476537955
64:BC:0C:50:F1:30,-75,-77,55469,1476538015
64:BC:0C:50:F1:30,-73,-75,55529,1476538075
64:BC:0C:50:F1:30,-73,-77,55589,1476538135
64:BC:0C:50:F1:30,-73,-76,55652,1476538198
64:BC:0C:50:F1:30,-74,-76,55712,1476538258
64:BC:0C:50:F1:30,-73,-75,55772,1476538318
64:BC:0C:50:F1:30,-74,-78,55832,1476538378
64:BC:0C:50:F1:30,-73,-77,55898,1476538444
64:BC:0C:50:F1:30,-73,-75,55958,1476538504
64:BC:0C:50:F1:30,-72,-75,56018,1476538564
64:BC:0C:50:F1:30,-72,-73,56078,1476538624
64:BC:0C:50:F1:30,-72,-74,56138,1476538684
64:BC:0C:50:F1:30,-73,-75,56233,1476538779
64:BC:0C:50:F1:30,-74,-75,56293,1476538839
64:BC:0C:50:F1:30,-76,-75,56353,1476538899
64:BC:0C:50:F1:30,-75,-75,56413,1476538959
64:BC:0C:50:F1:30,-74,-74,56473,1476539019
64:BC:0C:50:F1:30,-75,-75,56536,1476539082
64:BC:0C:50:F1:30,-75,-76,56596,1476539142
64:BC:0C:50:F1:30,-75,-76,56656,1476539202
64:BC:0C:50:F1:30,-74,-75,56716,1476539262
64:BC:0C:50:F1:30,-72,-74,56776,1476539322
64:BC:0C:50:F1:30,-72,-75,56839,1476539385
64:BC:0C:50:F1:30,-72,-74,56899,1476539445
64:BC:0C:50:F1:30,-73,-76,56959,1476539505
64:BC:0C:50:F1:30,-74,-78,57019,1476539565
64:BC:0C:50:F1:30,-74,-79,57079,1476539625
64:BC:0C:50:F1:30,-74,-78,57142,1476539688
64:BC:0C:50:F1:30,-75,-78,57202,1476539748
64:BC:0C:50:F1:30,-73,-78,57262,1476539808
64:BC:0C:50:F1:30,-74,-78,57322,1476539868
64:BC:0C:50:F1:30,-75,-79,57382,1476539928
64:BC:0C:50:F1:30,-74,-78,57445,1476539992
64:BC:0C:50:F1:30,-74,-79,57505,1476540052
64:BC:0C:50:F1:30,-72,-78,57565,1476540112
64:BC:0C:50:F1:30,-73,-78,57625,1476540172
64:BC:0C:50:F1:30,-74,-78,57685,1476540232
64:BC:0C:50:F1:30,-73,-78,57745,1476540292
64:BC:0C:50:F1:30,-74,-79,57805,1476540352
64:BC:0C:50:F1:30,-74,-79,57865,1476540412
64:BC:0C:50:F1:30,-73,-77,57925,1476540472
64:BC:0C:50:F1:30,-74,-79,58019,1476540565
64:BC:0C:50:F1:30,-74,-78,58079,1476540625
64:BC:0C:50:F1:30,-74,-79,58139,1476540685
64:BC:0C:50:F1:30,-73,-78,58199,1476540745
64:BC:0C:50:F1:30,-74,-79,58259,1476540805
64:BC:0C:50:F1:30,-74,-79,58322,1476540868
64:BC:0C:50:F1:30,-75,-79,58382,1476540928
64:BC:0C:50:F1:30,-75,-79,58442,1476540988
64:BC:0C:50:F1:30,-73,-78,58502,1476541048
64:BC:0C:50:F1:30,-74,-78,58562,1476541108
64:BC:0C:50:F1:30,-75,-79,58625,1476541171
64:BC:0C:50:F1:30,-75,-79,58685,1476541231
64:BC:0C:50:F1:30,-74,-79,58745,1476541291
64:BC:0C:50:F1:30,-74,-79,58805,1476541351
64:BC:0C:50:F1:30,-74,-78,58865,1476541411
64:BC:0C:50:F1:30,-75,-79,58928,1476541474
64:BC:0C:50:F1:30,-74,-79,58988,1476541534
64:BC:0C:50:F1:30,-74,-79,59048,1476541594
64:BC:0C:50:F1:30,-75,-79,59108,1476541654
64:BC:0C:50:F1:30,-75,-79,59168,1476541714
64:BC:0C:50:F1:30,-75,-79,59231,1476541777
64:BC:0C:50:F1:30,-74,-79,59291,1476541837
64:BC:0C:50:F1:30,-74,-79,59351,1476541897
64:BC:0C:50:F1:30,-75,-79,59411,1476541957
64:BC:0C:50:F1:30,-75,-79,59471,1476542017
64:BC:0C:50:F1:30,-75,-79,59531,1476542077
64:BC:0C:50:F1:30,-75,-79,59591,1476542137
64:BC:0C:50:F1:30,-75,-79,59651,1476542197
64:BC:0C:50:F1:30,-75,-79,59711,1476542257
64:BC:0C:50:F1:30,-75,-79,59774,1476542320
64:BC:0C:50:F1:30,-75,-79,59834,1476542380
64:BC:0C:50:F1:30,-73,-77,59894,1476542440
64:BC:0C:50:F1:30,-73,-77,59954,1476542500
64:BC:0C:50:F1:30,-74,-78,60014,1476542560
64:BC:0C:50:F1:30,-74,-78,60077,1476542624
64:BC:0C:50:F1:30,-74,-79,60137,1476542684
64:BC:0C:50:F1:30,-74,-78,60197,1476542744
64:BC:0C:50:F1:30,-74,-79,60257,1476542804
64:BC:0C:50:F1:30,-73,-78,60317,1476542864
64:BC:0C:50:F1:30,-73,-78,60380,1476542927
64:BC:0C:50:F1:30,-73,-78,60440,1476542987
64:BC:0C:50:F1:30,-74,-78,60500,1476543047
64:BC:0C:50:F1:30,-74,-79,60560,1476543107
64:BC:0C:50:F1:30,-73,-78,60620,1476543167
64:BC:0C:50:F1:30,-73,-78,60684,1476543230
64:BC:0C:50:F1:30,-73,-78,60744,1476543290
64:BC:0C:50:F1:30,-74,-78,60804,1476543350
64:BC:0C:50:F1:30,-73,-77,60864,1476543410
64:BC:0C:50:F1:30,-73,-78,60924,1476543470
64:BC:0C:50:F1:30,-72,-78,60987,1476543533
64:BC:0C:50:F1:30,-73,-77,61047,1476543593
64:BC:0C:50:F1:30,-72,-78,61107,1476543653
64:BC:0C:50:F1:30,-72,-78,61167,1476543713
64:BC:0C:50:F1:30,-73,-77,61227,1476543773
64:BC:0C:50:F1:30,-73,-77,61287,1476543833
64:BC:0C:50:F1:30,-73,-77,61347,1476543893
64:BC:0C:50:F1:30,-74,-77,61407,1476543953
64:BC:0C:50:F1:30,-74,-77,61467,1476544013
64:BC:0C:50:F1:30,-74,-77,61530,1476544076
64:BC:0C:50:F1:30,-74,-77,61590,1476544136
64:BC:0C:50:F1:30,-74,-77,61650,1476544196
64:BC:0C:50:F1:30,-73,-78,61710,1476544256
64:BC:0C:50:F1:30,-74,-77,61770,1476544316
64:BC:0C:50:F1:30,-73,-77,61833,1476544379
64:BC:0C:50:F1:30,-73,-77,61892,1476544439
64:BC:0C:50:F1:30,-74,-77,61952,1476544499
64:BC:0C:50:F1:30,-74,-77,62012,1476544559
64:BC:0C:50:F1:30,-74,-78,62072,1476544619
64:BC:0C:50:F1:30,-74,-79,62135,1476544682
64:BC:0C:50:F1:30,-68,-77,62195,1476544742
64:BC:0C:50:F1:30,-77,-76,62255,1476544802
64:BC:0C:50:F1:30,-75,-74,62315,1476544862
64:BC:0C:50:F1:30,-75,-74,62376,1476544922
64:BC:0C:50:F1:30,-77,-75,62468,1476545015
64:BC:0C:50:F1:30,-76,-76,62528,1476545075
64:BC:0C:50:F1:30,-78,-75,62588,1476545135
64:BC:0C:50:F1:30,-78,-75,62648,1476545195
64:BC:0C:50:F1:30,-77,-75,62708,1476545255
64:BC:0C:50:F1:30,-77,-75,62771,1476545318
64:BC:0C:50:F1:30,-77,-75,62832,1476545378
64:BC:0C:50:F1:30,-77,-75,62892,1476545438
64:BC:0C:50:F1:30,-77,-75,62952,1476545498
64:BC:0C:50:F1:30,-77,-75,63012,1476545558
64:BC:0C:50:F1:30,-77,-75,63072,1476545618
64:BC:0C:50:F1:30,-77,-75,63132,1476545678
64:BC:0C:50:F1:30,-77,-75,63192,1476545738
64:BC:0C:50:F1:30,-77,-75,63252,1476545798
64:BC:0C:50:F1:30,-76,-74,63315,1476545861
64:BC:0C:50:F1:30,-75,-74,63375,1476545921
64:BC:0C:50:F1:30,-76,-75,63435,1476545981
64:BC:0C:50:F1:30,-76,-75,63495,1476546041
64:BC:0C:50:F1:30,-76,-75,63555,1476546101
64:BC:0C:50:F1:30,-75,-74,63648,1476546195
64:BC:0C:50:F1:30,-76,-74,63709,1476546255
64:BC:0C:50:F1:30,-76,-76,63769,1476546315
64:BC:0C:50:F1:30,-76,-76,63829,1476546375
64:BC:0C:50:F1:30,-75,-77,63889,1476546435
64:BC:0C:50:F1:30,-75,-77,63952,1476546498
64:BC:0C:50:F1:30,-75,-78,64012,1476546558
64:BC:0C:50:F1:30,-74,-79,64072,1476546618
64:BC:0C:50:F1:30,-74,-78,64132,1476546678
64:BC:0C:50:F1:30,-66,-80,64192,1476546738
64:BC:0C:50:F1:30,-67,-79,64255,1476546801
64:BC:0C:50:F1:30,-70,-77,64315,1476546861
64:BC:0C:50:F1:30,-73,-78,64375,1476546921
64:BC:0C:50:F1:30,-71,-77,64435,1476546981
64:BC:0C:50:F1:30,-71,-77,64495,1476547041
64:BC:0C:50:F1:30,-72,-77,64558,1476547104
64:BC:0C:50:F1:30,-72,-76,64618,1476547164
64:BC:0C:50:F1:30,-68,-76,64678,1476547224
64:BC:0C:50:F1:30,-68,-75,64738,1476547284
64:BC:0C:50:F1:30,-67,-75,64798,1476547344
64:BC:0C:50:F1:30,-67,-75,64858,1476547404
64:BC:0C:50:F1:30,-68,-75,64918,1476547464
64:BC:0C:50:F1:30,-67,-75,64978,1476547524
64:BC:0C:50:F1:30,-67,-74,65038,1476547584
64:BC:0C:50:F1:30,-68,-75,65101,1476547647
64:BC:0C:50:F1:30,-68,-75,65161,1476547707
64:BC:0C:50:F1:30,-68,-75,65221,1476547767
64:BC:0C:50:F1:30,-68,-75,65281,1476547827
64:BC:0C:50:F1:30,-68,-75,65341,1476547887
64:BC:0C:50:F1:30,-68,-75,65404,1476547950
64:BC:0C:50:F1:30,-68,-74,65464,1476548010
64:BC:0C:50:F1:30,-68,-74,65524,1476548070
64:BC:0C:50:F1:30,-68,-74,65584,1476548130
64:BC:0C:50:F1:30,-68,-75,65644,1476548190
64:BC:0C:50:F1:30,-68,-75,65707,1476548254
64:BC:0C:50:F1:30,-67,-74,65767,1476548314
64:BC:0C:50:F1:30,-68,-75,65827,1476548374
64:BC:0C:50:F1:30,-69,-76,65887,1476548434
64:BC:0C:50:F1:30,-68,-75,65947,1476548494
64:BC:0C:50:F1:30,-67,-75,66010,1476548557
64:BC:0C:50:F1:30,-67,-75,66070,1476548617
64:BC:0C:50:F1:30,-67,-75,66130,1476548677
64:BC:0C:50:F1:30,-69,-77,66190,1476548737
64:BC:0C:50:F1:30,-69,-78,66250,1476548797
Client_MAC,Rssi0,Rssi1,Connection_Time,EpocTIME
AC:CF:85:28:94:E2,-83,-87,37,1476482303
64:BC:0C:50:F1:30,-88,-90,5,1476482303
AC:CF:85:28:94:E2,-82,-85,97,1476482363
64:BC:0C:50:F1:30,-85,-90,65,1476482363
AC:CF:85:28:94:E2,-85,-87,157,1476482423
64:BC:0C:50:F1:30,-81,-89,125,1476482423
AC:CF:85:28:94:E2,-85,-87,217,1476482483
64:BC:0C:50:F1:30,-83,-89,185,1476482483
AC:CF:85:28:94:E2,-81,-87,277,1476482543
64:BC:0C:50:F1:30,-87,-90,245,1476482543
AC:CF:85:28:94:E2,-76,-84,340,1476482606
64:BC:0C:50:F1:30,-83,-88,59,1476482606
AC:CF:85:28:94:E2,-61,-62,400,1476482666
64:BC:0C:50:F1:30,-73,-77,119,1476482666
AC:CF:85:28:94:E2,-56,-60,460,1476482726
64:BC:0C:50:F1:30,-71,-75,179,1476482726
AC:CF:85:28:94:E2,-57,-61,520,1476482786
64:BC:0C:50:F1:30,-71,-75,239,1476482786
AC:CF:85:28:94:E2,-58,-62,580,1476482846
64:BC:0C:50:F1:30,-72,-76,299,1476482846
AC:CF:85:28:94:E2,-56,-61,643,1476482909
64:BC:0C:50:F1:30,-71,-76,362,1476482909
AC:CF:85:28:94:E2,-57,-63,703,1476482969
64:BC:0C:50:F1:30,-72,-77,422,1476482969
AC:CF:85:28:94:E2,-56,-62,763,1476483029
64:BC:0C:50:F1:30,-70,-82,482,1476483029
AC:CF:85:28:94:E2,-59,-66,823,1476483089
64:BC:0C:50:F1:30,-72,-81,542,1476483089
AC:CF:85:28:94:E2,-55,-64,59,1476483155
64:BC:0C:50:F1:30,-72,-81,609,1476483155
AC:CF:85:28:94:E2,-54,-66,119,1476483215
64:BC:0C:50:F1:30,-71,-80,669,1476483215
AC:CF:85:28:94:E2,-55,-60,179,1476483275
64:BC:0C:50:F1:30,-72,-81,729,1476483275
AC:CF:85:28:94:E2,-55,-58,239,1476483335
64:BC:0C:50:F1:30,-72,-81,789,1476483335
AC:CF:85:28:94:E2,-59,-63,299,1476483395
64:BC:0C:50:F1:30,-69,-82,849,1476483395
AC:CF:85:28:94:E2,-57,-62,362,1476483458
64:BC:0C:50:F1:30,-70,-81,912,1476483458
AC:CF:85:28:94:E2,-56,-61,422,1476483518
64:BC:0C:50:F1:30,-75,-83,972,1476483518
AC:CF:85:28:94:E2,-56,-60,482,1476483578
64:BC:0C:50:F1:30,-74,-83,1032,1476483578
AC:CF:85:28:94:E2,-54,-58,542,1476483638
64:BC:0C:50:F1:30,-76,-82,1092,1476483638
AC:CF:85:28:94:E2,-53,-58,602,1476483698
64:BC:0C:50:F1:30,-74,-79,1152,1476483698
AC:CF:85:28:94:E2,-58,-63,665,1476483761
64:BC:0C:50:F1:30,-73,-79,1215,1476483761
AC:CF:85:28:94:E2,-56,-60,725,1476483821
64:BC:0C:50:F1:30,-75,-79,1275,1476483821
AC:CF:85:28:94:E2,-57,-60,785,1476483881
64:BC:0C:50:F1:30,-74,-78,1335,1476483881
AC:CF:85:28:94:E2,-56,-60,845,1476483941
64:BC:0C:50:F1:30,-74,-77,1395,1476483941
AC:CF:85:28:94:E2,-56,-60,905,1476484001
64:BC:0C:50:F1:30,-75,-74,1455,1476484001
AC:CF:85:28:94:E2,-58,-63,968,1476484064
64:BC:0C:50:F1:30,-74,-76,1518,1476484064
AC:CF:85:28:94:E2,-61,-65,1028,1476484124
64:BC:0C:50:F1:30,-71,-78,1578,1476484124
AC:CF:85:28:94:E2,-61,-67,1088,1476484184
64:BC:0C:50:F1:30,-71,-78,1638,1476484184
AC:CF:85:28:94:E2,-64,-66,1148,1476484244
64:BC:0C:50:F1:30,-70,-77,1698,1476484244
AC:CF:85:28:94:E2,-61,-70,1208,1476484304
64:BC:0C:50:F1:30,-71,-77,1758,1476484304
AC:CF:85:28:94:E2,-64,-74,1271,1476484367
64:BC:0C:50:F1:30,-71,-78,1821,1476484367
AC:CF:85:28:94:E2,-63,-72,1331,1476484427
64:BC:0C:50:F1:30,-70,-78,1881,1476484427
AC:CF:85:28:94:E2,-64,-68,1391,1476484487
64:BC:0C:50:F1:30,-70,-77,1941,1476484487
AC:CF:85:28:94:E2,-63,-68,1451,1476484547
64:BC:0C:50:F1:30,-69,-78,2001,1476484547
AC:CF:85:28:94:E2,-64,-68,1511,1476484607
64:BC:0C:50:F1:30,-70,-78,2061,1476484607
AC:CF:85:28:94:E2,-66,-71,1605,1476484701
64:BC:0C:50:F1:30,-69,-79,2155,1476484701
AC:CF:85:28:94:E2,-67,-70,1665,1476484761
64:BC:0C:50:F1:30,-66,-79,2215,1476484761
AC:CF:85:28:94:E2,-67,-69,1725,1476484821
64:BC:0C:50:F1:30,-66,-79,2275,1476484821
AC:CF:85:28:94:E2,-67,-68,1785,1476484881
64:BC:0C:50:F1:30,-66,-80,2335,1476484881
AC:CF:85:28:94:E2,-65,-66,1851,1476484948
64:BC:0C:50:F1:30,-67,-83,2401,1476484948
AC:CF:85:28:94:E2,-63,-64,1911,1476485008
64:BC:0C:50:F1:30,-66,-83,2461,1476485008
AC:CF:85:28:94:E2,-59,-64,1971,1476485068
64:BC:0C:50:F1:30,-66,-83,2521,1476485068
AC:CF:85:28:94:E2,-60,-64,2031,1476485128
64:BC:0C:50:F1:30,-66,-79,2581,1476485128
AC:CF:85:28:94:E2,-65,-65,2091,1476485188
64:BC:0C:50:F1:30,-68,-81,2641,1476485188
AC:CF:85:28:94:E2,-64,-63,2154,1476485251
64:BC:0C:50:F1:30,-67,-81,2704,1476485251
AC:CF:85:28:94:E2,-66,-62,2214,1476485311
64:BC:0C:50:F1:30,-67,-82,2764,1476485311
AC:CF:85:28:94:E2,-68,-61,2274,1476485371
64:BC:0C:50:F1:30,-70,-79,2824,1476485371
AC:CF:85:28:94:E2,-67,-60,2334,1476485431
64:BC:0C:50:F1:30,-66,-78,2884,1476485431
AC:CF:85:28:94:E2,-61,-74,2394,1476485491
64:BC:0C:50:F1:30,-67,-77,2944,1476485491
AC:CF:85:28:94:E2,-66,-73,2457,1476485554
64:BC:0C:50:F1:30,-66,-77,3007,1476485554
AC:CF:85:28:94:E2,-66,-73,2517,1476485614
64:BC:0C:50:F1:30,-66,-78,3067,1476485614
AC:CF:85:28:94:E2,-64,-71,2577,1476485674
64:BC:0C:50:F1:30,-66,-79,3127,1476485674
AC:CF:85:28:94:E2,-63,-71,2637,1476485734
64:BC:0C:50:F1:30,-67,-79,3187,1476485734
AC:CF:85:28:94:E2,-63,-70,2697,1476485794
64:BC:0C:50:F1:30,-67,-78,3247,1476485794
AC:CF:85:28:94:E2,-62,-70,2760,1476485857
64:BC:0C:50:F1:30,-66,-78,3310,1476485857
AC:CF:85:28:94:E2,-67,-70,2820,1476485917
64:BC:0C:50:F1:30,-67,-78,3370,1476485917
AC:CF:85:28:94:E2,-69,-73,2880,1476485977
64:BC:0C:50:F1:30,-67,-78,3430,1476485977
AC:CF:85:28:94:E2,-66,-73,2940,1476486037
64:BC:0C:50:F1:30,-67,-78,3490,1476486037
AC:CF:85:28:94:E2,-65,-74,3000,1476486097
64:BC:0C:50:F1:30,-67,-78,3550,1476486097
AC:CF:85:28:94:E2,-66,-73,3096,1476486192
64:BC:0C:50:F1:30,-72,-75,3646,1476486192
AC:CF:85:28:94:E2,-65,-72,3156,1476486252
64:BC:0C:50:F1:30,-76,-78,3706,1476486252
AC:CF:85:28:94:E2,-67,-71,3216,1476486312
64:BC:0C:50:F1:30,-69,-80,3766,1476486312
AC:CF:85:28:94:E2,-63,-70,3276,1476486372
64:BC:0C:50:F1:30,-69,-81,3826,1476486372
AC:CF:85:28:94:E2,-62,-73,3336,1476486432
64:BC:0C:50:F1:30,-69,-77,3886,1476486432
AC:CF:85:28:94:E2,-68,-75,3399,1476486495
64:BC:0C:50:F1:30,-69,-81,3949,1476486495
AC:CF:85:28:94:E2,-64,-70,3459,1476486555
64:BC:0C:50:F1:30,-69,-81,4009,1476486555
AC:CF:85:28:94:E2,-65,-69,3519,1476486615
64:BC:0C:50:F1:30,-69,-81,4069,1476486615
AC:CF:85:28:94:E2,-65,-76,3579,1476486675
64:BC:0C:50:F1:30,-68,-81,4129,1476486675
AC:CF:85:28:94:E2,-65,-77,3639,1476486735
64:BC:0C:50:F1:30,-68,-78,4189,1476486735
AC:CF:85:28:94:E2,-66,-71,3699,1476486795
64:BC:0C:50:F1:30,-69,-80,4249,1476486795
AC:CF:85:28:94:E2,-64,-69,3759,1476486855
64:BC:0C:50:F1:30,-68,-82,4309,1476486855
AC:CF:85:28:94:E2,-57,-65,3819,1476486915
64:BC:0C:50:F1:30,-68,-81,4369,1476486915
AC:CF:85:28:94:E2,-67,-71,3879,1476486975
64:BC:0C:50:F1:30,-68,-82,4429,1476486975
AC:CF:85:28:94:E2,-67,-71,3942,1476487038
64:BC:0C:50:F1:30,-69,-81,4492,1476487038
AC:CF:85:28:94:E2,-66,-69,4002,1476487098
64:BC:0C:50:F1:30,-69,-82,4552,1476487098
AC:CF:85:28:94:E2,-65,-72,4062,1476487158
64:BC:0C:50:F1:30,-68,-82,4612,1476487158
AC:CF:85:28:94:E2,-63,-67,4122,1476487218
64:BC:0C:50:F1:30,-68,-82,4672,1476487218
AC:CF:85:28:94:E2,-64,-71,4182,1476487278
64:BC:0C:50:F1:30,-69,-80,4732,1476487278
AC:CF:85:28:94:E2,-64,-66,4275,1476487371
64:BC:0C:50:F1:30,-68,-79,4825,1476487371
AC:CF:85:28:94:E2,-62,-66,4335,1476487431
64:BC:0C:50:F1:30,-68,-82,4885,1476487431
AC:CF:85:28:94:E2,-63,-67,4395,1476487491
64:BC:0C:50:F1:30,-68,-81,4945,1476487491
AC:CF:85:28:94:E2,-60,-67,4455,1476487551
64:BC:0C:50:F1:30,-67,-79,5005,1476487551
AC:CF:85:28:94:E2,-84,-85,4515,1476487611
64:BC:0C:50:F1:30,-68,-81,5065,1476487611
64:BC:0C:50:F1:30,-68,-82,5128,1476487674
64:BC:0C:50:F1:30,-68,-82,5188,1476487734
64:BC:0C:50:F1:30,-68,-81,5248,1476487794
64:BC:0C:50:F1:30,-68,-81,5308,1476487854
64:BC:0C:50:F1:30,-68,-82,5368,1476487914
64:BC:0C:50:F1:30,-68,-80,5431,1476487977
64:BC:0C:50:F1:30,-68,-81,5491,1476488037
64:BC:0C:50:F1:30,-68,-81,5551,1476488097
64:BC:0C:50:F1:30,-68,-81,5611,1476488157
64:BC:0C:50:F1:30,-68,-81,5671,1476488217
64:BC:0C:50:F1:30,-68,-80,5734,1476488280
64:BC:0C:50:F1:30,-68,-79,5794,1476488340
64:BC:0C:50:F1:30,-68,-79,5854,1476488400
64:BC:0C:50:F1:30,-68,-81,5914,1476488460
64:BC:0C:50:F1:30,-68,-81,5974,1476488520
64:BC:0C:50:F1:30,-68,-82,6034,1476488580
64:BC:0C:50:F1:30,-68,-81,6094,1476488640
64:BC:0C:50:F1:30,-68,-81,6154,1476488700
64:BC:0C:50:F1:30,-68,-82,6214,1476488760
64:BC:0C:50:F1:30,-68,-82,6277,1476488823
64:BC:0C:50:F1:30,-68,-80,6337,1476488883
64:BC:0C:50:F1:30,-68,-80,6397,1476488943
64:BC:0C:50:F1:30,-68,-80,6457,1476489003
64:BC:0C:50:F1:30,-68,-80,6517,1476489063
64:BC:0C:50:F1:30,-68,-80,6580,1476489126
64:BC:0C:50:F1:30,-68,-81,6640,1476489186
64:BC:0C:50:F1:30,-68,-78,6700,1476489246
64:BC:0C:50:F1:30,-67,-79,6760,1476489306
64:BC:0C:50:F1:30,-68,-80,6820,1476489366
64:BC:0C:50:F1:30,-68,-81,6883,1476489429
64:BC:0C:50:F1:30,-68,-81,6943,1476489489
64:BC:0C:50:F1:30,-68,-82,7003,1476489549
64:BC:0C:50:F1:30,-68,-80,7063,1476489609
64:BC:0C:50:F1:30,-68,-81,7123,1476489669
64:BC:0C:50:F1:30,-68,-81,7186,1476489732
64:BC:0C:50:F1:30,-68,-82,7246,1476489792
64:BC:0C:50:F1:30,-68,-81,7306,1476489852
64:BC:0C:50:F1:30,-68,-81,7366,1476489912
64:BC:0C:50:F1:30,-68,-81,7426,1476489972
64:BC:0C:50:F1:30,-68,-79,7489,1476490035
64:BC:0C:50:F1:30,-68,-80,7549,1476490095
64:BC:0C:50:F1:30,-68,-80,7609,1476490155
64:BC:0C:50:F1:30,-68,-80,7669,1476490215
64:BC:0C:50:F1:30,-68,-81,7729,1476490275
64:BC:0C:50:F1:30,-68,-80,7789,1476490335
64:BC:0C:50:F1:30,-68,-81,7849,1476490395
64:BC:0C:50:F1:30,-68,-81,7909,1476490455
64:BC:0C:50:F1:30,-68,-80,7969,1476490516
64:BC:0C:50:F1:30,-68,-80,8032,1476490579
64:BC:0C:50:F1:30,-68,-80,8092,1476490639
64:BC:0C:50:F1:30,-68,-80,8152,1476490699
64:BC:0C:50:F1:30,-68,-80,8212,1476490759
64:BC:0C:50:F1:30,-68,-81,8272,1476490819
64:BC:0C:50:F1:30,-67,-81,8367,1476490914
64:BC:0C:50:F1:30,-68,-81,8427,1476490974
64:BC:0C:50:F1:30,-68,-80,8487,1476491034
64:BC:0C:50:F1:30,-68,-80,8547,1476491094
64:BC:0C:50:F1:30,-68,-79,8607,1476491154
64:BC:0C:50:F1:30,-67,-80,8670,1476491217
64:BC:0C:50:F1:30,-67,-81,8730,1476491277
64:BC:0C:50:F1:30,-68,-81,8790,1476491337
64:BC:0C:50:F1:30,-68,-81,8850,1476491397
64:BC:0C:50:F1:30,-68,-82,8910,1476491457
64:BC:0C:50:F1:30,-68,-82,8973,1476491520
64:BC:0C:50:F1:30,-68,-82,9033,1476491580
64:BC:0C:50:F1:30,-67,-82,9093,1476491640
64:BC:0C:50:F1:30,-67,-82,9153,1476491700
64:BC:0C:50:F1:30,-68,-82,9213,1476491760
Client_MAC,Rssi0,Rssi1,Connection_Time,EpocTime
AC:CF:85:28:94:E2,-55,-70,11312,1476567562
64:BC:0C:50:F1:30,-72,-81,85015,1476567562
AC:CF:85:28:94:E2,-59,-70,11372,1476567622
64:BC:0C:50:F1:30,-75,-80,85075,1476567622
AC:CF:85:28:94:E2,-58,-69,11432,1476567682
64:BC:0C:50:F1:30,-76,-81,85135,1476567682
AC:CF:85:28:94:E2,-57,-70,11492,1476567742
64:BC:0C:50:F1:30,-74,-80,85195,1476567742
AC:CF:85:28:94:E2,-62,-66,11552,1476567802
64:BC:0C:50:F1:30,-72,-80,85255,1476567802
AC:CF:85:28:94:E2,-62,-69,11615,1476567865
64:BC:0C:50:F1:30,-75,-79,85318,1476567865
AC:CF:85:28:94:E2,-54,-71,11675,1476567925
64:BC:0C:50:F1:30,-75,-85,85378,1476567925
AC:CF:85:28:94:E2,-52,-69,11735,1476567985
64:BC:0C:50:F1:30,-71,-80,85438,1476567985
AC:CF:85:28:94:E2,-54,-69,11795,1476568045
64:BC:0C:50:F1:30,-75,-81,85498,1476568045
AC:CF:85:28:94:E2,-54,-71,11855,1476568105
64:BC:0C:50:F1:30,-65,-79,85558,1476568105
AC:CF:85:28:94:E2,-56,-72,11918,1476568168
64:BC:0C:50:F1:30,-63,-74,85621,1476568168
AC:CF:85:28:94:E2,-57,-71,11978,1476568228
64:BC:0C:50:F1:30,-62,-76,85681,1476568228
AC:CF:85:28:94:E2,-61,-70,12038,1476568288
64:BC:0C:50:F1:30,-65,-75,85741,1476568288
AC:CF:85:28:94:E2,-57,-67,12098,1476568348
64:BC:0C:50:F1:30,-67,-76,85801,1476568348
AC:CF:85:28:94:E2,-58,-68,12158,1476568408
64:BC:0C:50:F1:30,-61,-76,85861,1476568408
AC:CF:85:28:94:E2,-57,-65,12222,1476568471
64:BC:0C:50:F1:30,-64,-77,85925,1476568471
AC:CF:85:28:94:E2,-54,-66,12282,1476568531
64:BC:0C:50:F1:30,-68,-81,85985,1476568531
AC:CF:85:28:94:E2,-55,-67,12342,1476568591
64:BC:0C:50:F1:30,-68,-76,86045,1476568591
AC:CF:85:28:94:E2,-55,-66,12402,1476568651
64:BC:0C:50:F1:30,-67,-68,86105,1476568651
AC:CF:85:28:94:E2,-57,-65,12462,1476568711
64:BC:0C:50:F1:30,-65,-76,86165,1476568711
AC:CF:85:28:94:E2,-54,-59,12522,1476568771
64:BC:0C:50:F1:30,-57,-67,86225,1476568771
AC:CF:85:28:94:E2,-85,-88,12582,1476568831
64:BC:0C:50:F1:30,-87,-89,86285,1476568831
64:BC:0C:50:F1:30,-87,-89,86345,1476568891
64:BC:0C:50:F1:30,-87,-89,86405,1476568951
64:BC:0C:50:F1:30,-87,-89,86498,1476569044
64:BC:0C:50:F1:30,-87,-89,86558,1476569104
64:BC:0C:50:F1:30,-60,-71,37,1476580661
AC:CF:85:28:94:E2,-64,-71,46,1476580661
64:BC:0C:50:F1:30,-61,-71,97,1476580721
AC:CF:85:28:94:E2,-58,-67,106,1476580721
64:BC:0C:50:F1:30,-60,-70,157,1476580781
AC:CF:85:28:94:E2,-62,-72,166,1476580781
64:BC:0C:50:F1:30,-60,-70,217,1476580841
AC:CF:85:28:94:E2,-62,-71,226,1476580841
64:BC:0C:50:F1:30,-60,-71,277,1476580901
AC:CF:85:28:94:E2,-60,-71,286,1476580901
64:BC:0C:50:F1:30,-60,-71,340,1476580964
AC:CF:85:28:94:E2,-81,-87,349,1476580964
64:BC:0C:50:F1:30,-61,-71,400,1476581024
AC:CF:85:28:94:E2,-81,-87,409,1476581024
64:BC:0C:50:F1:30,-60,-71,460,1476581084
AC:CF:85:28:94:E2,-81,-87,469,1476581084
64:BC:0C:50:F1:30,-58,-71,520,1476581144
AC:CF:85:28:94:E2,-81,-87,529,1476581144
64:BC:0C:50:F1:30,-60,-72,580,1476581204
AC:CF:85:28:94:E2,-81,-87,589,1476581204
64:BC:0C:50:F1:30,-57,-70,640,1476581264
64:BC:0C:50:F1:30,-59,-71,700,1476581324
64:BC:0C:50:F1:30,-60,-71,760,1476581384
64:BC:0C:50:F1:30,-59,-71,820,1476581444
64:BC:0C:50:F1:30,-60,-71,883,1476581507
64:BC:0C:50:F1:30,-60,-71,943,1476581567
64:BC:0C:50:F1:30,-60,-71,1003,1476581627
64:BC:0C:50:F1:30,-61,-71,1063,1476581687
64:BC:0C:50:F1:30,-61,-71,1123,1476581747
64:BC:0C:50:F1:30,-61,-71,1187,1476581810
64:BC:0C:50:F1:30,-58,-70,1247,1476581870
64:BC:0C:50:F1:30,-59,-71,1307,1476581930
64:BC:0C:50:F1:30,-60,-71,1367,1476581990
64:BC:0C:50:F1:30,-60,-71,1427,1476582050
64:BC:0C:50:F1:30,-59,-71,1521,1476582144
64:BC:0C:50:F1:30,-60,-71,1581,1476582204
64:BC:0C:50:F1:30,-60,-71,1641,1476582264
64:BC:0C:50:F1:30,-61,-71,1701,1476582324
64:BC:0C:50:F1:30,-58,-70,1761,1476582384
64:BC:0C:50:F1:30,-58,-71,1824,1476582447
64:BC:0C:50:F1:30,-59,-71,1884,1476582507
64:BC:0C:50:F1:30,-60,-71,1944,1476582567
64:BC:0C:50:F1:30,-60,-71,2004,1476582627
64:BC:0C:50:F1:30,-59,-71,2064,1476582687
64:BC:0C:50:F1:30,-60,-71,2127,1476582750
64:BC:0C:50:F1:30,-61,-71,2187,1476582810
64:BC:0C:50:F1:30,-61,-71,2247,1476582870
64:BC:0C:50:F1:30,-61,-72,2307,1476582930
64:BC:0C:50:F1:30,-62,-72,2367,1476582990
64:BC:0C:50:F1:30,-57,-70,2427,1476583050
64:BC:0C:50:F1:30,-59,-71,2487,1476583110
64:BC:0C:50:F1:30,-60,-71,2547,1476583170
64:BC:0C:50:F1:30,-60,-71,2607,1476583230
64:BC:0C:50:F1:30,-60,-71,2670,1476583293
64:BC:0C:50:F1:30,-61,-71,2730,1476583353
64:BC:0C:50:F1:30,-61,-71,2790,1476583413
64:BC:0C:50:F1:30,-62,-71,2850,1476583474
64:BC:0C:50:F1:30,-62,-72,2910,1476583534
64:BC:0C:50:F1:30,-62,-72,2973,1476583597
64:BC:0C:50:F1:30,-61,-71,3033,1476583657
64:BC:0C:50:F1:30,-61,-72,3093,1476583717
64:BC:0C:50:F1:30,-61,-72,3153,1476583777
64:BC:0C:50:F1:30,-60,-72,3213,1476583837
64:BC:0C:50:F1:30,-60,-71,3320,1476583943
64:BC:0C:50:F1:30,-60,-72,3380,1476584003
64:BC:0C:50:F1:30,-60,-71,3440,1476584063
64:BC:0C:50:F1:30,-61,-71,3500,1476584123
64:BC:0C:50:F1:30,-60,-71,3560,1476584183
64:BC:0C:50:F1:30,-60,-71,3623,1476584246
64:BC:0C:50:F1:30,-61,-71,3683,1476584306
64:BC:0C:50:F1:30,-61,-71,3743,1476584366
64:BC:0C:50:F1:30,-60,-71,3803,1476584426
64:BC:0C:50:F1:30,-61,-71,3863,1476584486
64:BC:0C:50:F1:30,-60,-71,3926,1476584549
64:BC:0C:50:F1:30,-60,-71,3986,1476584609
64:BC:0C:50:F1:30,-61,-71,4046,1476584669
64:BC:0C:50:F1:30,-61,-72,4106,1476584729
64:BC:0C:50:F1:30,-61,-72,4166,1476584789
64:BC:0C:50:F1:30,-61,-72,4226,1476584849
64:BC:0C:50:F1:30,-61,-71,4286,1476584909
64:BC:0C:50:F1:30,-61,-72,4346,1476584969
64:BC:0C:50:F1:30,-61,-71,4406,1476585029
64:BC:0C:50:F1:30,-61,-72,4469,1476585092
64:BC:0C:50:F1:30,-62,-71,4529,1476585152
64:BC:0C:50:F1:30,-62,-72,4589,1476585212
64:BC:0C:50:F1:30,-60,-71,4649,1476585272
64:BC:0C:50:F1:30,-61,-71,4709,1476585332
64:BC:0C:50:F1:30,-61,-72,4772,1476585395
64:BC:0C:50:F1:30,-61,-72,4832,1476585455
64:BC:0C:50:F1:30,-61,-72,4892,1476585515
64:BC:0C:50:F1:30,-62,-72,4952,1476585575
64:BC:0C:50:F1:30,-61,-71,5012,1476585635
64:BC:0C:50:F1:30,-61,-72,5075,1476585699
64:BC:0C:50:F1:30,-62,-72,5135,1476585759
64:BC:0C:50:F1:30,-62,-72,5195,1476585819
64:BC:0C:50:F1:30,-62,-72,5255,1476585879
64:BC:0C:50:F1:30,-62,-72,5315,1476585939
64:BC:0C:50:F1:30,-61,-71,5378,1476586002
64:BC:0C:50:F1:30,-61,-72,5438,1476586062
64:BC:0C:50:F1:30,-59,-71,5498,1476586122
64:BC:0C:50:F1:30,-60,-71,5558,1476586182
64:BC:0C:50:F1:30,-60,-71,5618,1476586242
64:BC:0C:50:F1:30,-60,-71,5711,1476586334
64:BC:0C:50:F1:30,-60,-71,5771,1476586394
64:BC:0C:50:F1:30,-60,-72,5831,1476586454
64:BC:0C:50:F1:30,-61,-72,5891,1476586514
64:BC:0C:50:F1:30,-61,-72,5951,1476586574
64:BC:0C:50:F1:30,-58,-71,6011,1476586634
64:BC:0C:50:F1:30,-59,-71,6071,1476586694
64:BC:0C:50:F1:30,-60,-71,6131,1476586754
64:BC:0C:50:F1:30,-60,-72,6191,1476586814
64:BC:0C:50:F1:30,-60,-72,6254,1476586877
64:BC:0C:50:F1:30,-61,-72,6314,1476586937
64:BC:0C:50:F1:30,-60,-71,6374,1476586997
64:BC:0C:50:F1:30,-61,-72,6434,1476587057
64:BC:0C:50:F1:30,-61,-72,6494,1476587117
64:BC:0C:50:F1:30,-61,-72,6587,1476587210
64:BC:0C:50:F1:30,-62,-72,6647,1476587270
64:BC:0C:50:F1:30,-61,-72,6707,1476587330
64:BC:0C:50:F1:30,-61,-71,6767,1476587390
64:BC:0C:50:F1:30,-58,-71,6827,1476587450
64:BC:0C:50:F1:30,-59,-71,6890,1476587513
64:BC:0C:50:F1:30,-59,-71,6950,1476587573
64:BC:0C:50:F1:30,-59,-71,7010,1476587633
64:BC:0C:50:F1:30,-58,-71,7070,1476587693
64:BC:0C:50:F1:30,-59,-71,7130,1476587753
64:BC:0C:50:F1:30,-60,-71,7193,1476587816
64:BC:0C:50:F1:30,-60,-71,7253,1476587876
64:BC:0C:50:F1:30,-61,-71,7313,1476587936
64:BC:0C:50:F1:30,-61,-71,7373,1476587996
64:BC:0C:50:F1:30,-61,-72,7433,1476588056
64:BC:0C:50:F1:30,-61,-72,7496,1476588119
64:BC:0C:50:F1:30,-61,-71,7556,1476588179
64:BC:0C:50:F1:30,-61,-72,7616,1476588239
64:BC:0C:50:F1:30,-60,-71,7676,1476588299
64:BC:0C:50:F1:30,-61,-72,7736,1476588359
64:BC:0C:50:F1:30,-61,-72,7796,1476588419
64:BC:0C:50:F1:30,-61,-72,7856,1476588479
64:BC:0C:50:F1:30,-61,-72,7916,1476588539
64:BC:0C:50:F1:30,-61,-72,7976,1476588599
64:BC:0C:50:F1:30,-61,-72,8039,1476588662
64:BC:0C:50:F1:30,-61,-72,8099,1476588722
64:BC:0C:50:F1:30,-61,-72,8159,1476588782
64:BC:0C:50:F1:30,-62,-72,8219,1476588842
64:BC:0C:50:F1:30,-62,-72,8279,1476588902
64:BC:0C:50:F1:30,-62,-72,8342,1476588965
64:BC:0C:50:F1:30,-61,-71,8402,1476589025
64:BC:0C:50:F1:30,-61,-71,8462,1476589085
64:BC:0C:50:F1:30,-60,-71,8522,1476589145
64:BC:0C:50:F1:30,-61,-71,8582,1476589205
64:BC:0C:50:F1:30,-61,-71,8645,1476589269
64:BC:0C:50:F1:30,-61,-72,8705,1476589329
64:BC:0C:50:F1:30,-61,-72,8765,1476589389
64:BC:0C:50:F1:30,-61,-72,8825,1476589449
64:BC:0C:50:F1:30,-61,-71,8885,1476589509
64:BC:0C:50:F1:30,-61,-71,8978,1476589601
64:BC:0C:50:F1:30,-62,-72,9038,1476589661
64:BC:0C:50:F1:30,-62,-72,9098,1476589721
64:BC:0C:50:F1:30,-62,-72,9158,1476589781
64:BC:0C:50:F1:30,-62,-72,9218,1476589841
64:BC:0C:50:F1:30,-61,-71,9281,1476589904
64:BC:0C:50:F1:30,-62,-71,9341,1476589964
64:BC:0C:50:F1:30,-61,-71,9401,1476590024
64:BC:0C:50:F1:30,-61,-72,9461,1476590084
64:BC:0C:50:F1:30,-61,-72,9521,1476590144
64:BC:0C:50:F1:30,-61,-72,9581,1476590204
64:BC:0C:50:F1:30,-61,-72,9641,1476590264
64:BC:0C:50:F1:30,-62,-72,9701,1476590324
64:BC:0C:50:F1:30,-61,-71,9761,1476590384
64:BC:0C:50:F1:30,-61,-72,9824,1476590447
64:BC:0C:50:F1:30,-61,-72,9884,1476590507
64:BC:0C:50:F1:30,-62,-71,9944,1476590567
64:BC:0C:50:F1:30,-62,-71,10004,1476590627
64:BC:0C:50:F1:30,-62,-72,10064,1476590687
64:BC:0C:50:F1:30,-61,-71,10127,1476590750
64:BC:0C:50:F1:30,-61,-71,10187,1476590810
64:BC:0C:50:F1:30,-62,-71,10247,1476590870
64:BC:0C:50:F1:30,-61,-72,10307,1476590930
64:BC:0C:50:F1:30,-62,-72,10367,1476590990
64:BC:0C:50:F1:30,-62,-72,10430,1476591053
64:BC:0C:50:F1:30,-58,-70,10490,1476591113
64:BC:0C:50:F1:30,-59,-71,10550,1476591173
64:BC:0C:50:F1:30,-59,-71,10610,1476591233
64:BC:0C:50:F1:30,-60,-71,10670,1476591293
64:BC:0C:50:F1:30,-60,-71,10762,1476591385
64:BC:0C:50:F1:30,-60,-71,10822,1476591445
64:BC:0C:50:F1:30,-61,-71,10882,1476591505
64:BC:0C:50:F1:30,-61,-72,10942,1476591565
64:BC:0C:50:F1:30,-58,-70,11002,1476591625
Client_MAC,Rssi0,Rssi1,Connection_Time,EpocTime
64:BC:0C:50:F1:30,-69,-78,66343,1476548890
64:BC:0C:50:F1:30,-69,-77,66403,1476548950
64:BC:0C:50:F1:30,-68,-76,66463,1476549010
64:BC:0C:50:F1:30,-68,-77,66523,1476549070
64:BC:0C:50:F1:30,-69,-77,66583,1476549130
64:BC:0C:50:F1:30,-69,-78,66643,1476549190
64:BC:0C:50:F1:30,-69,-78,66703,1476549250
64:BC:0C:50:F1:30,-69,-78,66763,1476549310
64:BC:0C:50:F1:30,-69,-78,66823,1476549370
64:BC:0C:50:F1:30,-67,-76,66886,1476549433
64:BC:0C:50:F1:30,-69,-77,66946,1476549493
64:BC:0C:50:F1:30,-69,-77,67006,1476549553
64:BC:0C:50:F1:30,-69,-77,67066,1476549613
64:BC:0C:50:F1:30,-69,-78,67126,1476549673
64:BC:0C:50:F1:30,-69,-78,67218,1476549765
64:BC:0C:50:F1:30,-67,-76,67278,1476549825
64:BC:0C:50:F1:30,-66,-76,67338,1476549885
64:BC:0C:50:F1:30,-67,-75,67398,1476549945
64:BC:0C:50:F1:30,-67,-76,67458,1476550005
64:BC:0C:50:F1:30,-69,-76,67521,1476550068
64:BC:0C:50:F1:30,-68,-74,67582,1476550128
64:BC:0C:50:F1:30,-68,-74,67642,1476550188
64:BC:0C:50:F1:30,-68,-74,67702,1476550248
64:BC:0C:50:F1:30,-67,-74,67762,1476550308
64:BC:0C:50:F1:30,-67,-75,67825,1476550371
64:BC:0C:50:F1:30,-66,-74,67885,1476550431
64:BC:0C:50:F1:30,-68,-75,67945,1476550491
64:BC:0C:50:F1:30,-67,-74,68005,1476550551
64:BC:0C:50:F1:30,-67,-73,68065,1476550611
64:BC:0C:50:F1:30,-68,-73,68128,1476550674
64:BC:0C:50:F1:30,-67,-72,68188,1476550734
64:BC:0C:50:F1:30,-67,-72,68248,1476550794
64:BC:0C:50:F1:30,-67,-73,68308,1476550854
64:BC:0C:50:F1:30,-67,-72,68368,1476550914
64:BC:0C:50:F1:30,-67,-72,68428,1476550974
64:BC:0C:50:F1:30,-67,-72,68488,1476551034
64:BC:0C:50:F1:30,-67,-74,68548,1476551094
64:BC:0C:50:F1:30,-67,-71,68608,1476551154
64:BC:0C:50:F1:30,-68,-73,68671,1476551217
64:BC:0C:50:F1:30,-69,-75,68731,1476551277
64:BC:0C:50:F1:30,-69,-76,68791,1476551337
64:BC:0C:50:F1:30,-70,-70,68851,1476551397
64:BC:0C:50:F1:30,-69,-76,68911,1476551457
64:BC:0C:50:F1:30,-70,-77,68974,1476551520
64:BC:0C:50:F1:30,-70,-72,69034,1476551580
64:BC:0C:50:F1:30,-69,-83,69094,1476551640
64:BC:0C:50:F1:30,-70,-85,69154,1476551700
64:BC:0C:50:F1:30,-72,-84,69214,1476551760
64:BC:0C:50:F1:30,-68,-81,69277,1476551823
64:BC:0C:50:F1:30,-70,-82,69337,1476551883
64:BC:0C:50:F1:30,-70,-83,69397,1476551943
64:BC:0C:50:F1:30,-71,-84,69457,1476552003
64:BC:0C:50:F1:30,-70,-84,69517,1476552063
64:BC:0C:50:F1:30,-70,-83,69580,1476552126
64:BC:0C:50:F1:30,-70,-81,69640,1476552186
64:BC:0C:50:F1:30,-70,-81,69700,1476552246
64:BC:0C:50:F1:30,-69,-81,69760,1476552306
64:BC:0C:50:F1:30,-69,-82,69820,1476552366
64:BC:0C:50:F1:30,-69,-81,69912,1476552459
64:BC:0C:50:F1:30,-70,-81,69972,1476552519
64:BC:0C:50:F1:30,-70,-82,70032,1476552579
64:BC:0C:50:F1:30,-69,-82,70092,1476552639
64:BC:0C:50:F1:30,-69,-82,70152,1476552699
64:BC:0C:50:F1:30,-69,-81,70212,1476552759
64:BC:0C:50:F1:30,-69,-81,70272,1476552819
64:BC:0C:50:F1:30,-70,-82,70332,1476552879
64:BC:0C:50:F1:30,-70,-82,70392,1476552939
64:BC:0C:50:F1:30,-69,-82,70456,1476553002
64:BC:0C:50:F1:30,-69,-82,70516,1476553062
64:BC:0C:50:F1:30,-69,-82,70576,1476553122
64:BC:0C:50:F1:30,-69,-81,70636,1476553182
64:BC:0C:50:F1:30,-70,-81,70696,1476553242
64:BC:0C:50:F1:30,-69,-82,70759,1476553305
64:BC:0C:50:F1:30,-69,-81,70819,1476553365
64:BC:0C:50:F1:30,-70,-80,70879,1476553425
64:BC:0C:50:F1:30,-68,-79,70939,1476553485
64:BC:0C:50:F1:30,-70,-80,70999,1476553545
64:BC:0C:50:F1:30,-68,-75,71062,1476553608
64:BC:0C:50:F1:30,-69,-81,71122,1476553668
64:BC:0C:50:F1:30,-70,-80,71182,1476553728
64:BC:0C:50:F1:30,-70,-78,71242,1476553788
64:BC:0C:50:F1:30,-69,-80,71302,1476553848
64:BC:0C:50:F1:30,-69,-80,71395,1476553941
64:BC:0C:50:F1:30,-70,-80,71455,1476554001
64:BC:0C:50:F1:30,-70,-79,71515,1476554061
64:BC:0C:50:F1:30,-70,-79,71575,1476554121
64:BC:0C:50:F1:30,-70,-79,71635,1476554181
64:BC:0C:50:F1:30,-69,-81,71698,1476554245
64:BC:0C:50:F1:30,-69,-81,71758,1476554305
64:BC:0C:50:F1:30,-70,-81,71818,1476554365
64:BC:0C:50:F1:30,-70,-80,71878,1476554425
64:BC:0C:50:F1:30,-67,-75,71938,1476554485
64:BC:0C:50:F1:30,-60,-73,71998,1476554545
64:BC:0C:50:F1:30,-66,-74,72058,1476554605
64:BC:0C:50:F1:30,-62,-74,72118,1476554665
64:BC:0C:50:F1:30,-61,-72,72178,1476554725
64:BC:0C:50:F1:30,-62,-72,72241,1476554788
64:BC:0C:50:F1:30,-60,-72,72301,1476554848
64:BC:0C:50:F1:30,-67,-74,72361,1476554908
64:BC:0C:50:F1:30,-63,-73,72421,1476554968
64:BC:0C:50:F1:30,-67,-74,72481,1476555028
64:BC:0C:50:F1:30,-62,-72,72544,1476555091
64:BC:0C:50:F1:30,-66,-73,72604,1476555151
64:BC:0C:50:F1:30,-62,-73,72664,1476555211
64:BC:0C:50:F1:30,-64,-74,72724,1476555271
64:BC:0C:50:F1:30,-64,-77,72784,1476555331
64:BC:0C:50:F1:30,-64,-76,72848,1476555394
64:BC:0C:50:F1:30,-64,-77,72908,1476555454
64:BC:0C:50:F1:30,-64,-76,72968,1476555514
64:BC:0C:50:F1:30,-64,-76,73028,1476555574
64:BC:0C:50:F1:30,-64,-76,73088,1476555634
64:BC:0C:50:F1:30,-64,-77,73181,1476555728
64:BC:0C:50:F1:30,-64,-77,73241,1476555788
64:BC:0C:50:F1:30,-64,-75,73301,1476555848
64:BC:0C:50:F1:30,-64,-77,73361,1476555908
AC:CF:85:28:94:E2,-83,-87,54,1476555968
64:BC:0C:50:F1:30,-65,-77,73421,1476555968
AC:CF:85:28:94:E2,-52,-63,17,1476556031
64:BC:0C:50:F1:30,-66,-79,73485,1476556031
AC:CF:85:28:94:E2,-54,-65,77,1476556091
64:BC:0C:50:F1:30,-63,-77,73545,1476556091
AC:CF:85:28:94:E2,-87,-89,137,1476556151
64:BC:0C:50:F1:30,-65,-78,73605,1476556151
AC:CF:85:28:94:E2,-87,-89,197,1476556211
64:BC:0C:50:F1:30,-64,-75,73665,1476556211
AC:CF:85:28:94:E2,-74,-83,22,1476556271
64:BC:0C:50:F1:30,-64,-78,73725,1476556271
AC:CF:85:28:94:E2,-52,-68,82,1476556331
64:BC:0C:50:F1:30,-66,-78,73785,1476556331
AC:CF:85:28:94:E2,-53,-68,142,1476556391
64:BC:0C:50:F1:30,-64,-77,73845,1476556391
AC:CF:85:28:94:E2,-54,-71,202,1476556451
64:BC:0C:50:F1:30,-65,-78,73905,1476556451
AC:CF:85:28:94:E2,-61,-74,262,1476556511
64:BC:0C:50:F1:30,-67,-78,73965,1476556511
AC:CF:85:28:94:E2,-59,-73,325,1476556574
64:BC:0C:50:F1:30,-64,-77,74028,1476556574
AC:CF:85:28:94:E2,-59,-73,385,1476556634
64:BC:0C:50:F1:30,-67,-79,74088,1476556634
AC:CF:85:28:94:E2,-60,-71,445,1476556694
64:BC:0C:50:F1:30,-66,-77,74148,1476556694
AC:CF:85:28:94:E2,-55,-74,505,1476556754
64:BC:0C:50:F1:30,-65,-77,74208,1476556754
AC:CF:85:28:94:E2,-64,-74,565,1476556814
64:BC:0C:50:F1:30,-64,-78,74268,1476556814
AC:CF:85:28:94:E2,-57,-76,628,1476556877
64:BC:0C:50:F1:30,-64,-79,74331,1476556877
AC:CF:85:28:94:E2,-62,-73,688,1476556937
64:BC:0C:50:F1:30,-62,-79,74391,1476556937
AC:CF:85:28:94:E2,-54,-66,748,1476556997
64:BC:0C:50:F1:30,-64,-78,74451,1476556997
AC:CF:85:28:94:E2,-62,-71,808,1476557057
64:BC:0C:50:F1:30,-64,-78,74511,1476557057
AC:CF:85:28:94:E2,-64,-71,868,1476557117
64:BC:0C:50:F1:30,-64,-79,74571,1476557117
AC:CF:85:28:94:E2,-58,-74,931,1476557180
64:BC:0C:50:F1:30,-64,-78,74634,1476557180
AC:CF:85:28:94:E2,-60,-69,991,1476557240
64:BC:0C:50:F1:30,-64,-78,74694,1476557240
AC:CF:85:28:94:E2,-57,-71,1051,1476557300
64:BC:0C:50:F1:30,-63,-79,74754,1476557300
AC:CF:85:28:94:E2,-62,-68,1111,1476557360
64:BC:0C:50:F1:30,-63,-79,74814,1476557360
AC:CF:85:28:94:E2,-59,-69,1171,1476557420
64:BC:0C:50:F1:30,-62,-77,74874,1476557420
AC:CF:85:28:94:E2,-62,-71,1264,1476557514
64:BC:0C:50:F1:30,-62,-79,74967,1476557514
AC:CF:85:28:94:E2,-61,-71,1324,1476557574
64:BC:0C:50:F1:30,-62,-77,75027,1476557574
AC:CF:85:28:94:E2,-61,-71,1384,1476557634
64:BC:0C:50:F1:30,-65,-76,75087,1476557634
AC:CF:85:28:94:E2,-62,-71,1444,1476557694
64:BC:0C:50:F1:30,-66,-79,75147,1476557694
AC:CF:85:28:94:E2,-61,-70,1504,1476557754
64:BC:0C:50:F1:30,-63,-77,75207,1476557754
AC:CF:85:28:94:E2,-60,-67,1567,1476557817
64:BC:0C:50:F1:30,-64,-79,75270,1476557817
AC:CF:85:28:94:E2,-60,-68,1627,1476557877
64:BC:0C:50:F1:30,-63,-78,75330,1476557877
AC:CF:85:28:94:E2,-60,-67,1687,1476557937
64:BC:0C:50:F1:30,-63,-79,75390,1476557937
AC:CF:85:28:94:E2,-59,-66,1747,1476557997
64:BC:0C:50:F1:30,-63,-78,75450,1476557997
AC:CF:85:28:94:E2,-58,-66,1807,1476558057
64:BC:0C:50:F1:30,-63,-78,75510,1476558057
AC:CF:85:28:94:E2,-58,-66,1867,1476558117
64:BC:0C:50:F1:30,-63,-77,75570,1476558117
AC:CF:85:28:94:E2,-59,-67,1927,1476558177
64:BC:0C:50:F1:30,-63,-78,75630,1476558177
AC:CF:85:28:94:E2,-60,-68,1987,1476558237
64:BC:0C:50:F1:30,-62,-78,75690,1476558237
AC:CF:85:28:94:E2,-60,-68,2047,1476558297
64:BC:0C:50:F1:30,-64,-77,75750,1476558297
AC:CF:85:28:94:E2,-61,-70,2110,1476558360
64:BC:0C:50:F1:30,-67,-79,75813,1476558360
AC:CF:85:28:94:E2,-62,-71,2170,1476558420
64:BC:0C:50:F1:30,-65,-78,75873,1476558420
AC:CF:85:28:94:E2,-60,-70,2230,1476558480
64:BC:0C:50:F1:30,-65,-78,75933,1476558480
AC:CF:85:28:94:E2,-63,-72,2290,1476558540
64:BC:0C:50:F1:30,-63,-75,75993,1476558540
AC:CF:85:28:94:E2,-64,-72,2350,1476558600
64:BC:0C:50:F1:30,-65,-76,76053,1476558600
AC:CF:85:28:94:E2,-62,-74,2413,1476558663
64:BC:0C:50:F1:30,-64,-75,76116,1476558663
AC:CF:85:28:94:E2,-63,-72,2473,1476558723
64:BC:0C:50:F1:30,-63,-75,76176,1476558723
AC:CF:85:28:94:E2,-64,-73,2533,1476558783
64:BC:0C:50:F1:30,-64,-75,76236,1476558783
AC:CF:85:28:94:E2,-64,-72,2593,1476558843
64:BC:0C:50:F1:30,-65,-76,76296,1476558843
AC:CF:85:28:94:E2,-66,-73,2653,1476558903
64:BC:0C:50:F1:30,-63,-75,76356,1476558903
AC:CF:85:28:94:E2,-63,-72,2716,1476558966
64:BC:0C:50:F1:30,-66,-76,76419,1476558966
AC:CF:85:28:94:E2,-64,-75,2776,1476559026
64:BC:0C:50:F1:30,-64,-76,76479,1476559026
AC:CF:85:28:94:E2,-61,-72,2836,1476559086
64:BC:0C:50:F1:30,-65,-76,76539,1476559086
AC:CF:85:28:94:E2,-66,-71,2896,1476559146
64:BC:0C:50:F1:30,-61,-75,76599,1476559146
AC:CF:85:28:94:E2,-63,-72,2956,1476559206
64:BC:0C:50:F1:30,-62,-75,76659,1476559206
AC:CF:85:28:94:E2,-64,-73,3020,1476559269
64:BC:0C:50:F1:30,-63,-75,76723,1476559269
AC:CF:85:28:94:E2,-65,-73,3080,1476559329
64:BC:0C:50:F1:30,-60,-75,76783,1476559329
AC:CF:85:28:94:E2,-67,-72,3140,1476559389
64:BC:0C:50:F1:30,-62,-76,76843,1476559389
AC:CF:85:28:94:E2,-64,-70,3200,1476559449
64:BC:0C:50:F1:30,-62,-76,76903,1476559449
AC:CF:85:28:94:E2,-64,-70,3260,1476559509
64:BC:0C:50:F1:30,-64,-76,76963,1476559509
AC:CF:85:28:94:E2,-67,-71,3323,1476559572
64:BC:0C:50:F1:30,-64,-76,77026,1476559572
AC:CF:85:28:94:E2,-66,-70,3383,1476559632
64:BC:0C:50:F1:30,-62,-75,77086,1476559632
AC:CF:85:28:94:E2,-66,-71,3443,1476559692
64:BC:0C:50:F1:30,-62,-75,77146,1476559692
AC:CF:85:28:94:E2,-65,-70,3503,1476559752
64:BC:0C:50:F1:30,-64,-78,77206,1476559752
AC:CF:85:28:94:E2,-66,-71,3563,1476559812
64:BC:0C:50:F1:30,-62,-75,77266,1476559812
AC:CF:85:28:94:E2,-63,-71,3623,1476559872
64:BC:0C:50:F1:30,-60,-75,77326,1476559872
AC:CF:85:28:94:E2,-62,-73,3683,1476559932
64:BC:0C:50:F1:30,-62,-75,77386,1476559932
AC:CF:85:28:94:E2,-60,-73,3743,1476559992
64:BC:0C:50:F1:30,-62,-76,77446,1476559992
AC:CF:85:28:94:E2,-60,-72,3803,1476560052
64:BC:0C:50:F1:30,-63,-76,77506,1476560052
Client_MAC,Rssi0,Rssi1,Connection_Time,EpocTime
64:BC:0C:50:F1:30,-67,-80,23595,1476506141
64:BC:0C:50:F1:30,-68,-81,23655,1476506201
64:BC:0C:50:F1:30,-68,-81,23715,1476506261
64:BC:0C:50:F1:30,-68,-81,23775,1476506321
64:BC:0C:50:F1:30,-68,-81,23842,1476506388
64:BC:0C:50:F1:30,-68,-81,23902,1476506448
64:BC:0C:50:F1:30,-68,-80,23962,1476506508
64:BC:0C:50:F1:30,-68,-80,24022,1476506568
64:BC:0C:50:F1:30,-67,-81,24082,1476506628
64:BC:0C:50:F1:30,-68,-81,24145,1476506691
64:BC:0C:50:F1:30,-68,-81,24205,1476506751
64:BC:0C:50:F1:30,-68,-82,24265,1476506811
64:BC:0C:50:F1:30,-68,-82,24325,1476506871
64:BC:0C:50:F1:30,-67,-82,24385,1476506931
64:BC:0C:50:F1:30,-68,-82,24448,1476506994
64:BC:0C:50:F1:30,-68,-81,24508,1476507054
64:BC:0C:50:F1:30,-68,-82,24568,1476507114
64:BC:0C:50:F1:30,-68,-81,24628,1476507174
64:BC:0C:50:F1:30,-68,-81,24688,1476507234
64:BC:0C:50:F1:30,-67,-81,24751,1476507297
64:BC:0C:50:F1:30,-67,-82,24811,1476507357
64:BC:0C:50:F1:30,-67,-82,24871,1476507417
64:BC:0C:50:F1:30,-68,-81,24931,1476507477
64:BC:0C:50:F1:30,-68,-81,24991,1476507537
64:BC:0C:50:F1:30,-68,-82,25054,1476507600
64:BC:0C:50:F1:30,-68,-81,25114,1476507660
64:BC:0C:50:F1:30,-68,-82,25174,1476507720
64:BC:0C:50:F1:30,-68,-81,25234,1476507780
64:BC:0C:50:F1:30,-68,-81,25294,1476507840
64:BC:0C:50:F1:30,-68,-82,25357,1476507903
64:BC:0C:50:F1:30,-68,-79,25417,1476507963
64:BC:0C:50:F1:30,-68,-79,25477,1476508023
64:BC:0C:50:F1:30,-68,-80,25537,1476508083
64:BC:0C:50:F1:30,-68,-81,25597,1476508143
64:BC:0C:50:F1:30,-68,-81,25657,1476508203
64:BC:0C:50:F1:30,-68,-81,25717,1476508263
64:BC:0C:50:F1:30,-68,-82,25777,1476508323
64:BC:0C:50:F1:30,-68,-82,25837,1476508383
64:BC:0C:50:F1:30,-67,-82,25900,1476508446
64:BC:0C:50:F1:30,-67,-82,25960,1476508506
64:BC:0C:50:F1:30,-68,-81,26020,1476508566
64:BC:0C:50:F1:30,-68,-81,26080,1476508626
64:BC:0C:50:F1:30,-68,-82,26140,1476508686
64:BC:0C:50:F1:30,-67,-82,26203,1476508749
64:BC:0C:50:F1:30,-67,-82,26263,1476508809
64:BC:0C:50:F1:30,-68,-81,26323,1476508869
64:BC:0C:50:F1:30,-68,-81,26383,1476508929
64:BC:0C:50:F1:30,-68,-82,26443,1476508989
64:BC:0C:50:F1:30,-68,-81,26506,1476509052
64:BC:0C:50:F1:30,-68,-79,26566,1476509112
64:BC:0C:50:F1:30,-68,-78,26626,1476509172
64:BC:0C:50:F1:30,-68,-80,26686,1476509232
64:BC:0C:50:F1:30,-68,-81,26746,1476509292
64:BC:0C:50:F1:30,-68,-81,26809,1476509355
64:BC:0C:50:F1:30,-68,-81,26869,1476509415
64:BC:0C:50:F1:30,-68,-81,26929,1476509475
64:BC:0C:50:F1:30,-68,-81,26989,1476509535
64:BC:0C:50:F1:30,-68,-82,27049,1476509595
64:BC:0C:50:F1:30,-67,-81,27142,1476509688
64:BC:0C:50:F1:30,-68,-81,27202,1476509748
64:BC:0C:50:F1:30,-68,-81,27262,1476509808
64:BC:0C:50:F1:30,-68,-81,27322,1476509868
64:BC:0C:50:F1:30,-68,-80,27382,1476509928
64:BC:0C:50:F1:30,-68,-81,27442,1476509988
64:BC:0C:50:F1:30,-68,-82,27502,1476510048
64:BC:0C:50:F1:30,-68,-81,27562,1476510108
64:BC:0C:50:F1:30,-68,-79,27622,1476510168
64:BC:0C:50:F1:30,-68,-81,27715,1476510261
64:BC:0C:50:F1:30,-68,-81,27775,1476510321
64:BC:0C:50:F1:30,-68,-81,27835,1476510381
64:BC:0C:50:F1:30,-67,-81,27895,1476510441
64:BC:0C:50:F1:30,-67,-82,27955,1476510501
64:BC:0C:50:F1:30,-67,-82,28018,1476510564
64:BC:0C:50:F1:30,-67,-82,28078,1476510624
64:BC:0C:50:F1:30,-67,-81,28138,1476510684
64:BC:0C:50:F1:30,-68,-81,28198,1476510745
64:BC:0C:50:F1:30,-68,-79,28258,1476510805
64:BC:0C:50:F1:30,-68,-80,28321,1476510868
64:BC:0C:50:F1:30,-68,-81,28381,1476510928
64:BC:0C:50:F1:30,-68,-81,28441,1476510988
64:BC:0C:50:F1:30,-68,-81,28501,1476511048
64:BC:0C:50:F1:30,-68,-82,28561,1476511108
64:BC:0C:50:F1:30,-67,-82,28625,1476511171
64:BC:0C:50:F1:30,-67,-82,28685,1476511231
64:BC:0C:50:F1:30,-68,-81,28745,1476511291
64:BC:0C:50:F1:30,-68,-81,28805,1476511351
64:BC:0C:50:F1:30,-68,-82,28865,1476511411
64:BC:0C:50:F1:30,-68,-82,28928,1476511474
64:BC:0C:50:F1:30,-68,-82,28988,1476511534
64:BC:0C:50:F1:30,-68,-82,29048,1476511594
64:BC:0C:50:F1:30,-68,-81,29108,1476511654
64:BC:0C:50:F1:30,-68,-81,29168,1476511714
64:BC:0C:50:F1:30,-68,-79,29228,1476511774
64:BC:0C:50:F1:30,-68,-78,29288,1476511834
64:BC:0C:50:F1:30,-68,-81,29348,1476511894
64:BC:0C:50:F1:30,-68,-80,29408,1476511954
64:BC:0C:50:F1:30,-68,-81,29502,1476512048
64:BC:0C:50:F1:30,-68,-81,29562,1476512108
64:BC:0C:50:F1:30,-68,-81,29622,1476512168
64:BC:0C:50:F1:30,-68,-81,29682,1476512228
64:BC:0C:50:F1:30,-68,-79,29742,1476512288
64:BC:0C:50:F1:30,-68,-80,29805,1476512351
64:BC:0C:50:F1:30,-68,-80,29865,1476512411
64:BC:0C:50:F1:30,-68,-80,29925,1476512471
64:BC:0C:50:F1:30,-68,-80,29985,1476512531
64:BC:0C:50:F1:30,-68,-81,30045,1476512591
64:BC:0C:50:F1:30,-68,-82,30108,1476512654
64:BC:0C:50:F1:30,-68,-82,30168,1476512714
64:BC:0C:50:F1:30,-68,-82,30228,1476512774
64:BC:0C:50:F1:30,-68,-82,30288,1476512834
64:BC:0C:50:F1:30,-68,-81,30348,1476512894
64:BC:0C:50:F1:30,-68,-79,30411,1476512957
64:BC:0C:50:F1:30,-67,-80,30471,1476513017
64:BC:0C:50:F1:30,-67,-80,30531,1476513077
64:BC:0C:50:F1:30,-68,-80,30591,1476513137
64:BC:0C:50:F1:30,-68,-80,30651,1476513197
64:BC:0C:50:F1:30,-68,-79,30714,1476513260
64:BC:0C:50:F1:30,-68,-81,30774,1476513320
64:BC:0C:50:F1:30,-67,-80,30834,1476513380
64:BC:0C:50:F1:30,-67,-80,30894,1476513440
64:BC:0C:50:F1:30,-68,-81,30954,1476513500
64:BC:0C:50:F1:30,-68,-81,31014,1476513560
64:BC:0C:50:F1:30,-68,-81,31074,1476513620
64:BC:0C:50:F1:30,-68,-79,31134,1476513680
64:BC:0C:50:F1:30,-67,-79,31194,1476513740
64:BC:0C:50:F1:30,-67,-80,31257,1476513804
64:BC:0C:50:F1:30,-67,-81,31317,1476513864
64:BC:0C:50:F1:30,-68,-79,31377,1476513924
64:BC:0C:50:F1:30,-68,-80,31437,1476513984
64:BC:0C:50:F1:30,-68,-80,31497,1476514044
64:BC:0C:50:F1:30,-67,-82,31560,1476514107
64:BC:0C:50:F1:30,-68,-81,31620,1476514167
64:BC:0C:50:F1:30,-68,-81,31680,1476514227
64:BC:0C:50:F1:30,-68,-82,31740,1476514287
64:BC:0C:50:F1:30,-68,-82,31800,1476514347
64:BC:0C:50:F1:30,-68,-81,31863,1476514410
64:BC:0C:50:F1:30,-68,-79,31923,1476514470
64:BC:0C:50:F1:30,-68,-80,31983,1476514530
64:BC:0C:50:F1:30,-68,-80,32043,1476514590
64:BC:0C:50:F1:30,-68,-81,32103,1476514650
64:BC:0C:50:F1:30,-68,-82,32167,1476514713
64:BC:0C:50:F1:30,-68,-82,32227,1476514773
64:BC:0C:50:F1:30,-67,-82,32287,1476514833
64:BC:0C:50:F1:30,-67,-82,32347,1476514893
64:BC:0C:50:F1:30,-68,-81,32407,1476514953
64:BC:0C:50:F1:30,-68,-82,32499,1476515046
64:BC:0C:50:F1:30,-68,-81,32559,1476515106
64:BC:0C:50:F1:30,-68,-82,32619,1476515166
64:BC:0C:50:F1:30,-67,-82,32679,1476515226
64:BC:0C:50:F1:30,-67,-82,32739,1476515286
64:BC:0C:50:F1:30,-68,-81,32799,1476515346
64:BC:0C:50:F1:30,-68,-82,32859,1476515406
64:BC:0C:50:F1:30,-68,-82,32919,1476515466
64:BC:0C:50:F1:30,-68,-82,32980,1476515526
64:BC:0C:50:F1:30,-67,-82,33043,1476515589
64:BC:0C:50:F1:30,-68,-80,33103,1476515649
64:BC:0C:50:F1:30,-68,-81,33163,1476515709
64:BC:0C:50:F1:30,-68,-81,33223,1476515769
64:BC:0C:50:F1:30,-68,-81,33283,1476515829
64:BC:0C:50:F1:30,-68,-80,33346,1476515892
64:BC:0C:50:F1:30,-68,-80,33406,1476515952
64:BC:0C:50:F1:30,-68,-80,33466,1476516012
64:BC:0C:50:F1:30,-68,-81,33526,1476516072
64:BC:0C:50:F1:30,-68,-82,33586,1476516132
64:BC:0C:50:F1:30,-68,-82,33649,1476516195
64:BC:0C:50:F1:30,-68,-82,33709,1476516255
64:BC:0C:50:F1:30,-67,-82,33769,1476516315
64:BC:0C:50:F1:30,-67,-82,33829,1476516375
64:BC:0C:50:F1:30,-68,-81,33889,1476516435
64:BC:0C:50:F1:30,-68,-81,33952,1476516498
64:BC:0C:50:F1:30,-68,-81,34012,1476516558
64:BC:0C:50:F1:30,-68,-80,34072,1476516618
64:BC:0C:50:F1:30,-68,-80,34132,1476516678
64:BC:0C:50:F1:30,-68,-81,34192,1476516738
64:BC:0C:50:F1:30,-68,-81,34285,1476516831
64:BC:0C:50:F1:30,-68,-82,34345,1476516891
64:BC:0C:50:F1:30,-68,-82,34405,1476516951
64:BC:0C:50:F1:30,-67,-82,34465,1476517011
64:BC:0C:50:F1:30,-68,-81,34525,1476517071
64:BC:0C:50:F1:30,-68,-82,34585,1476517131
64:BC:0C:50:F1:30,-68,-81,34645,1476517191
64:BC:0C:50:F1:30,-68,-82,34705,1476517251
64:BC:0C:50:F1:30,-68,-82,34765,1476517311
64:BC:0C:50:F1:30,-68,-81,34828,1476517374
64:BC:0C:50:F1:30,-68,-81,34888,1476517434
64:BC:0C:50:F1:30,-68,-82,34948,1476517494
64:BC:0C:50:F1:30,-68,-80,35008,1476517554
64:BC:0C:50:F1:30,-68,-81,35068,1476517614
64:BC:0C:50:F1:30,-68,-82,35131,1476517677
64:BC:0C:50:F1:30,-67,-82,35191,1476517737
64:BC:0C:50:F1:30,-68,-81,35251,1476517797
64:BC:0C:50:F1:30,-68,-81,35311,1476517857
64:BC:0C:50:F1:30,-68,-82,35371,1476517917
64:BC:0C:50:F1:30,-68,-82,35434,1476517980
64:BC:0C:50:F1:30,-68,-80,35494,1476518040
64:BC:0C:50:F1:30,-68,-80,35554,1476518100
64:BC:0C:50:F1:30,-68,-80,35614,1476518160
64:BC:0C:50:F1:30,-68,-81,35674,1476518220
64:BC:0C:50:F1:30,-68,-81,35737,1476518283
64:BC:0C:50:F1:30,-68,-81,35797,1476518343
64:BC:0C:50:F1:30,-68,-82,35857,1476518403
64:BC:0C:50:F1:30,-68,-82,35917,1476518463
64:BC:0C:50:F1:30,-68,-82,35977,1476518523
64:BC:0C:50:F1:30,-68,-82,36040,1476518586
64:BC:0C:50:F1:30,-68,-83,36100,1476518646
64:BC:0C:50:F1:30,-68,-82,36160,1476518706
64:BC:0C:50:F1:30,-68,-81,36220,1476518766
64:BC:0C:50:F1:30,-68,-82,36280,1476518826
64:BC:0C:50:F1:30,-68,-79,36340,1476518886
64:BC:0C:50:F1:30,-68,-81,36400,1476518946
64:BC:0C:50:F1:30,-68,-80,36460,1476519006
64:BC:0C:50:F1:30,-68,-79,36520,1476519066
64:BC:0C:50:F1:30,-68,-80,36583,1476519129
64:BC:0C:50:F1:30,-68,-80,36643,1476519189
64:BC:0C:50:F1:30,-67,-80,36703,1476519249
64:BC:0C:50:F1:30,-68,-80,36763,1476519309
64:BC:0C:50:F1:30,-68,-81,36823,1476519369
64:BC:0C:50:F1:30,-68,-81,36886,1476519432
64:BC:0C:50:F1:30,-68,-80,36946,1476519492
64:BC:0C:50:F1:30,-68,-80,37006,1476519552
64:BC:0C:50:F1:30,-67,-82,37066,1476519612
64:BC:0C:50:F1:30,-68,-82,37126,1476519672
64:BC:0C:50:F1:30,-68,-81,37219,1476519765
64:BC:0C:50:F1:30,-68,-82,37279,1476519825
64:BC:0C:50:F1:30,-68,-82,37339,1476519885
64:BC:0C:50:F1:30,-68,-82,37399,1476519945
64:BC:0C:50:F1:30,-67,-82,37459,1476520005
64:BC:0C:50:F1:30,-68,-81,37522,1476520068
64:BC:0C:50:F1:30,-68,-81,37582,1476520128
64:BC:0C:50:F1:30,-68,-81,37642,1476520188
64:BC:0C:50:F1:30,-68,-81,37702,1476520248
64:BC:0C:50:F1:30,-68,-82,37762,1476520308
Client_MAC,Rssi0,Rssi1,Connection_Time,EpocTime
64:BC:0C:50:F1:30,-68,-82,9277,1476491824
64:BC:0C:50:F1:30,-68,-82,9337,1476491883
64:BC:0C:50:F1:30,-68,-83,9397,1476491944
64:BC:0C:50:F1:30,-68,-82,9457,1476492004
64:BC:0C:50:F1:30,-68,-79,9517,1476492064
64:BC:0C:50:F1:30,-68,-80,9577,1476492124
64:BC:0C:50:F1:30,-68,-81,9637,1476492184
64:BC:0C:50:F1:30,-68,-82,9697,1476492244
64:BC:0C:50:F1:30,-68,-82,9757,1476492304
64:BC:0C:50:F1:30,-68,-82,9820,1476492367
64:BC:0C:50:F1:30,-68,-81,9880,1476492427
64:BC:0C:50:F1:30,-68,-80,9940,1476492487
64:BC:0C:50:F1:30,-68,-81,10000,1476492547
64:BC:0C:50:F1:30,-68,-81,10060,1476492607
64:BC:0C:50:F1:30,-68,-81,10123,1476492670
64:BC:0C:50:F1:30,-68,-81,10183,1476492730
64:BC:0C:50:F1:30,-68,-82,10243,1476492790
64:BC:0C:50:F1:30,-68,-82,10303,1476492850
64:BC:0C:50:F1:30,-68,-82,10363,1476492910
64:BC:0C:50:F1:30,-68,-83,10426,1476492973
64:BC:0C:50:F1:30,-68,-83,10487,1476493033
64:BC:0C:50:F1:30,-68,-79,10547,1476493093
64:BC:0C:50:F1:30,-68,-79,10607,1476493153
64:BC:0C:50:F1:30,-68,-80,10667,1476493213
64:BC:0C:50:F1:30,-68,-79,10730,1476493276
64:BC:0C:50:F1:30,-68,-80,10790,1476493336
64:BC:0C:50:F1:30,-68,-81,10850,1476493396
64:BC:0C:50:F1:30,-68,-82,10910,1476493456
64:BC:0C:50:F1:30,-68,-81,10970,1476493516
64:BC:0C:50:F1:30,-68,-78,11073,1476493619
64:BC:0C:50:F1:30,-68,-80,11133,1476493679
64:BC:0C:50:F1:30,-68,-81,11193,1476493739
64:BC:0C:50:F1:30,-68,-81,11253,1476493799
64:BC:0C:50:F1:30,-68,-81,11313,1476493859
64:BC:0C:50:F1:30,-68,-81,11373,1476493919
64:BC:0C:50:F1:30,-68,-81,11433,1476493979
64:BC:0C:50:F1:30,-68,-82,11493,1476494039
64:BC:0C:50:F1:30,-68,-82,11553,1476494099
64:BC:0C:50:F1:30,-68,-79,11650,1476494197
64:BC:0C:50:F1:30,-68,-80,11710,1476494257
64:BC:0C:50:F1:30,-68,-80,11770,1476494317
64:BC:0C:50:F1:30,-68,-81,11830,1476494377
64:BC:0C:50:F1:30,-68,-81,11890,1476494437
64:BC:0C:50:F1:30,-68,-81,11954,1476494500
64:BC:0C:50:F1:30,-68,-82,12014,1476494560
64:BC:0C:50:F1:30,-68,-80,12074,1476494620
64:BC:0C:50:F1:30,-68,-81,12134,1476494680
64:BC:0C:50:F1:30,-68,-80,12194,1476494740
64:BC:0C:50:F1:30,-68,-79,12257,1476494803
64:BC:0C:50:F1:30,-68,-81,12317,1476494863
64:BC:0C:50:F1:30,-68,-81,12377,1476494923
64:BC:0C:50:F1:30,-68,-81,12437,1476494983
64:BC:0C:50:F1:30,-68,-80,12497,1476495043
64:BC:0C:50:F1:30,-68,-81,12560,1476495106
64:BC:0C:50:F1:30,-68,-81,12620,1476495166
64:BC:0C:50:F1:30,-68,-81,12680,1476495226
64:BC:0C:50:F1:30,-67,-82,12740,1476495286
64:BC:0C:50:F1:30,-68,-79,12800,1476495346
64:BC:0C:50:F1:30,-68,-80,12863,1476495409
64:BC:0C:50:F1:30,-68,-81,12923,1476495469
64:BC:0C:50:F1:30,-68,-81,12983,1476495529
64:BC:0C:50:F1:30,-68,-81,13043,1476495589
64:BC:0C:50:F1:30,-68,-82,13103,1476495649
64:BC:0C:50:F1:30,-68,-79,13163,1476495709
64:BC:0C:50:F1:30,-68,-80,13223,1476495769
64:BC:0C:50:F1:30,-68,-81,13283,1476495829
64:BC:0C:50:F1:30,-68,-79,13343,1476495889
64:BC:0C:50:F1:30,-68,-79,13406,1476495952
64:BC:0C:50:F1:30,-68,-80,13466,1476496012
64:BC:0C:50:F1:30,-68,-82,13526,1476496072
64:BC:0C:50:F1:30,-68,-81,13586,1476496132
64:BC:0C:50:F1:30,-68,-80,13646,1476496192
64:BC:0C:50:F1:30,-68,-81,13709,1476496255
64:BC:0C:50:F1:30,-68,-82,13769,1476496315
64:BC:0C:50:F1:30,-68,-82,13829,1476496375
64:BC:0C:50:F1:30,-68,-81,13889,1476496435
64:BC:0C:50:F1:30,-68,-81,13949,1476496495
64:BC:0C:50:F1:30,-68,-80,14012,1476496558
64:BC:0C:50:F1:30,-68,-81,14072,1476496618
64:BC:0C:50:F1:30,-68,-82,14132,1476496678
64:BC:0C:50:F1:30,-68,-82,14192,1476496738
64:BC:0C:50:F1:30,-68,-79,14252,1476496798
64:BC:0C:50:F1:30,-68,-80,14349,1476496895
64:BC:0C:50:F1:30,-68,-82,14409,1476496955
64:BC:0C:50:F1:30,-68,-79,14469,1476497015
64:BC:0C:50:F1:30,-68,-81,14529,1476497075
64:BC:0C:50:F1:30,-68,-80,14589,1476497135
64:BC:0C:50:F1:30,-68,-81,14652,1476497198
64:BC:0C:50:F1:30,-68,-80,14712,1476497258
64:BC:0C:50:F1:30,-68,-80,14772,1476497318
64:BC:0C:50:F1:30,-68,-81,14832,1476497378
64:BC:0C:50:F1:30,-68,-82,14892,1476497438
64:BC:0C:50:F1:30,-68,-77,14952,1476497498
64:BC:0C:50:F1:30,-68,-80,15012,1476497558
64:BC:0C:50:F1:30,-68,-80,15072,1476497618
64:BC:0C:50:F1:30,-68,-81,15132,1476497678
64:BC:0C:50:F1:30,-68,-79,15195,1476497741
64:BC:0C:50:F1:30,-68,-79,15255,1476497801
64:BC:0C:50:F1:30,-68,-80,15315,1476497861
64:BC:0C:50:F1:30,-68,-81,15375,1476497921
64:BC:0C:50:F1:30,-68,-80,15435,1476497981
64:BC:0C:50:F1:30,-68,-79,15535,1476498081
64:BC:0C:50:F1:30,-68,-80,15595,1476498141
64:BC:0C:50:F1:30,-68,-81,15655,1476498201
64:BC:0C:50:F1:30,-68,-79,15715,1476498261
64:BC:0C:50:F1:30,-68,-81,15775,1476498321
64:BC:0C:50:F1:30,-68,-81,15838,1476498384
64:BC:0C:50:F1:30,-68,-82,15898,1476498444
64:BC:0C:50:F1:30,-68,-81,15958,1476498504
64:BC:0C:50:F1:30,-68,-81,16018,1476498564
64:BC:0C:50:F1:30,-67,-81,16078,1476498624
64:BC:0C:50:F1:30,-68,-82,16141,1476498687
64:BC:0C:50:F1:30,-68,-82,16201,1476498747
64:BC:0C:50:F1:30,-68,-81,16261,1476498807
64:BC:0C:50:F1:30,-68,-82,16321,1476498867
64:BC:0C:50:F1:30,-68,-78,16381,1476498927
64:BC:0C:50:F1:30,-67,-81,16444,1476498991
64:BC:0C:50:F1:30,-67,-82,16504,1476499051
64:BC:0C:50:F1:30,-68,-82,16564,1476499111
64:BC:0C:50:F1:30,-68,-82,16624,1476499171
64:BC:0C:50:F1:30,-68,-80,16684,1476499231
64:BC:0C:50:F1:30,-68,-80,16744,1476499291
64:BC:0C:50:F1:30,-68,-77,16804,1476499351
64:BC:0C:50:F1:30,-68,-77,16864,1476499411
64:BC:0C:50:F1:30,-68,-77,16924,1476499471
64:BC:0C:50:F1:30,-68,-78,16987,1476499534
64:BC:0C:50:F1:30,-68,-78,17047,1476499594
64:BC:0C:50:F1:30,-68,-78,17107,1476499654
64:BC:0C:50:F1:30,-68,-78,17167,1476499714
64:BC:0C:50:F1:30,-68,-77,17227,1476499774
64:BC:0C:50:F1:30,-68,-78,17290,1476499837
64:BC:0C:50:F1:30,-68,-77,17350,1476499897
64:BC:0C:50:F1:30,-68,-77,17410,1476499957
64:BC:0C:50:F1:30,-68,-77,17470,1476500017
64:BC:0C:50:F1:30,-68,-77,17530,1476500077
64:BC:0C:50:F1:30,-68,-77,17627,1476500174
64:BC:0C:50:F1:30,-68,-77,17687,1476500234
64:BC:0C:50:F1:30,-68,-77,17747,1476500294
64:BC:0C:50:F1:30,-68,-77,17807,1476500354
64:BC:0C:50:F1:30,-68,-77,17867,1476500414
64:BC:0C:50:F1:30,-68,-79,17931,1476500477
64:BC:0C:50:F1:30,-68,-81,17991,1476500537
64:BC:0C:50:F1:30,-69,-81,18051,1476500597
64:BC:0C:50:F1:30,-68,-82,18111,1476500657
64:BC:0C:50:F1:30,-68,-81,18171,1476500717
64:BC:0C:50:F1:30,-68,-81,18234,1476500780
64:BC:0C:50:F1:30,-68,-80,18294,1476500840
64:BC:0C:50:F1:30,-68,-81,18354,1476500900
64:BC:0C:50:F1:30,-68,-82,18414,1476500960
64:BC:0C:50:F1:30,-68,-80,18474,1476501020
64:BC:0C:50:F1:30,-68,-81,18534,1476501080
64:BC:0C:50:F1:30,-68,-83,18594,1476501140
64:BC:0C:50:F1:30,-68,-83,18654,1476501200
64:BC:0C:50:F1:30,-68,-81,18714,1476501260
64:BC:0C:50:F1:30,-68,-81,18777,1476501323
64:BC:0C:50:F1:30,-68,-81,18837,1476501383
64:BC:0C:50:F1:30,-68,-82,18897,1476501443
64:BC:0C:50:F1:30,-68,-79,18957,1476501503
64:BC:0C:50:F1:30,-68,-80,19017,1476501563
64:BC:0C:50:F1:30,-68,-81,19110,1476501656
64:BC:0C:50:F1:30,-68,-80,19170,1476501716
64:BC:0C:50:F1:30,-68,-81,19230,1476501776
64:BC:0C:50:F1:30,-67,-82,19290,1476501836
64:BC:0C:50:F1:30,-67,-82,19350,1476501896
64:BC:0C:50:F1:30,-68,-81,19413,1476501959
64:BC:0C:50:F1:30,-68,-81,19473,1476502019
64:BC:0C:50:F1:30,-68,-82,19533,1476502079
64:BC:0C:50:F1:30,-68,-81,19593,1476502139
64:BC:0C:50:F1:30,-68,-79,19653,1476502199
64:BC:0C:50:F1:30,-68,-80,19716,1476502262
64:BC:0C:50:F1:30,-68,-81,19776,1476502322
64:BC:0C:50:F1:30,-68,-81,19836,1476502382
64:BC:0C:50:F1:30,-68,-81,19896,1476502442
64:BC:0C:50:F1:30,-67,-81,19956,1476502502
64:BC:0C:50:F1:30,-67,-82,20019,1476502565
64:BC:0C:50:F1:30,-68,-81,20079,1476502625
64:BC:0C:50:F1:30,-68,-81,20139,1476502685
64:BC:0C:50:F1:30,-68,-81,20199,1476502745
64:BC:0C:50:F1:30,-68,-81,20259,1476502805
64:BC:0C:50:F1:30,-68,-81,20319,1476502865
64:BC:0C:50:F1:30,-67,-83,20379,1476502925
64:BC:0C:50:F1:30,-68,-82,20439,1476502985
64:BC:0C:50:F1:30,-68,-81,20499,1476503045
64:BC:0C:50:F1:30,-68,-82,20562,1476503108
64:BC:0C:50:F1:30,-68,-82,20622,1476503168
64:BC:0C:50:F1:30,-68,-78,20682,1476503228
64:BC:0C:50:F1:30,-68,-80,20742,1476503288
64:BC:0C:50:F1:30,-68,-81,20802,1476503348
64:BC:0C:50:F1:30,-68,-82,20865,1476503411
64:BC:0C:50:F1:30,-68,-81,20925,1476503471
64:BC:0C:50:F1:30,-68,-80,20985,1476503531
64:BC:0C:50:F1:30,-68,-81,21045,1476503591
64:BC:0C:50:F1:30,-67,-81,21105,1476503651
64:BC:0C:50:F1:30,-67,-82,21198,1476503744
64:BC:0C:50:F1:30,-68,-81,21258,1476503804
64:BC:0C:50:F1:30,-68,-81,21318,1476503864
64:BC:0C:50:F1:30,-68,-82,21378,1476503924
64:BC:0C:50:F1:30,-67,-79,21438,1476503984
64:BC:0C:50:F1:30,-67,-80,21501,1476504047
64:BC:0C:50:F1:30,-67,-81,21561,1476504107
64:BC:0C:50:F1:30,-67,-81,21621,1476504167
64:BC:0C:50:F1:30,-68,-81,21681,1476504227
64:BC:0C:50:F1:30,-68,-81,21741,1476504287
64:BC:0C:50:F1:30,-68,-81,21804,1476504351
64:BC:0C:50:F1:30,-68,-81,21864,1476504411
64:BC:0C:50:F1:30,-68,-81,21924,1476504471
64:BC:0C:50:F1:30,-68,-82,21984,1476504531
64:BC:0C:50:F1:30,-67,-82,22051,1476504597
64:BC:0C:50:F1:30,-68,-81,22111,1476504657
64:BC:0C:50:F1:30,-67,-82,22171,1476504717
64:BC:0C:50:F1:30,-67,-82,22231,1476504777
64:BC:0C:50:F1:30,-68,-82,22291,1476504837
64:BC:0C:50:F1:30,-68,-82,22354,1476504900
64:BC:0C:50:F1:30,-68,-81,22414,1476504960
64:BC:0C:50:F1:30,-68,-82,22474,1476505020
64:BC:0C:50:F1:30,-67,-82,22534,1476505080
64:BC:0C:50:F1:30,-67,-82,22594,1476505140
64:BC:0C:50:F1:30,-68,-81,22686,1476505232
64:BC:0C:50:F1:30,-68,-81,22746,1476505292
64:BC:0C:50:F1:30,-68,-82,22806,1476505352
64:BC:0C:50:F1:30,-68,-82,22866,1476505412
64:BC:0C:50:F1:30,-68,-82,22926,1476505472
64:BC:0C:50:F1:30,-67,-82,22989,1476505535
64:BC:0C:50:F1:30,-67,-82,23049,1476505595
64:BC:0C:50:F1:30,-67,-82,23109,1476505655
64:BC:0C:50:F1:30,-68,-82,23169,1476505715
64:BC:0C:50:F1:30,-68,-80,23229,1476505775
64:BC:0C:50:F1:30,-67,-80,23292,1476505838
64:BC:0C:50:F1:30,-68,-77,23352,1476505898
64:BC:0C:50:F1:30,-68,-80,23412,1476505958
64:BC:0C:50:F1:30,-68,-81,23472,1476506018
64:BC:0C:50:F1:30,-68,-81,23532,1476506078
Client_MAC,Rssi0,Rssi1,Connection_Time,EpocTime
AC:CF:85:28:94:E2,-59,-73,3866,1476560116
64:BC:0C:50:F1:30,-63,-76,77569,1476560116
AC:CF:85:28:94:E2,-58,-72,3926,1476560176
64:BC:0C:50:F1:30,-62,-76,77629,1476560176
AC:CF:85:28:94:E2,-63,-74,3986,1476560236
64:BC:0C:50:F1:30,-62,-75,77689,1476560236
AC:CF:85:28:94:E2,-61,-73,4046,1476560296
64:BC:0C:50:F1:30,-63,-76,77749,1476560296
AC:CF:85:28:94:E2,-58,-71,4106,1476560356
64:BC:0C:50:F1:30,-62,-76,77809,1476560356
AC:CF:85:28:94:E2,-58,-72,4169,1476560419
64:BC:0C:50:F1:30,-62,-75,77872,1476560419
AC:CF:85:28:94:E2,-62,-74,4229,1476560479
64:BC:0C:50:F1:30,-62,-76,77932,1476560479
AC:CF:85:28:94:E2,-60,-73,4289,1476560539
64:BC:0C:50:F1:30,-62,-76,77992,1476560539
AC:CF:85:28:94:E2,-60,-75,4349,1476560599
64:BC:0C:50:F1:30,-61,-75,78052,1476560599
AC:CF:85:28:94:E2,-60,-75,4409,1476560659
64:BC:0C:50:F1:30,-60,-75,78112,1476560659
AC:CF:85:28:94:E2,-60,-74,4502,1476560751
64:BC:0C:50:F1:30,-63,-75,78205,1476560751
AC:CF:85:28:94:E2,-60,-72,4562,1476560811
64:BC:0C:50:F1:30,-63,-76,78265,1476560811
AC:CF:85:28:94:E2,-60,-71,4622,1476560871
64:BC:0C:50:F1:30,-62,-76,78325,1476560871
AC:CF:85:28:94:E2,-59,-70,4682,1476560931
64:BC:0C:50:F1:30,-63,-76,78385,1476560931
AC:CF:85:28:94:E2,-59,-70,4742,1476560991
64:BC:0C:50:F1:30,-63,-76,78445,1476560991
AC:CF:85:28:94:E2,-65,-76,4805,1476561054
64:BC:0C:50:F1:30,-61,-75,78508,1476561054
AC:CF:85:28:94:E2,-62,-73,4865,1476561114
64:BC:0C:50:F1:30,-68,-75,78568,1476561114
AC:CF:85:28:94:E2,-60,-71,4925,1476561174
64:BC:0C:50:F1:30,-65,-80,78628,1476561174
AC:CF:85:28:94:E2,-60,-71,4985,1476561234
64:BC:0C:50:F1:30,-71,-76,78688,1476561234
AC:CF:85:28:94:E2,-58,-68,5045,1476561294
64:BC:0C:50:F1:30,-70,-81,78748,1476561294
AC:CF:85:28:94:E2,-57,-68,5108,1476561357
64:BC:0C:50:F1:30,-61,-77,78811,1476561357
AC:CF:85:28:94:E2,-60,-74,5168,1476561417
64:BC:0C:50:F1:30,-61,-77,78871,1476561417
AC:CF:85:28:94:E2,-60,-74,5228,1476561477
64:BC:0C:50:F1:30,-61,-78,78931,1476561477
AC:CF:85:28:94:E2,-60,-73,5288,1476561537
64:BC:0C:50:F1:30,-61,-77,78991,1476561537
AC:CF:85:28:94:E2,-61,-71,5348,1476561597
64:BC:0C:50:F1:30,-61,-77,79051,1476561597
AC:CF:85:28:94:E2,-61,-72,5408,1476561657
64:BC:0C:50:F1:30,-62,-76,79111,1476561657
AC:CF:85:28:94:E2,-60,-72,5468,1476561717
64:BC:0C:50:F1:30,-65,-77,79171,1476561717
AC:CF:85:28:94:E2,-63,-73,5528,1476561777
64:BC:0C:50:F1:30,-62,-76,79231,1476561777
AC:CF:85:28:94:E2,-64,-72,5588,1476561837
64:BC:0C:50:F1:30,-61,-76,79291,1476561837
AC:CF:85:28:94:E2,-64,-79,5651,1476561900
64:BC:0C:50:F1:30,-62,-76,79354,1476561900
AC:CF:85:28:94:E2,-65,-78,5711,1476561960
64:BC:0C:50:F1:30,-62,-76,79414,1476561960
AC:CF:85:28:94:E2,-62,-76,5771,1476562020
64:BC:0C:50:F1:30,-65,-76,79474,1476562020
AC:CF:85:28:94:E2,-61,-77,5831,1476562080
64:BC:0C:50:F1:30,-62,-78,79534,1476562080
AC:CF:85:28:94:E2,-58,-71,5891,1476562140
64:BC:0C:50:F1:30,-59,-80,79594,1476562140
AC:CF:85:28:94:E2,-70,-81,5985,1476562234
64:BC:0C:50:F1:30,-61,-80,79688,1476562234
AC:CF:85:28:94:E2,-69,-81,6045,1476562294
64:BC:0C:50:F1:30,-60,-81,79748,1476562294
AC:CF:85:28:94:E2,-79,-87,6105,1476562354
64:BC:0C:50:F1:30,-62,-79,79808,1476562354
AC:CF:85:28:94:E2,-62,-72,6165,1476562414
64:BC:0C:50:F1:30,-62,-79,79868,1476562414
AC:CF:85:28:94:E2,-60,-72,6225,1476562474
64:BC:0C:50:F1:30,-64,-76,79928,1476562474
AC:CF:85:28:94:E2,-62,-72,6288,1476562538
64:BC:0C:50:F1:30,-60,-72,79991,1476562538
AC:CF:85:28:94:E2,-63,-71,6348,1476562598
64:BC:0C:50:F1:30,-65,-74,80051,1476562598
AC:CF:85:28:94:E2,-64,-73,6408,1476562658
64:BC:0C:50:F1:30,-70,-77,80111,1476562658
AC:CF:85:28:94:E2,-63,-73,6468,1476562718
64:BC:0C:50:F1:30,-64,-76,80171,1476562718
AC:CF:85:28:94:E2,-63,-72,6528,1476562778
64:BC:0C:50:F1:30,-71,-83,80231,1476562778
AC:CF:85:28:94:E2,-63,-71,6591,1476562841
64:BC:0C:50:F1:30,-68,-77,80294,1476562841
AC:CF:85:28:94:E2,-64,-71,6651,1476562901
64:BC:0C:50:F1:30,-67,-77,80354,1476562901
AC:CF:85:28:94:E2,-63,-71,6711,1476562961
64:BC:0C:50:F1:30,-71,-85,80414,1476562961
AC:CF:85:28:94:E2,-61,-72,6771,1476563021
64:BC:0C:50:F1:30,-66,-84,80474,1476563021
AC:CF:85:28:94:E2,-62,-71,6831,1476563081
64:BC:0C:50:F1:30,-70,-84,80534,1476563081
AC:CF:85:28:94:E2,-63,-73,6894,1476563144
64:BC:0C:50:F1:30,-66,-81,80597,1476563144
AC:CF:85:28:94:E2,-64,-72,6954,1476563204
64:BC:0C:50:F1:30,-66,-83,80657,1476563204
AC:CF:85:28:94:E2,-64,-71,7014,1476563264
64:BC:0C:50:F1:30,-75,-84,80717,1476563264
AC:CF:85:28:94:E2,-65,-70,7074,1476563324
64:BC:0C:50:F1:30,-73,-81,80777,1476563324
AC:CF:85:28:94:E2,-55,-73,7134,1476563384
64:BC:0C:50:F1:30,-71,-82,80837,1476563384
AC:CF:85:28:94:E2,-54,-74,7194,1476563444
64:BC:0C:50:F1:30,-74,-83,80897,1476563444
AC:CF:85:28:94:E2,-54,-76,7254,1476563504
64:BC:0C:50:F1:30,-71,-84,80957,1476563504
AC:CF:85:28:94:E2,-58,-76,7314,1476563564
64:BC:0C:50:F1:30,-72,-83,81017,1476563564
AC:CF:85:28:94:E2,-58,-74,7374,1476563624
64:BC:0C:50:F1:30,-67,-77,81077,1476563624
AC:CF:85:28:94:E2,-61,-74,7437,1476563687
64:BC:0C:50:F1:30,-66,-79,81140,1476563687
AC:CF:85:28:94:E2,-59,-76,7497,1476563747
64:BC:0C:50:F1:30,-67,-79,81200,1476563747
AC:CF:85:28:94:E2,-59,-76,7557,1476563807
64:BC:0C:50:F1:30,-63,-72,81260,1476563807
AC:CF:85:28:94:E2,-59,-78,7617,1476563867
64:BC:0C:50:F1:30,-73,-87,81320,1476563867
AC:CF:85:28:94:E2,-57,-75,7677,1476563927
64:BC:0C:50:F1:30,-73,-87,81380,1476563927
AC:CF:85:28:94:E2,-65,-71,7741,1476563990
64:BC:0C:50:F1:30,-75,-85,81444,1476563990
AC:CF:85:28:94:E2,-61,-73,7801,1476564050
64:BC:0C:50:F1:30,-75,-86,81504,1476564050
AC:CF:85:28:94:E2,-60,-73,7861,1476564110
64:BC:0C:50:F1:30,-75,-85,81564,1476564110
AC:CF:85:28:94:E2,-56,-70,7921,1476564170
64:BC:0C:50:F1:30,-79,-86,81624,1476564170
AC:CF:85:28:94:E2,-55,-69,7981,1476564230
64:BC:0C:50:F1:30,-74,-84,81684,1476564230
AC:CF:85:28:94:E2,-58,-71,8074,1476564323
64:BC:0C:50:F1:30,-76,-85,81777,1476564323
AC:CF:85:28:94:E2,-57,-71,8134,1476564383
64:BC:0C:50:F1:30,-77,-84,81837,1476564383
AC:CF:85:28:94:E2,-57,-71,8194,1476564443
64:BC:0C:50:F1:30,-79,-85,81897,1476564443
AC:CF:85:28:94:E2,-57,-71,8254,1476564503
64:BC:0C:50:F1:30,-78,-84,81957,1476564503
AC:CF:85:28:94:E2,-58,-72,8314,1476564563
64:BC:0C:50:F1:30,-77,-84,82017,1476564563
AC:CF:85:28:94:E2,-56,-70,8377,1476564626
64:BC:0C:50:F1:30,-77,-85,82080,1476564626
AC:CF:85:28:94:E2,-56,-71,8437,1476564686
64:BC:0C:50:F1:30,-77,-84,82140,1476564686
AC:CF:85:28:94:E2,-57,-71,8497,1476564746
64:BC:0C:50:F1:30,-78,-85,82200,1476564746
AC:CF:85:28:94:E2,-62,-69,8557,1476564806
64:BC:0C:50:F1:30,-77,-84,82260,1476564806
AC:CF:85:28:94:E2,-62,-70,8617,1476564866
64:BC:0C:50:F1:30,-77,-86,82320,1476564866
AC:CF:85:28:94:E2,-62,-69,8680,1476564929
64:BC:0C:50:F1:30,-75,-84,82383,1476564929
AC:CF:85:28:94:E2,-61,-68,8740,1476564989
64:BC:0C:50:F1:30,-77,-84,82443,1476564989
AC:CF:85:28:94:E2,-62,-69,8800,1476565050
64:BC:0C:50:F1:30,-75,-84,82503,1476565050
AC:CF:85:28:94:E2,-62,-69,8860,1476565110
64:BC:0C:50:F1:30,-77,-84,82563,1476565110
AC:CF:85:28:94:E2,-62,-69,8920,1476565170
64:BC:0C:50:F1:30,-77,-84,82623,1476565170
AC:CF:85:28:94:E2,-61,-70,8980,1476565230
64:BC:0C:50:F1:30,-76,-83,82683,1476565230
AC:CF:85:28:94:E2,-62,-69,9040,1476565290
64:BC:0C:50:F1:30,-75,-84,82743,1476565290
AC:CF:85:28:94:E2,-62,-69,9100,1476565350
64:BC:0C:50:F1:30,-76,-84,82803,1476565350
AC:CF:85:28:94:E2,-60,-68,9160,1476565410
64:BC:0C:50:F1:30,-77,-84,82863,1476565410
AC:CF:85:28:94:E2,-63,-71,9223,1476565473
64:BC:0C:50:F1:30,-78,-84,82926,1476565473
AC:CF:85:28:94:E2,-62,-70,9283,1476565533
64:BC:0C:50:F1:30,-76,-84,82986,1476565533
AC:CF:85:28:94:E2,-61,-69,9343,1476565593
64:BC:0C:50:F1:30,-76,-84,83046,1476565593
AC:CF:85:28:94:E2,-62,-70,9403,1476565653
64:BC:0C:50:F1:30,-75,-84,83106,1476565653
AC:CF:85:28:94:E2,-61,-68,9463,1476565713
64:BC:0C:50:F1:30,-75,-84,83166,1476565713
AC:CF:85:28:94:E2,-61,-69,9526,1476565776
64:BC:0C:50:F1:30,-75,-85,83229,1476565776
AC:CF:85:28:94:E2,-62,-69,9586,1476565836
64:BC:0C:50:F1:30,-76,-84,83289,1476565836
AC:CF:85:28:94:E2,-62,-70,9646,1476565896
64:BC:0C:50:F1:30,-77,-84,83349,1476565896
AC:CF:85:28:94:E2,-62,-70,9706,1476565956
64:BC:0C:50:F1:30,-76,-85,83409,1476565956
AC:CF:85:28:94:E2,-62,-69,9766,1476566016
64:BC:0C:50:F1:30,-76,-84,83469,1476566016
AC:CF:85:28:94:E2,-61,-70,9859,1476566109
64:BC:0C:50:F1:30,-80,-85,83562,1476566109
AC:CF:85:28:94:E2,-61,-69,9919,1476566169
64:BC:0C:50:F1:30,-76,-84,83622,1476566169
AC:CF:85:28:94:E2,-61,-69,9979,1476566229
64:BC:0C:50:F1:30,-77,-85,83682,1476566229
AC:CF:85:28:94:E2,-62,-69,10039,1476566289
64:BC:0C:50:F1:30,-78,-85,83742,1476566289
AC:CF:85:28:94:E2,-61,-70,10099,1476566349
64:BC:0C:50:F1:30,-77,-84,83802,1476566349
AC:CF:85:28:94:E2,-60,-69,10163,1476566412
64:BC:0C:50:F1:30,-75,-84,83866,1476566412
AC:CF:85:28:94:E2,-54,-70,10223,1476566472
64:BC:0C:50:F1:30,-74,-83,83926,1476566472
AC:CF:85:28:94:E2,-55,-73,10283,1476566532
64:BC:0C:50:F1:30,-76,-84,83986,1476566532
AC:CF:85:28:94:E2,-55,-72,10343,1476566592
64:BC:0C:50:F1:30,-77,-85,84046,1476566592
AC:CF:85:28:94:E2,-55,-70,10403,1476566652
64:BC:0C:50:F1:30,-77,-85,84106,1476566652
AC:CF:85:28:94:E2,-54,-70,10466,1476566715
64:BC:0C:50:F1:30,-75,-87,84169,1476566715
AC:CF:85:28:94:E2,-54,-69,10526,1476566775
64:BC:0C:50:F1:30,-74,-87,84229,1476566775
AC:CF:85:28:94:E2,-54,-69,10586,1476566835
64:BC:0C:50:F1:30,-74,-88,84289,1476566835
AC:CF:85:28:94:E2,-56,-72,10646,1476566895
64:BC:0C:50:F1:30,-73,-87,84349,1476566895
AC:CF:85:28:94:E2,-56,-72,10706,1476566955
64:BC:0C:50:F1:30,-73,-87,84409,1476566955
AC:CF:85:28:94:E2,-57,-73,10766,1476567015
64:BC:0C:50:F1:30,-73,-87,84469,1476567015
AC:CF:85:28:94:E2,-55,-71,10826,1476567075
64:BC:0C:50:F1:30,-75,-88,84529,1476567075
AC:CF:85:28:94:E2,-56,-71,10886,1476567135
64:BC:0C:50:F1:30,-73,-86,84589,1476567135
AC:CF:85:28:94:E2,-56,-72,10946,1476567195
64:BC:0C:50:F1:30,-73,-86,84649,1476567195
AC:CF:85:28:94:E2,-57,-71,11009,1476567258
64:BC:0C:50:F1:30,-74,-86,84712,1476567258
AC:CF:85:28:94:E2,-55,-70,11069,1476567318
64:BC:0C:50:F1:30,-74,-87,84772,1476567318
AC:CF:85:28:94:E2,-55,-67,11129,1476567378
64:BC:0C:50:F1:30,-72,-80,84832,1476567378
AC:CF:85:28:94:E2,-56,-73,11189,1476567438
64:BC:0C:50:F1:30,-72,-83,84892,1476567438
AC:CF:85:28:94:E2,-58,-66,11249,1476567498
64:BC:0C:50:F1:30,-74,-81,84952,1476567498
