Wed Oct 19 00:22:33 IST 2016
ra0       get_site_survey:
Ch  SSID                             BSSID               Security               Siganl(%)W-Mode  ExtCH  NT WPS DPID
1   peek-a-boo                       c4:12:f5:76:85:48   WPA1PSKWPA2PSK/TKIPAES 34       11b/g/n NONE   In YES     
1   sanjaynit                        90:8d:78:c2:ea:29   WPA1PSKWPA2PSK/AES     42       11b/g/n NONE   In YES     
1   Clash of Titans                  90:8d:78:c2:ed:5d   WPAPSK/TKIP            31       11b/g   NONE   In  NO     
1   BEAM287953                       bc:96:81:f5:70:0b   WPAPSK/AES             34       11b/g/n ABOVE  In YES     
1   ALIBABA                          3c:1e:04:0c:31:e4   WPA1PSKWPA2PSK/TKIPAES 29       11b/g/n NONE   In YES     
4   gowthami                         60:e3:27:55:ed:66   WPA2PSK/AES            0        11b/g/n ABOVE  In YES     
4   CHETAN                           30:b5:c2:2d:c0:e2   WPA2PSK/AES            65       11b/g/n ABOVE  In YES     
5   NETGEAR18                        28:c6:8e:db:25:3b   WPA2PSK/AES            50       11b/g   NONE   In YES     
6   bee..                            e4:71:85:60:00:84   WPA2PSK/AES            96       11b/g/n ABOVE  In  NO     
6   LAKKA                            00:17:7c:30:02:81   WPA2PSK/AES            63       11b/g/n BELOW  In YES     
6   santulucky                       e4:71:85:50:04:84   WPA1PSKWPA2PSK/TKIPAES 89       11b/g/n ABOVE  In  NO     
6   bee..                            e4:71:85:60:02:d4   WPA2PSK/AES            81       11b/g/n ABOVE  In  NO     
10  DIGISOL                          00:17:7c:44:27:49   WPA1PSKWPA2PSK/AES     10       11b/g/n NONE   In YES     
11  m&m                              d8:fe:e3:7b:24:7a   WPA1PSKWPA2PSK/TKIPAES 15       11b/g/n NONE   In YES     
11  myhotspot                        0c:60:76:0c:07:97   WPA2PSK/AES            57       11b/g   NONE   In  NO     
11  KUTIR                            4c:60:de:fe:81:c4   WPA2PSK/AES            15       11b/g/n NONE   In YES     
11  n@!n!k@                          78:54:2e:92:5c:d8   WPA2PSK/AES            10       11b/g/n BELOW  In YES     
11  hellonet                         50:6a:03:f1:42:6c   WPA2PSK/AES            0        11b/g/n NONE   In YES     
11  ZTE_MF29_428AD3                  78:e8:b6:42:8a:d3   WPA1PSKWPA2PSK/TKIPAES 18       11b/g/n NONE   In  NO     
11                                   e4:71:85:30:2f:4c   WPA1PSKWPA2PSK/TKIPAES 68       11b/g/n NONE   In  NO     
11  BansalsNet                       6c:b0:ce:71:ff:94   WPA2PSK/AES            13       11b/g/n NONE   In YES     
11  Casper                           a4:2b:8c:e8:44:24   WPA2PSK/AES            0        11b/g/n NONE   In YES     

Wed Oct 19 00:52:19 IST 2016
ra0       get_site_survey:
Ch  SSID                             BSSID               Security               Siganl(%)W-Mode  ExtCH  NT WPS DPID
1   ap                               10:0d:7f:a9:b9:7a   WPA1PSKWPA2PSK/TKIPAES 96       11b/g/n NONE   In YES     
1   BEAM287953                       bc:96:81:f5:70:0b   WPAPSK/AES             39       11b/g/n NONE   In YES     
2   Kalyan141                        78:54:2e:f0:84:cc   WPA1PSKWPA2PSK/TKIPAES 60       11b/g/n NONE   In YES     
2   SIN                              c0:a0:bb:c7:a4:10   WPA1PSKWPA2PSK/TKIPAES 2        11b/g/n NONE   In YES     
2   TP-LINK_18F2                     f4:f2:6d:8f:18:f2   WPA1PSKWPA2PSK/AES     0        11b/g/n ABOVE  In YES     
2   Kidar                            78:54:2e:a3:4a:2a   WPA1PSKWPA2PSK/TKIPAES 10       11b/g/n NONE   In YES     
3   E3003                            18:a6:f7:7a:b4:32   WPA1PSKWPA2PSK/AES     0        11b/g/n ABOVE  In YES     
4   CHETAN                           30:b5:c2:2d:c0:e2   WPA2PSK/AES            60       11b/g/n ABOVE  In YES     
5   NETGEAR18                        28:c6:8e:db:25:3b   WPA2PSK/AES            47       11b/g   NONE   In YES     
5   wolf's                           28:c6:8e:d6:ff:ec   WPA1PSKWPA2PSK/TKIPAES 0        11b/g   NONE   In YES     
6   santulucky                       e4:71:85:50:04:84   WPA1PSKWPA2PSK/TKIPAES 89       11b/g/n ABOVE  In  NO     
6   bee..                            e4:71:85:60:00:84   WPA2PSK/AES            99       11b/g/n ABOVE  In  NO     
6   LAKKA                            00:17:7c:30:02:81   WPA2PSK/AES            55       11b/g/n NONE   In YES     
6   bee..                            e4:71:85:60:02:d4   WPA2PSK/AES            86       11b/g/n ABOVE  In  NO     
11  m&m                              d8:fe:e3:7b:24:7a   WPA1PSKWPA2PSK/TKIPAES 13       11b/g/n NONE   In YES     
11  BansalsNet                       6c:b0:ce:71:ff:94   WPA2PSK/AES            18       11b/g/n NONE   In YES     
11  myhotspot                        0c:60:76:0c:07:97   WPA2PSK/AES            55       11b/g   NONE   In  NO     
11  n@!n!k@                          78:54:2e:92:5c:d8   WPA2PSK/AES            15       11b/g/n BELOW  In YES     
11  madhav                           6c:19:8f:0a:9e:7e   WPA1PSKWPA2PSK/TKIPAES 0        11b/g/n NONE   In YES     
11  GAURAV                           e8:cc:18:ba:5a:40   WPA1PSKWPA2PSK/AES     7        11b/g/n BELOW  In YES     
11  KUTIR                            4c:60:de:fe:81:c4   WPA2PSK/AES            13       11b/g/n NONE   In YES     
11  ZTE_MF29_428AD3                  78:e8:b6:42:8a:d3   WPA1PSKWPA2PSK/TKIPAES 15       11b/g/n NONE   In  NO     

Wed Oct 19 09:15:12 IST 2016
ra0       get_site_survey:
Ch  SSID                             BSSID               Security               Siganl(%)W-Mode  ExtCH  NT WPS DPID
1   ALIBABA                          3c:1e:04:0c:31:e4   WPA1PSKWPA2PSK/TKIPAES 34       11b/g/n NONE   In YES     
1   Clash of Titans                  90:8d:78:c2:ed:5d   WPAPSK/TKIP            29       11b/g   NONE   In  NO     
1   BEAM287953                       bc:96:81:f5:70:0b   WPAPSK/AES             37       11b/g/n NONE   In YES     
1   ap                               10:0d:7f:a9:b9:7a   WPA1PSKWPA2PSK/TKIPAES 26       11b/g/n NONE   In YES     
1   peek-a-boo                       c4:12:f5:76:85:48   WPA1PSKWPA2PSK/TKIPAES 29       11b/g/n NONE   In YES     
1   dlink                            c4:12:f5:72:06:fc   WPA1PSKWPA2PSK/TKIPAES 29       11b/g/n NONE   In YES     
1   HILLOL/BD                        70:5a:9e:a6:a6:89   WPA1PSKWPA2PSK/TKIPAES 26       11b/g/n NONE   In  NO     
1   bond007                          70:5a:9e:65:8e:2a   WPA1PSKWPA2PSK/TKIPAES 26       11b/g/n NONE   In  NO     
2   SIN                              c0:a0:bb:c7:a4:10   WPA1PSKWPA2PSK/TKIPAES 7        11b/g/n NONE   In YES     
2   Kalyan141                        78:54:2e:f0:84:cc   WPA1PSKWPA2PSK/TKIPAES 55       11b/g/n NONE   In YES     
2   Kidar                            78:54:2e:a3:4a:2a   WPA1PSKWPA2PSK/TKIPAES 7        11b/g/n NONE   In YES     
4   CHETAN                           30:b5:c2:2d:c0:e2   WPA2PSK/AES            55       11b/g/n ABOVE  In YES     
4   gowthami                         60:e3:27:55:ed:66   WPA2PSK/AES            0        11b/g/n ABOVE  In YES     
5   NETGEAR18                        28:c6:8e:db:25:3b   WPA2PSK/AES            34       11b/g   NONE   In YES     
6   bee..                            e4:71:85:60:02:d4   WPA2PSK/AES            96       11b/g/n ABOVE  In  NO     
6   shenishetty's                    18:a6:f7:40:f4:ca   WPA1PSKWPA2PSK/AES     13       11b/g/n BELOW  In YES     
6   santulucky                       e4:71:85:50:04:84   WPA1PSKWPA2PSK/TKIPAES 78       11b/g/n ABOVE  In  NO     
6   Abhinam2504                      00:0b:04:12:a5:a5   WPA2PSK/AES            10       11b/g/n NONE   In YES     
8   G1004                            f4:f2:6d:2a:d1:a0   WPA1PSKWPA2PSK/AES     18       11b/g/n BELOW  In YES     
11  madhav                           6c:19:8f:0a:9e:7e   WPA1PSKWPA2PSK/TKIPAES 0        11b/g/n NONE   In YES     
11  BansalsNet                       6c:b0:ce:71:ff:94   WPA2PSK/AES            2        11b/g/n NONE   In YES     
11  n@!n!k@                          78:54:2e:92:5c:d8   WPA2PSK/AES            10       11b/g/n BELOW  In YES     
11  myhotspot                        0c:60:76:0c:07:97   WPA2PSK/AES            50       11b/g   NONE   In  NO     
11  hellonet                         50:6a:03:f1:42:6c   WPA2PSK/AES            5        11b/g/n NONE   In YES     
11  RAJESH                           1c:5f:2b:da:51:d0   WPA1PSKWPA2PSK/AES     18       11b/g/n NONE   In  NO     
11  GAURAV                           e8:cc:18:ba:5a:40   WPA1PSKWPA2PSK/AES     5        11b/g/n BELOW  In YES     
11  KUTIR                            4c:60:de:fe:81:c4   WPA2PSK/AES            10       11b/g/n NONE   In YES     
11                                   e4:71:85:30:2f:4c   WPA1PSKWPA2PSK/TKIPAES 55       11b/g/n NONE   In  NO     

Wed Oct 19 09:44:33 IST 2016
ra0       get_site_survey:
Ch  SSID                             BSSID               Security               Siganl(%)W-Mode  ExtCH  NT WPS DPID
1   dlink                            c4:12:f5:72:06:fc   WPA1PSKWPA2PSK/TKIPAES 31       11b/g/n NONE   In YES     
1   Clash of Titans                  90:8d:78:c2:ed:5d   WPAPSK/TKIP            34       11b/g   NONE   In  NO     
1   HILLOL/BD                        70:5a:9e:a6:a6:89   WPA1PSKWPA2PSK/TKIPAES 26       11b/g/n NONE   In  NO     
1   sanjaynit                        90:8d:78:c2:ea:29   WPA1PSKWPA2PSK/AES     34       11b/g/n NONE   In YES     
1   ALIBABA                          3c:1e:04:0c:31:e4   WPA1PSKWPA2PSK/TKIPAES 26       11b/g/n NONE   In YES     
2   Kalyan141                        78:54:2e:f0:84:cc   WPA1PSKWPA2PSK/TKIPAES 68       11b/g/n NONE   In YES     
2   SIN                              c0:a0:bb:c7:a4:10   WPA1PSKWPA2PSK/TKIPAES 0        11b/g/n NONE   In YES     
2   Kidar                            78:54:2e:a3:4a:2a   WPA1PSKWPA2PSK/TKIPAES 2        11b/g/n NONE   In YES     
3   E3003                            18:a6:f7:7a:b4:32   WPA1PSKWPA2PSK/AES     2        11b/g/n ABOVE  In YES     
3   G1005                            c4:12:f5:ba:76:22   WPA1PSKWPA2PSK/AES     13       11b/g/n NONE   In  NO     
4   CHETAN                           30:b5:c2:2d:c0:e2   WPA2PSK/AES            55       11b/g/n ABOVE  In YES     
4   gowthami                         60:e3:27:55:ed:66   WPA2PSK/AES            0        11b/g/n ABOVE  In YES     
5   NETGEAR18                        28:c6:8e:db:25:3b   WPA2PSK/AES            26       11b/g   NONE   In YES     
6   shenishetty's                    18:a6:f7:40:f4:ca   WPA1PSKWPA2PSK/AES     10       11b/g/n BELOW  In YES     
6   santulucky                       e4:71:85:50:04:84   WPA1PSKWPA2PSK/TKIPAES 81       11b/g/n ABOVE  In  NO     
6   bee..                            e4:71:85:60:02:d4   WPA2PSK/AES            83       11b/g/n ABOVE  In  NO     
11  GAURAV                           e8:cc:18:ba:5a:40   WPA1PSKWPA2PSK/AES     10       11b/g/n BELOW  In YES     
11  BansalsNet                       6c:b0:ce:71:ff:94   WPA2PSK/AES            7        11b/g/n NONE   In YES     
11  myhotspot                        0c:60:76:0c:07:97   WPA2PSK/AES            55       11b/g   NONE   In  NO     
11                                   e4:71:85:30:2f:4c   WPA1PSKWPA2PSK/TKIPAES 63       11b/g/n NONE   In  NO     
11  KUTIR                            4c:60:de:fe:81:c4   WPA2PSK/AES            10       11b/g/n NONE   In YES     
11  n@!n!k@                          78:54:2e:92:5c:d8   WPA2PSK/AES            10       11b/g/n BELOW  In YES     
11  hellonet                         50:6a:03:f1:42:6c   WPA2PSK/AES            0        11b/g/n NONE   In YES     

Thu Oct 20 21:06:59 IST 2016
rai0      get_site_survey:
Ch  SSID                             BSSID               Security               Siganl(%)W-Mode  ExtCH  NT WPS DPID
149                                  e4:71:85:30:2f:48   WPA1PSKWPA2PSK/TKIPAES 0        11a/n/ac ABOVE  In  NO     
149 A.Bee                            e4:71:85:60:00:80   WPA2PSK/AES            34       11a/n/ac ABOVE  In  NO     
149 A.Bee                            e4:71:85:60:02:d0   WPA2PSK/AES            34       11a/n/ac ABOVE  In  NO     

Wed Oct 19 22:25:31 IST 2016
ra0       get_site_survey:
Ch  SSID                             BSSID               Security               Siganl(%)W-Mode  ExtCH  NT WPS DPID
1   Clash of Titans                  90:8d:78:c2:ed:5d   WPAPSK/TKIP            37       11b/g   NONE   In  NO     
1   NETGEAR18                        28:c6:8e:db:25:3b   WPA2PSK/AES            37       11b/g   NONE   In YES     
1   wolf's                           28:c6:8e:d6:ff:ec   WPA1PSKWPA2PSK/TKIPAES 29       11b/g   NONE   In YES     
1   peek-a-boo                       c4:12:f5:76:85:48   WPA1PSKWPA2PSK/TKIPAES 29       11b/g/n NONE   In YES     
1   GAURAV                           e8:cc:18:ba:5a:40   WPA1PSKWPA2PSK/AES     24       11b/g/n NONE   In YES     
2   E3003                            18:a6:f7:7a:b4:32   WPA1PSKWPA2PSK/AES     10       11b/g/n ABOVE  In YES     
2   SIN                              c0:a0:bb:c7:a4:10   WPA1PSKWPA2PSK/TKIPAES 13       11b/g/n NONE   In YES     
4   G1005                            c4:12:f5:ba:76:22   WPA1PSKWPA2PSK/AES     5        11b/g/n NONE   In  NO     
5   BEAM287953                       bc:96:81:f5:70:0b   WPAPSK/AES             37       11b/g/n NONE   In YES     
5   CHETAN                           30:b5:c2:2d:c0:e2   WPA2PSK/AES            81       11b/g/n ABOVE  In YES     
6   santulucky                       e4:71:85:50:04:84   WPA1PSKWPA2PSK/TKIPAES 86       11b/g/n ABOVE  In  NO     
6   bee..                            e4:71:85:60:00:84   WPA2PSK/AES            94       11b/g/n ABOVE  In  NO     
6   bee..                            e4:71:85:60:02:d4   WPA2PSK/AES            89       11b/g/n ABOVE  In  NO     
11  G1004                            f4:f2:6d:2a:d1:a0   WPA1PSKWPA2PSK/AES     23       11b/g/n BELOW  In YES     
11  comvault's MacBook Pro           68:a8:6d:43:d3:a0   WEP                    2        11b/g   NONE   In  NO     
11                                   fa:8f:ca:6b:16:5d   NONE                   7        11b/g/n NONE   In  NO     
11  KUTIR                            4c:60:de:fe:81:c4   WPA2PSK/AES            7        11b/g/n NONE   In YES     
11  m&m                              d8:fe:e3:7b:24:7a   WPA1PSKWPA2PSK/TKIPAES 23       11b/g/n NONE   In YES     
11  madhav                           6c:19:8f:0a:9e:7e   WPA1PSKWPA2PSK/TKIPAES 2        11b/g/n NONE   In YES     
11  BansalsNet                       6c:b0:ce:71:ff:94   WPA2PSK/AES            7        11b/g/n NONE   In YES     
11                                   e4:71:85:30:2f:4c   WPA1PSKWPA2PSK/TKIPAES 65       11b/g/n NONE   In  NO     
11  hellonet                         50:6a:03:f1:42:6c   WPA2PSK/AES            0        11b/g/n NONE   In YES     

Thu Oct 20 21:06:55 IST 2016
ra0       get_site_survey:
Ch  SSID                             BSSID               Security               Siganl(%)W-Mode  ExtCH  NT WPS DPID
1   peek-a-boo                       c4:12:f5:76:85:48   WPA1PSKWPA2PSK/TKIPAES 34       11b/g/n NONE   In YES     
1   NETGEAR18                        28:c6:8e:db:25:3b   WPA2PSK/AES            31       11b/g   NONE   In YES     
1   CHETAN                           30:b5:c2:2d:c0:e2   WPA2PSK/AES            68       11b/g/n ABOVE  In YES     
2   sanjaynit                        90:8d:78:c2:ea:29   WPA1PSKWPA2PSK/AES     29       11b/g/n ABOVE  In YES     
2   Clash of Titans                  90:8d:78:c2:ed:5d   WPAPSK/TKIP            26       11b/g   NONE   In  NO     
5   BEAM287953                       bc:96:81:f5:70:0b   WPAPSK/AES             34       11b/g/n NONE   In YES     
6   A.Bee                            e4:71:85:60:00:84   WPA2PSK/AES            76       11b/g/n ABOVE  In  NO     
6   santulucky                       e4:71:85:50:04:84   WPA1PSKWPA2PSK/TKIPAES 81       11b/g/n ABOVE  In  NO     
6   A.Bee                            e4:71:85:60:02:d4   WPA2PSK/AES            73       11b/g/n ABOVE  In  NO     
6   G1004                            f4:f2:6d:2a:d1:a0   WPA1PSKWPA2PSK/AES     20       11b/g/n BELOW  In YES     
6   shenishetty's                    18:a6:f7:40:f4:ca   WPA1PSKWPA2PSK/AES     10       11b/g/n BELOW  In YES     
7   Kalyan141                        78:54:2e:f0:84:cc   WPA1PSKWPA2PSK/TKIPAES 70       11b/g/n NONE   In YES     
9   G1005                            c4:12:f5:ba:76:22   WPA1PSKWPA2PSK/AES     7        11b/g/n NONE   In  NO     
10  gowthami                         60:e3:27:55:ed:66   WPA2PSK/AES            0        11b/g/n BELOW  In YES     
10  m&m                              d8:fe:e3:7b:24:7a   WPA1PSKWPA2PSK/TKIPAES 0        11b/g/n NONE   In YES     
11                                   fa:8f:ca:6b:16:5d   NONE                   5        11b/g/n NONE   In  NO     
11  hellonet                         50:6a:03:f1:42:6c   WPA2PSK/AES            7        11b/g/n NONE   In YES     
11  GAURAV                           e8:cc:18:ba:5a:40   WPA1PSKWPA2PSK/AES     13       11b/g/n NONE   In YES     
11  KUTIR                            4c:60:de:fe:81:c4   WPA2PSK/AES            20       11b/g/n NONE   In YES     
11  myhotspot                        0c:60:76:0c:07:97   WPA2PSK/AES            42       11b/g   NONE   In  NO     
11  NETGEAR76                        50:6a:03:f0:ef:10   WPA2PSK/AES            0        11b/g/n NONE   In YES     

