Client_MAC,Rssi0,Rssi1,Connection_Time,EpocTime
A4:77:33:F9:1D:EC,-79,-78,28494,1476587934
A4:77:33:F9:1D:EC,-79,-78,28554,1476587994
A4:77:33:F9:1D:EC,-79,-78,28614,1476588054
A4:77:33:F9:1D:EC,-78,-78,28674,1476588114
A4:77:33:F9:1D:EC,-80,-78,28734,1476588174
A4:77:33:F9:1D:EC,-79,-78,28797,1476588237
A4:77:33:F9:1D:EC,-79,-78,28857,1476588297
A4:77:33:F9:1D:EC,-79,-77,28917,1476588357
A4:77:33:F9:1D:EC,-80,-78,28977,1476588417
A4:77:33:F9:1D:EC,-79,-78,29037,1476588477
A4:77:33:F9:1D:EC,-79,-78,29097,1476588537
A4:77:33:F9:1D:EC,-79,-78,29157,1476588597
A4:77:33:F9:1D:EC,-79,-78,29217,1476588657
A4:77:33:F9:1D:EC,-80,-78,29277,1476588717
A4:77:33:F9:1D:EC,-78,-77,29340,1476588780
A4:77:33:F9:1D:EC,-80,-78,29400,1476588840
A4:77:33:F9:1D:EC,-81,-77,29460,1476588900
A4:77:33:F9:1D:EC,-78,-76,29520,1476588960
A4:77:33:F9:1D:EC,-79,-78,29580,1476589020
A4:77:33:F9:1D:EC,-78,-78,29643,1476589083
A4:77:33:F9:1D:EC,-78,-78,29703,1476589143
A4:77:33:F9:1D:EC,-78,-77,29763,1476589203
A4:77:33:F9:1D:EC,-78,-78,29823,1476589263
A4:77:33:F9:1D:EC,-78,-77,29883,1476589323
A4:77:33:F9:1D:EC,-78,-78,29946,1476589386
A4:77:33:F9:1D:EC,-78,-77,30006,1476589446
A4:77:33:F9:1D:EC,-77,-78,30066,1476589506
A4:77:33:F9:1D:EC,-79,-77,30126,1476589566
A4:77:33:F9:1D:EC,-79,-77,30186,1476589626
A4:77:33:F9:1D:EC,-79,-78,30278,1476589718
A4:77:33:F9:1D:EC,-79,-78,30338,1476589778
A4:77:33:F9:1D:EC,-79,-78,30398,1476589838
A4:77:33:F9:1D:EC,-79,-78,30458,1476589898
A4:77:33:F9:1D:EC,-78,-77,30518,1476589958
A4:77:33:F9:1D:EC,-79,-78,30581,1476590021
A4:77:33:F9:1D:EC,-78,-77,30641,1476590081
A4:77:33:F9:1D:EC,-79,-78,30701,1476590141
A4:77:33:F9:1D:EC,-78,-77,30761,1476590201
A4:77:33:F9:1D:EC,-79,-77,30821,1476590261
A4:77:33:F9:1D:EC,-77,-77,30881,1476590321
A4:77:33:F9:1D:EC,-81,-78,30941,1476590381
A4:77:33:F9:1D:EC,-80,-77,31001,1476590441
A4:77:33:F9:1D:EC,-81,-78,31061,1476590501
A4:77:33:F9:1D:EC,-81,-78,31124,1476590564
A4:77:33:F9:1D:EC,-78,-77,31184,1476590624
A4:77:33:F9:1D:EC,-78,-77,31244,1476590684
A4:77:33:F9:1D:EC,-78,-78,31304,1476590744
A4:77:33:F9:1D:EC,-80,-78,31364,1476590804
A4:77:33:F9:1D:EC,-81,-78,31427,1476590867
A4:77:33:F9:1D:EC,-78,-78,31487,1476590927
A4:77:33:F9:1D:EC,-79,-78,31547,1476590987
A4:77:33:F9:1D:EC,-79,-78,31607,1476591047
A4:77:33:F9:1D:EC,-79,-77,31667,1476591107
A4:77:33:F9:1D:EC,-80,-78,31730,1476591170
A4:77:33:F9:1D:EC,-80,-76,31790,1476591230
A4:77:33:F9:1D:EC,-82,-77,31850,1476591290
A4:77:33:F9:1D:EC,-79,-78,31910,1476591350
A4:77:33:F9:1D:EC,-79,-78,31970,1476591410
A4:77:33:F9:1D:EC,-78,-78,32063,1476591503
A4:77:33:F9:1D:EC,-78,-78,32123,1476591563
A4:77:33:F9:1D:EC,-78,-78,32183,1476591623
A4:77:33:F9:1D:EC,-78,-77,32243,1476591683
A4:77:33:F9:1D:EC,-78,-79,32303,1476591743
A4:77:33:F9:1D:EC,-78,-77,32366,1476591806
A4:77:33:F9:1D:EC,-78,-78,32426,1476591866
A4:77:33:F9:1D:EC,-80,-78,32486,1476591926
A4:77:33:F9:1D:EC,-79,-78,32546,1476591986
A4:77:33:F9:1D:EC,-79,-77,32612,1476592052
A4:77:33:F9:1D:EC,-80,-77,32672,1476592112
A4:77:33:F9:1D:EC,-81,-78,32732,1476592172
A4:77:33:F9:1D:EC,-82,-78,32792,1476592232
A4:77:33:F9:1D:EC,-78,-77,32852,1476592292
A4:77:33:F9:1D:EC,-79,-78,32916,1476592356
A4:77:33:F9:1D:EC,-79,-77,32976,1476592416
A4:77:33:F9:1D:EC,-79,-78,33036,1476592476
A4:77:33:F9:1D:EC,-79,-78,33096,1476592536
A4:77:33:F9:1D:EC,-79,-78,33156,1476592596
A4:77:33:F9:1D:EC,-79,-77,33219,1476592659
A4:77:33:F9:1D:EC,-80,-78,33279,1476592719
A4:77:33:F9:1D:EC,-79,-77,33339,1476592779
A4:77:33:F9:1D:EC,-79,-78,33399,1476592839
A4:77:33:F9:1D:EC,-79,-78,33459,1476592899
A4:77:33:F9:1D:EC,-82,-79,33550,1476592990
A4:77:33:F9:1D:EC,-82,-77,33610,1476593050
A4:77:33:F9:1D:EC,-79,-78,33670,1476593110
A4:77:33:F9:1D:EC,-79,-77,33730,1476593170
A4:77:33:F9:1D:EC,-79,-77,33790,1476593230
A4:77:33:F9:1D:EC,-79,-79,33854,1476593294
A4:77:33:F9:1D:EC,-78,-78,33914,1476593354
A4:77:33:F9:1D:EC,-80,-78,33974,1476593414
A4:77:33:F9:1D:EC,-78,-78,34034,1476593474
A4:77:33:F9:1D:EC,-78,-79,34094,1476593534
A4:77:33:F9:1D:EC,-78,-78,34157,1476593597
A4:77:33:F9:1D:EC,-79,-78,34217,1476593657
A4:77:33:F9:1D:EC,-79,-78,34277,1476593717
A4:77:33:F9:1D:EC,-77,-77,34337,1476593777
A4:77:33:F9:1D:EC,-79,-78,34403,1476593843
A4:77:33:F9:1D:EC,-79,-77,34463,1476593903
A4:77:33:F9:1D:EC,-79,-78,34523,1476593963
A4:77:33:F9:1D:EC,-79,-78,34583,1476594023
A4:77:33:F9:1D:EC,-79,-78,34643,1476594083
A4:77:33:F9:1D:EC,-78,-78,34706,1476594146
A4:77:33:F9:1D:EC,-79,-79,34766,1476594206
A4:77:33:F9:1D:EC,-79,-78,34826,1476594266
A4:77:33:F9:1D:EC,-79,-78,34886,1476594326
A4:77:33:F9:1D:EC,-79,-78,34946,1476594386
A4:77:33:F9:1D:EC,-79,-78,35009,1476594449
A4:77:33:F9:1D:EC,-79,-77,35069,1476594509
A4:77:33:F9:1D:EC,-79,-77,35129,1476594569
A4:77:33:F9:1D:EC,-80,-78,35189,1476594629
A4:77:33:F9:1D:EC,-80,-78,35249,1476594689
A4:77:33:F9:1D:EC,-80,-78,35312,1476594752
A4:77:33:F9:1D:EC,-82,-79,35372,1476594812
A4:77:33:F9:1D:EC,-80,-79,35432,1476594872
A4:77:33:F9:1D:EC,-79,-77,35492,1476594932
A4:77:33:F9:1D:EC,-80,-79,35552,1476594992
A4:77:33:F9:1D:EC,-78,-78,35645,1476595085
A4:77:33:F9:1D:EC,-78,-78,35705,1476595145
A4:77:33:F9:1D:EC,-79,-78,35765,1476595205
A4:77:33:F9:1D:EC,-80,-78,35825,1476595265
A4:77:33:F9:1D:EC,-80,-78,35885,1476595325
A4:77:33:F9:1D:EC,-79,-78,35948,1476595388
A4:77:33:F9:1D:EC,-79,-78,36008,1476595448
A4:77:33:F9:1D:EC,-80,-78,36068,1476595508
A4:77:33:F9:1D:EC,-81,-78,36128,1476595568
A4:77:33:F9:1D:EC,-82,-78,36188,1476595628
A4:77:33:F9:1D:EC,-79,-78,36248,1476595688
A4:77:33:F9:1D:EC,-80,-78,36308,1476595748
A4:77:33:F9:1D:EC,-79,-78,36368,1476595808
A4:77:33:F9:1D:EC,-80,-78,36428,1476595868
A4:77:33:F9:1D:EC,-80,-78,36491,1476595931
A4:77:33:F9:1D:EC,-79,-78,36551,1476595991
A4:77:33:F9:1D:EC,-79,-78,36611,1476596051
A4:77:33:F9:1D:EC,-79,-78,36671,1476596111
A4:77:33:F9:1D:EC,-80,-78,36731,1476596171
A4:77:33:F9:1D:EC,-80,-78,36794,1476596234
A4:77:33:F9:1D:EC,-79,-78,36854,1476596294
A4:77:33:F9:1D:EC,-83,-79,36914,1476596354
A4:77:33:F9:1D:EC,-82,-78,36974,1476596414
A4:77:33:F9:1D:EC,-82,-79,37034,1476596474
A4:77:33:F9:1D:EC,-78,-78,37127,1476596567
A4:77:33:F9:1D:EC,-79,-78,37187,1476596627
A4:77:33:F9:1D:EC,-79,-78,37247,1476596687
A4:77:33:F9:1D:EC,-79,-79,37307,1476596747
A4:77:33:F9:1D:EC,-78,-77,37367,1476596807
A4:77:33:F9:1D:EC,-79,-79,37430,1476596870
A4:77:33:F9:1D:EC,-79,-79,37490,1476596930
A4:77:33:F9:1D:EC,-80,-78,37550,1476596990
A4:77:33:F9:1D:EC,-78,-78,37610,1476597050
A4:77:33:F9:1D:EC,-79,-77,37670,1476597110
A4:77:33:F9:1D:EC,-78,-78,37733,1476597173
A4:77:33:F9:1D:EC,-78,-78,37793,1476597233
A4:77:33:F9:1D:EC,-78,-79,37853,1476597293
A4:77:33:F9:1D:EC,-79,-78,37913,1476597353
A4:77:33:F9:1D:EC,-79,-77,37973,1476597413
A4:77:33:F9:1D:EC,-80,-79,38033,1476597473
A4:77:33:F9:1D:EC,-79,-79,38093,1476597533
A4:77:33:F9:1D:EC,-80,-79,38153,1476597593
A4:77:33:F9:1D:EC,-81,-78,38213,1476597653
A4:77:33:F9:1D:EC,-78,-77,38276,1476597716
A4:77:33:F9:1D:EC,-79,-78,38336,1476597776
A4:77:33:F9:1D:EC,-81,-78,38396,1476597836
A4:77:33:F9:1D:EC,-82,-79,38456,1476597896
A4:77:33:F9:1D:EC,-83,-78,38516,1476597956
A4:77:33:F9:1D:EC,-82,-78,38579,1476598019
A4:77:33:F9:1D:EC,-79,-78,38639,1476598079
A4:77:33:F9:1D:EC,-78,-78,38699,1476598139
A4:77:33:F9:1D:EC,-78,-78,38759,1476598199
A4:77:33:F9:1D:EC,-79,-78,38819,1476598259
A4:77:33:F9:1D:EC,-79,-78,38883,1476598322
A4:77:33:F9:1D:EC,-79,-77,38943,1476598382
A4:77:33:F9:1D:EC,-79,-79,39003,1476598442
A4:77:33:F9:1D:EC,-81,-80,39063,1476598502
A4:77:33:F9:1D:EC,-80,-79,39123,1476598562
A4:77:33:F9:1D:EC,-79,-78,39186,1476598626
A4:77:33:F9:1D:EC,-79,-78,39246,1476598686
A4:77:33:F9:1D:EC,-79,-78,39306,1476598746
A4:77:33:F9:1D:EC,-79,-78,39366,1476598806
A4:77:33:F9:1D:EC,-79,-78,39426,1476598866
A4:77:33:F9:1D:EC,-79,-78,39489,1476598929
A4:77:33:F9:1D:EC,-80,-78,39549,1476598989
A4:77:33:F9:1D:EC,-80,-78,39609,1476599049
A4:77:33:F9:1D:EC,-82,-78,39669,1476599109
A4:77:33:F9:1D:EC,-81,-78,39729,1476599169
A4:77:33:F9:1D:EC,-80,-79,39789,1476599229
A4:77:33:F9:1D:EC,-82,-79,39849,1476599289
A4:77:33:F9:1D:EC,-83,-79,39909,1476599349
A4:77:33:F9:1D:EC,-80,-77,39969,1476599409
A4:77:33:F9:1D:EC,-81,-79,40032,1476599472
A4:77:33:F9:1D:EC,-83,-78,40092,1476599532
A4:77:33:F9:1D:EC,-83,-78,40152,1476599592
A4:77:33:F9:1D:EC,-80,-78,40212,1476599652
A4:77:33:F9:1D:EC,-79,-77,40272,1476599712
A4:77:33:F9:1D:EC,-80,-78,40335,1476599775
A4:77:33:F9:1D:EC,-80,-77,40395,1476599835
A4:77:33:F9:1D:EC,-79,-77,40455,1476599895
A4:77:33:F9:1D:EC,-79,-77,40515,1476599955
A4:77:33:F9:1D:EC,-79,-77,40575,1476600015
A4:77:33:F9:1D:EC,-79,-78,40638,1476600078
A4:77:33:F9:1D:EC,-79,-78,40698,1476600138
A4:77:33:F9:1D:EC,-78,-77,40758,1476600198
A4:77:33:F9:1D:EC,-80,-78,40818,1476600258
A4:77:33:F9:1D:EC,-79,-78,40878,1476600318
A4:77:33:F9:1D:EC,-79,-78,40941,1476600381
A4:77:33:F9:1D:EC,-79,-78,41002,1476600441
A4:77:33:F9:1D:EC,-79,-78,41062,1476600501
A4:77:33:F9:1D:EC,-79,-79,41122,1476600561
A4:77:33:F9:1D:EC,-79,-78,41182,1476600621
A4:77:33:F9:1D:EC,-79,-78,41274,1476600714
A4:77:33:F9:1D:EC,-79,-78,41334,1476600774
A4:77:33:F9:1D:EC,-79,-78,41394,1476600834
A4:77:33:F9:1D:EC,-79,-79,41454,1476600894
A4:77:33:F9:1D:EC,-80,-79,41514,1476600954
A4:77:33:F9:1D:EC,-79,-79,41574,1476601014
A4:77:33:F9:1D:EC,-80,-78,41634,1476601074
A4:77:33:F9:1D:EC,-77,-75,41694,1476601134
A4:77:33:F9:1D:EC,-79,-77,41754,1476601194
A4:77:33:F9:1D:EC,-79,-78,41817,1476601257
A4:77:33:F9:1D:EC,-79,-77,41877,1476601317
A4:77:33:F9:1D:EC,-79,-78,41937,1476601377
A4:77:33:F9:1D:EC,-79,-78,41997,1476601437
A4:77:33:F9:1D:EC,-79,-78,42057,1476601497
A4:77:33:F9:1D:EC,-79,-78,42120,1476601560
A4:77:33:F9:1D:EC,-79,-77,42180,1476601620
A4:77:33:F9:1D:EC,-80,-78,42240,1476601680
A4:77:33:F9:1D:EC,-80,-78,42300,1476601740
A4:77:33:F9:1D:EC,-80,-77,42360,1476601800
A4:77:33:F9:1D:EC,-80,-78,42424,1476601863
A4:77:33:F9:1D:EC,-82,-78,42484,1476601923
A4:77:33:F9:1D:EC,-84,-79,42544,1476601983
A4:77:33:F9:1D:EC,-82,-79,42604,1476602043
A4:77:33:F9:1D:EC,-81,-79,42664,1476602103
Client_MAC,Rssi0,Rssi1,Connection_Time,EpocTime
A4:77:33:F9:1D:EC,-78,-77,14151,1476573591
A4:77:33:F9:1D:EC,-79,-77,14211,1476573651
A4:77:33:F9:1D:EC,-79,-78,14271,1476573711
A4:77:33:F9:1D:EC,-80,-77,14331,1476573771
A4:77:33:F9:1D:EC,-79,-77,14391,1476573831
A4:77:33:F9:1D:EC,-80,-77,14489,1476573930
A4:77:33:F9:1D:EC,-80,-77,14549,1476573990
A4:77:33:F9:1D:EC,-81,-77,14609,1476574050
A4:77:33:F9:1D:EC,-79,-78,14669,1476574110
A4:77:33:F9:1D:EC,-80,-78,14729,1476574170
A4:77:33:F9:1D:EC,-81,-78,14789,1476574230
A4:77:33:F9:1D:EC,-82,-78,14849,1476574290
A4:77:33:F9:1D:EC,-81,-77,14909,1476574350
A4:77:33:F9:1D:EC,-80,-78,14969,1476574410
A4:77:33:F9:1D:EC,-82,-77,15033,1476574473
A4:77:33:F9:1D:EC,-82,-77,15093,1476574533
A4:77:33:F9:1D:EC,-82,-77,15153,1476574593
A4:77:33:F9:1D:EC,-82,-77,15213,1476574653
A4:77:33:F9:1D:EC,-82,-77,15273,1476574713
A4:77:33:F9:1D:EC,-79,-77,15367,1476574807
A4:77:33:F9:1D:EC,-79,-76,15427,1476574867
A4:77:33:F9:1D:EC,-79,-77,15487,1476574927
A4:77:33:F9:1D:EC,-81,-77,15547,1476574987
A4:77:33:F9:1D:EC,-80,-76,15607,1476575047
A4:77:33:F9:1D:EC,-79,-77,15670,1476575110
A4:77:33:F9:1D:EC,-79,-77,15730,1476575170
A4:77:33:F9:1D:EC,-79,-77,15790,1476575230
A4:77:33:F9:1D:EC,-79,-77,15850,1476575290
A4:77:33:F9:1D:EC,-80,-78,15910,1476575350
A4:77:33:F9:1D:EC,-80,-78,15973,1476575413
A4:77:33:F9:1D:EC,-79,-78,16033,1476575473
A4:77:33:F9:1D:EC,-80,-77,16093,1476575533
A4:77:33:F9:1D:EC,-79,-77,16153,1476575593
A4:77:33:F9:1D:EC,-80,-77,16213,1476575653
A4:77:33:F9:1D:EC,-81,-78,16276,1476575716
A4:77:33:F9:1D:EC,-82,-78,16336,1476575776
A4:77:33:F9:1D:EC,-81,-77,16396,1476575836
A4:77:33:F9:1D:EC,-83,-78,16456,1476575896
A4:77:33:F9:1D:EC,-80,-78,16516,1476575956
A4:77:33:F9:1D:EC,-80,-78,16576,1476576017
A4:77:33:F9:1D:EC,-82,-76,16636,1476576077
A4:77:33:F9:1D:EC,-81,-78,16696,1476576137
A4:77:33:F9:1D:EC,-79,-77,16756,1476576197
A4:77:33:F9:1D:EC,-81,-79,16819,1476576260
A4:77:33:F9:1D:EC,-80,-78,16879,1476576320
A4:77:33:F9:1D:EC,-81,-78,16939,1476576380
A4:77:33:F9:1D:EC,-81,-77,16999,1476576440
A4:77:33:F9:1D:EC,-81,-78,17059,1476576500
A4:77:33:F9:1D:EC,-79,-78,17123,1476576563
A4:77:33:F9:1D:EC,-79,-78,17183,1476576623
A4:77:33:F9:1D:EC,-81,-78,17243,1476576683
A4:77:33:F9:1D:EC,-78,-78,17303,1476576743
A4:77:33:F9:1D:EC,-79,-78,17363,1476576803
A4:77:33:F9:1D:EC,-79,-78,17457,1476576897
A4:77:33:F9:1D:EC,-80,-78,17517,1476576957
A4:77:33:F9:1D:EC,-79,-78,17577,1476577017
A4:77:33:F9:1D:EC,-79,-78,17637,1476577077
A4:77:33:F9:1D:EC,-79,-77,17697,1476577137
A4:77:33:F9:1D:EC,-78,-78,17760,1476577200
A4:77:33:F9:1D:EC,-79,-79,17820,1476577260
A4:77:33:F9:1D:EC,-79,-79,17880,1476577320
A4:77:33:F9:1D:EC,-79,-78,17940,1476577380
A4:77:33:F9:1D:EC,-78,-78,18000,1476577440
A4:77:33:F9:1D:EC,-78,-78,18063,1476577503
A4:77:33:F9:1D:EC,-79,-78,18123,1476577563
A4:77:33:F9:1D:EC,-80,-77,18183,1476577623
A4:77:33:F9:1D:EC,-74,-73,18243,1476577683
A4:77:33:F9:1D:EC,-79,-78,18303,1476577743
A4:77:33:F9:1D:EC,-78,-77,18363,1476577803
A4:77:33:F9:1D:EC,-80,-79,18423,1476577863
A4:77:33:F9:1D:EC,-74,-76,18483,1476577923
A4:77:33:F9:1D:EC,-79,-78,18543,1476577983
A4:77:33:F9:1D:EC,-82,-80,18606,1476578046
A4:77:33:F9:1D:EC,-79,-78,18666,1476578106
A4:77:33:F9:1D:EC,-79,-78,18726,1476578166
A4:77:33:F9:1D:EC,-80,-77,18786,1476578226
A4:77:33:F9:1D:EC,-78,-78,18846,1476578286
A4:77:33:F9:1D:EC,-79,-78,18909,1476578349
A4:77:33:F9:1D:EC,-81,-78,18969,1476578409
A4:77:33:F9:1D:EC,-78,-77,19029,1476578469
A4:77:33:F9:1D:EC,-78,-78,19089,1476578529
A4:77:33:F9:1D:EC,-77,-78,19149,1476578589
A4:77:33:F9:1D:EC,-74,-73,19245,1476578685
A4:77:33:F9:1D:EC,-78,-78,19305,1476578745
A4:77:33:F9:1D:EC,-82,-77,19365,1476578805
A4:77:33:F9:1D:EC,-78,-78,19425,1476578865
A4:77:33:F9:1D:EC,-80,-77,19485,1476578925
A4:77:33:F9:1D:EC,-80,-78,19548,1476578989
A4:77:33:F9:1D:EC,-81,-77,19608,1476579049
A4:77:33:F9:1D:EC,-78,-77,19668,1476579109
A4:77:33:F9:1D:EC,-80,-78,19728,1476579169
A4:77:33:F9:1D:EC,-80,-78,19788,1476579229
A4:77:33:F9:1D:EC,-79,-78,19851,1476579292
A4:77:33:F9:1D:EC,-79,-77,19911,1476579352
A4:77:33:F9:1D:EC,-80,-79,19971,1476579412
A4:77:33:F9:1D:EC,-81,-78,20032,1476579472
A4:77:33:F9:1D:EC,-79,-77,20092,1476579532
A4:77:33:F9:1D:EC,-79,-78,20152,1476579592
A4:77:33:F9:1D:EC,-80,-78,20212,1476579652
A4:77:33:F9:1D:EC,-79,-78,20272,1476579712
A4:77:33:F9:1D:EC,-79,-78,20332,1476579772
A4:77:33:F9:1D:EC,-79,-78,20395,1476579835
A4:77:33:F9:1D:EC,-80,-77,20455,1476579895
A4:77:33:F9:1D:EC,-82,-78,20515,1476579955
A4:77:33:F9:1D:EC,-83,-79,20575,1476580015
A4:77:33:F9:1D:EC,-81,-79,20635,1476580075
A4:77:33:F9:1D:EC,-82,-79,20698,1476580138
A4:77:33:F9:1D:EC,-79,-77,20758,1476580198
A4:77:33:F9:1D:EC,-78,-78,20818,1476580258
A4:77:33:F9:1D:EC,-78,-77,20878,1476580318
A4:77:33:F9:1D:EC,-81,-77,20938,1476580378
A4:77:33:F9:1D:EC,-81,-78,21001,1476580441
A4:77:33:F9:1D:EC,-81,-77,21061,1476580501
A4:77:33:F9:1D:EC,-80,-77,21121,1476580561
A4:77:33:F9:1D:EC,-81,-78,21181,1476580621
A4:77:33:F9:1D:EC,-66,-69,21241,1476580681
A4:77:33:F9:1D:EC,-81,-77,21335,1476580775
A4:77:33:F9:1D:EC,-80,-78,21395,1476580835
A4:77:33:F9:1D:EC,-81,-78,21455,1476580895
A4:77:33:F9:1D:EC,-81,-78,21515,1476580955
A4:77:33:F9:1D:EC,-80,-77,21575,1476581015
A4:77:33:F9:1D:EC,-82,-78,21638,1476581078
A4:77:33:F9:1D:EC,-78,-77,21698,1476581138
A4:77:33:F9:1D:EC,-80,-78,21758,1476581198
A4:77:33:F9:1D:EC,-81,-77,21818,1476581258
A4:77:33:F9:1D:EC,-81,-77,21878,1476581318
A4:77:33:F9:1D:EC,-80,-78,21938,1476581378
A4:77:33:F9:1D:EC,-81,-77,21998,1476581438
A4:77:33:F9:1D:EC,-81,-77,22058,1476581498
A4:77:33:F9:1D:EC,-79,-78,22118,1476581558
A4:77:33:F9:1D:EC,-79,-77,22181,1476581621
A4:77:33:F9:1D:EC,-80,-78,22241,1476581681
A4:77:33:F9:1D:EC,-79,-77,22301,1476581741
A4:77:33:F9:1D:EC,-79,-77,22361,1476581801
A4:77:33:F9:1D:EC,-78,-77,22421,1476581861
A4:77:33:F9:1D:EC,-79,-78,22484,1476581924
A4:77:33:F9:1D:EC,-77,-77,22544,1476581984
A4:77:33:F9:1D:EC,-80,-78,22604,1476582044
A4:77:33:F9:1D:EC,-80,-78,22664,1476582104
A4:77:33:F9:1D:EC,-82,-78,22724,1476582164
A4:77:33:F9:1D:EC,-82,-78,22829,1476582269
A4:77:33:F9:1D:EC,-79,-77,22889,1476582329
A4:77:33:F9:1D:EC,-81,-77,22949,1476582389
A4:77:33:F9:1D:EC,-82,-77,23009,1476582449
A4:77:33:F9:1D:EC,-81,-77,23069,1476582509
A4:77:33:F9:1D:EC,-81,-78,23132,1476582572
A4:77:33:F9:1D:EC,-80,-78,23192,1476582632
A4:77:33:F9:1D:EC,-82,-77,23252,1476582692
A4:77:33:F9:1D:EC,-80,-77,23312,1476582752
A4:77:33:F9:1D:EC,-81,-77,23372,1476582812
A4:77:33:F9:1D:EC,-79,-78,23435,1476582875
A4:77:33:F9:1D:EC,-79,-78,23495,1476582935
A4:77:33:F9:1D:EC,-79,-77,23555,1476582995
A4:77:33:F9:1D:EC,-81,-78,23615,1476583055
A4:77:33:F9:1D:EC,-81,-78,23675,1476583115
A4:77:33:F9:1D:EC,-82,-78,23735,1476583175
A4:77:33:F9:1D:EC,-81,-80,23795,1476583235
A4:77:33:F9:1D:EC,-82,-78,23855,1476583295
A4:77:33:F9:1D:EC,-81,-77,23915,1476583355
A4:77:33:F9:1D:EC,-81,-78,23978,1476583418
A4:77:33:F9:1D:EC,-81,-78,24038,1476583478
A4:77:33:F9:1D:EC,-81,-78,24098,1476583538
A4:77:33:F9:1D:EC,-79,-77,24158,1476583598
A4:77:33:F9:1D:EC,-79,-78,24218,1476583658
A4:77:33:F9:1D:EC,-80,-77,24281,1476583721
A4:77:33:F9:1D:EC,-78,-78,24341,1476583781
A4:77:33:F9:1D:EC,-78,-77,24401,1476583841
A4:77:33:F9:1D:EC,-78,-78,24461,1476583901
A4:77:33:F9:1D:EC,-79,-77,24521,1476583961
A4:77:33:F9:1D:EC,-81,-77,24620,1476584060
A4:77:33:F9:1D:EC,-84,-78,24680,1476584120
A4:77:33:F9:1D:EC,-82,-77,24740,1476584180
A4:77:33:F9:1D:EC,-81,-78,24800,1476584240
A4:77:33:F9:1D:EC,-82,-78,24860,1476584300
A4:77:33:F9:1D:EC,-81,-78,24923,1476584363
A4:77:33:F9:1D:EC,-80,-77,24983,1476584423
A4:77:33:F9:1D:EC,-82,-78,25043,1476584483
A4:77:33:F9:1D:EC,-79,-77,25103,1476584543
A4:77:33:F9:1D:EC,-80,-78,25163,1476584603
A4:77:33:F9:1D:EC,-81,-78,25226,1476584666
A4:77:33:F9:1D:EC,-82,-77,25286,1476584726
A4:77:33:F9:1D:EC,-80,-78,25346,1476584786
A4:77:33:F9:1D:EC,-81,-78,25406,1476584846
A4:77:33:F9:1D:EC,-80,-78,25466,1476584906
A4:77:33:F9:1D:EC,-80,-78,25526,1476584966
A4:77:33:F9:1D:EC,-79,-78,25586,1476585026
A4:77:33:F9:1D:EC,-79,-78,25646,1476585086
A4:77:33:F9:1D:EC,-79,-78,25706,1476585146
A4:77:33:F9:1D:EC,-81,-78,25769,1476585209
A4:77:33:F9:1D:EC,-82,-78,25829,1476585269
A4:77:33:F9:1D:EC,-79,-78,25889,1476585329
A4:77:33:F9:1D:EC,-80,-78,25949,1476585389
A4:77:33:F9:1D:EC,-80,-77,26009,1476585449
A4:77:33:F9:1D:EC,-81,-78,26072,1476585512
A4:77:33:F9:1D:EC,-83,-78,26132,1476585572
A4:77:33:F9:1D:EC,-82,-79,26192,1476585632
A4:77:33:F9:1D:EC,-83,-79,26252,1476585692
A4:77:33:F9:1D:EC,-82,-78,26312,1476585752
A4:77:33:F9:1D:EC,-81,-78,26376,1476585816
A4:77:33:F9:1D:EC,-79,-78,26436,1476585876
A4:77:33:F9:1D:EC,-80,-78,26496,1476585936
A4:77:33:F9:1D:EC,-81,-78,26556,1476585996
A4:77:33:F9:1D:EC,-81,-79,26616,1476586056
A4:77:33:F9:1D:EC,-79,-78,26679,1476586119
A4:77:33:F9:1D:EC,-79,-78,26739,1476586179
A4:77:33:F9:1D:EC,-78,-78,26799,1476586239
A4:77:33:F9:1D:EC,-79,-78,26859,1476586299
A4:77:33:F9:1D:EC,-79,-78,26919,1476586359
A4:77:33:F9:1D:EC,-79,-78,27011,1476586452
A4:77:33:F9:1D:EC,-82,-80,27072,1476586512
A4:77:33:F9:1D:EC,-81,-78,27132,1476586572
A4:77:33:F9:1D:EC,-79,-79,27192,1476586632
A4:77:33:F9:1D:EC,-79,-79,27252,1476586692
A4:77:33:F9:1D:EC,-80,-78,27312,1476586752
A4:77:33:F9:1D:EC,-80,-78,27372,1476586812
A4:77:33:F9:1D:EC,-78,-77,27432,1476586872
A4:77:33:F9:1D:EC,-79,-78,27492,1476586932
A4:77:33:F9:1D:EC,-79,-78,27555,1476586995
A4:77:33:F9:1D:EC,-79,-78,27615,1476587055
A4:77:33:F9:1D:EC,-80,-79,27675,1476587115
A4:77:33:F9:1D:EC,-79,-78,27735,1476587175
A4:77:33:F9:1D:EC,-79,-79,27795,1476587235
A4:77:33:F9:1D:EC,-79,-78,27887,1476587327
A4:77:33:F9:1D:EC,-79,-78,27947,1476587387
A4:77:33:F9:1D:EC,-79,-78,28007,1476587447
A4:77:33:F9:1D:EC,-80,-78,28067,1476587507
A4:77:33:F9:1D:EC,-79,-77,28127,1476587567
A4:77:33:F9:1D:EC,-81,-79,28190,1476587630
A4:77:33:F9:1D:EC,-79,-77,28250,1476587690
A4:77:33:F9:1D:EC,-79,-77,28310,1476587750
A4:77:33:F9:1D:EC,-80,-78,28370,1476587810
A4:77:33:F9:1D:EC,-79,-77,28430,1476587870
Client_MAC,Rssi0,Rssi1,Connection_Time,EpocTIME
80:1F:02:B6:E4:83,-58,-72,37,1476536699
80:1F:02:B6:E4:83,-58,-72,103,1476536765
80:1F:02:B6:E4:83,-58,-72,163,1476536825
80:1F:02:B6:E4:83,-58,-72,223,1476536885
80:1F:02:B6:E4:83,-58,-72,283,1476536945
A4:77:33:F9:1D:EC,-82,-81,4,1476559444
A4:77:33:F9:1D:EC,-81,-81,64,1476559504
A4:77:33:F9:1D:EC,-81,-80,124,1476559564
A4:77:33:F9:1D:EC,-81,-81,184,1476559624
A4:77:33:F9:1D:EC,-80,-80,247,1476559687
A4:77:33:F9:1D:EC,-80,-79,307,1476559747
A4:77:33:F9:1D:EC,-79,-78,367,1476559807
A4:77:33:F9:1D:EC,-78,-78,427,1476559867
A4:77:33:F9:1D:EC,-79,-77,487,1476559927
A4:77:33:F9:1D:EC,-79,-78,547,1476559987
A4:77:33:F9:1D:EC,-79,-80,607,1476560047
A4:77:33:F9:1D:EC,-79,-79,667,1476560107
A4:77:33:F9:1D:EC,-80,-80,727,1476560167
A4:77:33:F9:1D:EC,-78,-78,790,1476560230
A4:77:33:F9:1D:EC,-80,-80,850,1476560290
A4:77:33:F9:1D:EC,-80,-79,910,1476560350
A4:77:33:F9:1D:EC,-79,-81,970,1476560410
A4:77:33:F9:1D:EC,-81,-82,1030,1476560470
A4:77:33:F9:1D:EC,-80,-81,1093,1476560533
A4:77:33:F9:1D:EC,-79,-80,1153,1476560593
A4:77:33:F9:1D:EC,-80,-80,1213,1476560653
A4:77:33:F9:1D:EC,-81,-79,1273,1476560713
A4:77:33:F9:1D:EC,-80,-79,1333,1476560773
A4:77:33:F9:1D:EC,-79,-78,1427,1476560867
A4:77:33:F9:1D:EC,-79,-79,1487,1476560927
A4:77:33:F9:1D:EC,-79,-79,1547,1476560987
A4:77:33:F9:1D:EC,-79,-77,1607,1476561047
A4:77:33:F9:1D:EC,-78,-79,1667,1476561107
A4:77:33:F9:1D:EC,-78,-80,1730,1476561170
A4:77:33:F9:1D:EC,-80,-80,1790,1476561230
A4:77:33:F9:1D:EC,-79,-77,1850,1476561290
A4:77:33:F9:1D:EC,-84,-84,1910,1476561350
A4:77:33:F9:1D:EC,-79,-78,1970,1476561410
A4:77:33:F9:1D:EC,-79,-80,2033,1476561473
A4:77:33:F9:1D:EC,-80,-79,2093,1476561533
A4:77:33:F9:1D:EC,-81,-81,2153,1476561593
A4:77:33:F9:1D:EC,-78,-79,2213,1476561653
A4:77:33:F9:1D:EC,-72,-73,2273,1476561713
A4:77:33:F9:1D:EC,-79,-80,2333,1476561773
A4:77:33:F9:1D:EC,-80,-80,2393,1476561833
A4:77:33:F9:1D:EC,-81,-80,2453,1476561893
A4:77:33:F9:1D:EC,-81,-81,2513,1476561953
A4:77:33:F9:1D:EC,-79,-78,2576,1476562017
A4:77:33:F9:1D:EC,-79,-80,2636,1476562077
A4:77:33:F9:1D:EC,-79,-80,2696,1476562137
A4:77:33:F9:1D:EC,-80,-80,2756,1476562197
A4:77:33:F9:1D:EC,-80,-80,2816,1476562257
A4:77:33:F9:1D:EC,-79,-81,2909,1476562349
A4:77:33:F9:1D:EC,-80,-81,2969,1476562409
A4:77:33:F9:1D:EC,-80,-80,3029,1476562469
A4:77:33:F9:1D:EC,-79,-78,3089,1476562529
A4:77:33:F9:1D:EC,-79,-80,3149,1476562589
A4:77:33:F9:1D:EC,-79,-79,3212,1476562652
A4:77:33:F9:1D:EC,-79,-79,3272,1476562712
A4:77:33:F9:1D:EC,-79,-80,3332,1476562772
A4:77:33:F9:1D:EC,-82,-79,3392,1476562832
A4:77:33:F9:1D:EC,-81,-82,3452,1476562892
A4:77:33:F9:1D:EC,-79,-78,3515,1476562955
A4:77:33:F9:1D:EC,-79,-77,3575,1476563014
A4:77:33:F9:1D:EC,-79,-80,3635,1476563074
A4:77:33:F9:1D:EC,-78,-78,3695,1476563134
A4:77:33:F9:1D:EC,-79,-79,3755,1476563194
A4:77:33:F9:1D:EC,-80,-80,3818,1476563257
A4:77:33:F9:1D:EC,-82,-82,3878,1476563318
A4:77:33:F9:1D:EC,-80,-80,3938,1476563378
A4:77:33:F9:1D:EC,-78,-80,3998,1476563438
A4:77:33:F9:1D:EC,-80,-79,4058,1476563498
A4:77:33:F9:1D:EC,-78,-78,4118,1476563558
A4:77:33:F9:1D:EC,-82,-81,4178,1476563618
A4:77:33:F9:1D:EC,-83,-83,4238,1476563678
A4:77:33:F9:1D:EC,-80,-78,4298,1476563738
A4:77:33:F9:1D:EC,-79,-79,4361,1476563801
A4:77:33:F9:1D:EC,-79,-79,4421,1476563861
A4:77:33:F9:1D:EC,-79,-79,4481,1476563921
A4:77:33:F9:1D:EC,-80,-79,4541,1476563981
A4:77:33:F9:1D:EC,-80,-79,4601,1476564041
A4:77:33:F9:1D:EC,-78,-72,4664,1476564104
A4:77:33:F9:1D:EC,-79,-79,4724,1476564164
A4:77:33:F9:1D:EC,-80,-80,4784,1476564224
A4:77:33:F9:1D:EC,-80,-79,4844,1476564284
A4:77:33:F9:1D:EC,-79,-79,4904,1476564344
A4:77:33:F9:1D:EC,-83,-79,4997,1476564437
A4:77:33:F9:1D:EC,-80,-77,5057,1476564497
A4:77:33:F9:1D:EC,-78,-78,5117,1476564557
A4:77:33:F9:1D:EC,-79,-78,5177,1476564617
A4:77:33:F9:1D:EC,-80,-80,5237,1476564677
A4:77:33:F9:1D:EC,-80,-80,5300,1476564740
A4:77:33:F9:1D:EC,-79,-78,5360,1476564800
A4:77:33:F9:1D:EC,-79,-77,5420,1476564860
A4:77:33:F9:1D:EC,-78,-76,5480,1476564920
A4:77:33:F9:1D:EC,-81,-80,5540,1476564980
A4:77:33:F9:1D:EC,-79,-79,5603,1476565043
A4:77:33:F9:1D:EC,-79,-77,5663,1476565103
A4:77:33:F9:1D:EC,-79,-77,5723,1476565163
A4:77:33:F9:1D:EC,-79,-77,5783,1476565223
A4:77:33:F9:1D:EC,-81,-77,5843,1476565283
A4:77:33:F9:1D:EC,-80,-77,5903,1476565343
A4:77:33:F9:1D:EC,-80,-77,5963,1476565403
A4:77:33:F9:1D:EC,-79,-77,6023,1476565463
A4:77:33:F9:1D:EC,-80,-77,6083,1476565523
A4:77:33:F9:1D:EC,-79,-78,6146,1476565586
A4:77:33:F9:1D:EC,-80,-77,6206,1476565646
A4:77:33:F9:1D:EC,-79,-78,6266,1476565706
A4:77:33:F9:1D:EC,-79,-78,6326,1476565766
A4:77:33:F9:1D:EC,-78,-80,6386,1476565826
A4:77:33:F9:1D:EC,-83,-78,6449,1476565889
A4:77:33:F9:1D:EC,-82,-79,6509,1476565949
A4:77:33:F9:1D:EC,-81,-78,6569,1476566009
A4:77:33:F9:1D:EC,-80,-78,6629,1476566069
A4:77:33:F9:1D:EC,-79,-77,6689,1476566129
A4:77:33:F9:1D:EC,-78,-78,6783,1476566223
A4:77:33:F9:1D:EC,-79,-78,6843,1476566283
A4:77:33:F9:1D:EC,-80,-78,6903,1476566343
A4:77:33:F9:1D:EC,-79,-78,6963,1476566403
A4:77:33:F9:1D:EC,-79,-79,7023,1476566463
A4:77:33:F9:1D:EC,-79,-78,7086,1476566526
A4:77:33:F9:1D:EC,-81,-77,7146,1476566586
A4:77:33:F9:1D:EC,-80,-79,7206,1476566646
A4:77:33:F9:1D:EC,-81,-81,7266,1476566706
A4:77:33:F9:1D:EC,-81,-80,7326,1476566766
A4:77:33:F9:1D:EC,-81,-80,7389,1476566829
A4:77:33:F9:1D:EC,-80,-77,7449,1476566889
A4:77:33:F9:1D:EC,-80,-77,7509,1476566949
A4:77:33:F9:1D:EC,-77,-78,7569,1476567009
A4:77:33:F9:1D:EC,-79,-78,7629,1476567069
A4:77:33:F9:1D:EC,-79,-79,7689,1476567129
A4:77:33:F9:1D:EC,-79,-78,7749,1476567189
A4:77:33:F9:1D:EC,-79,-78,7809,1476567249
A4:77:33:F9:1D:EC,-79,-77,7869,1476567309
A4:77:33:F9:1D:EC,-77,-77,7932,1476567372
A4:77:33:F9:1D:EC,-81,-77,7992,1476567432
A4:77:33:F9:1D:EC,-81,-76,8052,1476567492
A4:77:33:F9:1D:EC,-81,-80,8112,1476567552
A4:77:33:F9:1D:EC,-80,-78,8172,1476567612
A4:77:33:F9:1D:EC,-79,-78,8235,1476567675
A4:77:33:F9:1D:EC,-81,-77,8295,1476567735
A4:77:33:F9:1D:EC,-79,-78,8355,1476567795
A4:77:33:F9:1D:EC,-81,-81,8415,1476567855
A4:77:33:F9:1D:EC,-80,-79,8475,1476567915
A4:77:33:F9:1D:EC,-79,-76,8538,1476567978
A4:77:33:F9:1D:EC,-81,-79,8598,1476568038
A4:77:33:F9:1D:EC,-79,-77,8658,1476568098
A4:77:33:F9:1D:EC,-81,-79,8718,1476568158
A4:77:33:F9:1D:EC,-81,-80,8778,1476568218
A4:77:33:F9:1D:EC,-80,-78,8841,1476568281
A4:77:33:F9:1D:EC,-83,-82,8901,1476568341
A4:77:33:F9:1D:EC,-83,-82,8961,1476568401
A4:77:33:F9:1D:EC,-80,-79,9021,1476568461
A4:77:33:F9:1D:EC,-81,-79,9081,1476568521
A4:77:33:F9:1D:EC,-81,-78,9144,1476568584
A4:77:33:F9:1D:EC,-80,-79,9204,1476568644
A4:77:33:F9:1D:EC,-80,-77,9264,1476568704
A4:77:33:F9:1D:EC,-78,-78,9324,1476568764
A4:77:33:F9:1D:EC,-81,-78,9384,1476568824
A4:77:33:F9:1D:EC,-81,-78,9444,1476568884
A4:77:33:F9:1D:EC,-78,-77,9504,1476568944
A4:77:33:F9:1D:EC,-81,-79,9564,1476569004
A4:77:33:F9:1D:EC,-80,-79,9624,1476569064
A4:77:33:F9:1D:EC,-80,-76,9717,1476569157
A4:77:33:F9:1D:EC,-78,-77,9777,1476569217
A4:77:33:F9:1D:EC,-79,-77,9837,1476569277
A4:77:33:F9:1D:EC,-80,-79,9897,1476569337
A4:77:33:F9:1D:EC,-80,-79,9957,1476569397
A4:77:33:F9:1D:EC,-79,-78,10020,1476569460
A4:77:33:F9:1D:EC,-79,-78,10080,1476569520
A4:77:33:F9:1D:EC,-78,-77,10140,1476569580
A4:77:33:F9:1D:EC,-78,-77,10200,1476569640
A4:77:33:F9:1D:EC,-80,-78,10260,1476569700
A4:77:33:F9:1D:EC,-78,-78,10323,1476569763
A4:77:33:F9:1D:EC,-79,-79,10383,1476569823
A4:77:33:F9:1D:EC,-79,-78,10443,1476569883
A4:77:33:F9:1D:EC,-79,-77,10503,1476569943
A4:77:33:F9:1D:EC,-81,-78,10563,1476570003
A4:77:33:F9:1D:EC,-80,-78,10626,1476570066
A4:77:33:F9:1D:EC,-80,-78,10686,1476570126
A4:77:33:F9:1D:EC,-79,-78,10746,1476570186
A4:77:33:F9:1D:EC,-78,-77,10806,1476570246
A4:77:33:F9:1D:EC,-80,-78,10866,1476570306
A4:77:33:F9:1D:EC,-79,-78,10929,1476570370
A4:77:33:F9:1D:EC,-80,-78,10989,1476570430
A4:77:33:F9:1D:EC,-79,-78,11049,1476570490
A4:77:33:F9:1D:EC,-79,-79,11109,1476570550
A4:77:33:F9:1D:EC,-80,-78,11176,1476570616
A4:77:33:F9:1D:EC,-81,-78,11236,1476570676
A4:77:33:F9:1D:EC,-82,-78,11296,1476570736
A4:77:33:F9:1D:EC,-82,-78,11356,1476570796
A4:77:33:F9:1D:EC,-81,-77,11416,1476570856
A4:77:33:F9:1D:EC,-81,-78,11479,1476570919
A4:77:33:F9:1D:EC,-80,-77,11539,1476570979
A4:77:33:F9:1D:EC,-79,-77,11599,1476571039
A4:77:33:F9:1D:EC,-79,-78,11659,1476571099
A4:77:33:F9:1D:EC,-80,-77,11719,1476571159
A4:77:33:F9:1D:EC,-81,-77,11782,1476571223
A4:77:33:F9:1D:EC,-80,-78,11842,1476571283
A4:77:33:F9:1D:EC,-78,-77,11902,1476571343
A4:77:33:F9:1D:EC,-79,-77,11962,1476571403
A4:77:33:F9:1D:EC,-80,-78,12022,1476571463
A4:77:33:F9:1D:EC,-81,-77,12085,1476571526
A4:77:33:F9:1D:EC,-80,-77,12145,1476571586
A4:77:33:F9:1D:EC,-81,-77,12205,1476571646
A4:77:33:F9:1D:EC,-80,-77,12265,1476571706
A4:77:33:F9:1D:EC,-80,-76,12325,1476571766
A4:77:33:F9:1D:EC,-80,-78,12389,1476571829
A4:77:33:F9:1D:EC,-80,-77,12449,1476571889
A4:77:33:F9:1D:EC,-81,-77,12509,1476571949
A4:77:33:F9:1D:EC,-81,-78,12569,1476572009
A4:77:33:F9:1D:EC,-80,-78,12629,1476572069
A4:77:33:F9:1D:EC,-82,-77,12692,1476572132
A4:77:33:F9:1D:EC,-82,-77,12752,1476572192
A4:77:33:F9:1D:EC,-82,-76,12812,1476572252
A4:77:33:F9:1D:EC,-82,-78,12872,1476572312
A4:77:33:F9:1D:EC,-81,-77,12938,1476572378
A4:77:33:F9:1D:EC,-82,-77,12998,1476572438
A4:77:33:F9:1D:EC,-81,-78,13058,1476572498
A4:77:33:F9:1D:EC,-82,-78,13118,1476572558
A4:77:33:F9:1D:EC,-81,-76,13178,1476572618
A4:77:33:F9:1D:EC,-81,-76,13241,1476572681
A4:77:33:F9:1D:EC,-80,-78,13301,1476572741
A4:77:33:F9:1D:EC,-81,-78,13361,1476572801
A4:77:33:F9:1D:EC,-80,-76,13421,1476572861
A4:77:33:F9:1D:EC,-80,-77,13481,1476572921
A4:77:33:F9:1D:EC,-79,-78,13544,1476572984
A4:77:33:F9:1D:EC,-79,-77,13604,1476573044
A4:77:33:F9:1D:EC,-79,-77,13664,1476573104
A4:77:33:F9:1D:EC,-81,-78,13724,1476573164
A4:77:33:F9:1D:EC,-82,-76,13784,1476573224
A4:77:33:F9:1D:EC,-81,-77,13847,1476573287
A4:77:33:F9:1D:EC,-80,-77,13907,1476573347
A4:77:33:F9:1D:EC,-80,-77,13967,1476573407
A4:77:33:F9:1D:EC,-80,-77,14027,1476573467
A4:77:33:F9:1D:EC,-80,-77,14087,1476573527
