Client_MAC,Rssi0,Rssi1,Connection_Time,EpocTime
80:1F:02:B6:E4:83,-83,-77,28098,1476505377
80:1F:02:B6:E4:83,-82,-77,28158,1476505437
80:1F:02:B6:E4:83,-82,-77,28218,1476505497
80:1F:02:B6:E4:83,-82,-77,28278,1476505557
80:1F:02:B6:E4:83,-82,-77,28338,1476505617
80:1F:02:B6:E4:83,-82,-77,28431,1476505711
80:1F:02:B6:E4:83,-82,-77,28491,1476505771
80:1F:02:B6:E4:83,-82,-77,28551,1476505831
80:1F:02:B6:E4:83,-82,-77,28611,1476505891
80:1F:02:B6:E4:83,-81,-77,28678,1476505958
80:1F:02:B6:E4:83,-82,-77,28738,1476506018
80:1F:02:B6:E4:83,-83,-77,28798,1476506078
80:1F:02:B6:E4:83,-82,-77,28858,1476506138
80:1F:02:B6:E4:83,-82,-77,28918,1476506198
80:1F:02:B6:E4:83,-81,-77,29010,1476506290
80:1F:02:B6:E4:83,-82,-77,29070,1476506350
80:1F:02:B6:E4:83,-81,-77,29130,1476506410
80:1F:02:B6:E4:83,-82,-77,29190,1476506470
80:1F:02:B6:E4:83,-83,-77,29250,1476506530
80:1F:02:B6:E4:83,-83,-77,29313,1476506593
80:1F:02:B6:E4:83,-82,-77,29373,1476506653
80:1F:02:B6:E4:83,-82,-77,29433,1476506713
80:1F:02:B6:E4:83,-82,-77,29493,1476506773
80:1F:02:B6:E4:83,-82,-77,29553,1476506833
80:1F:02:B6:E4:83,-82,-77,29616,1476506896
80:1F:02:B6:E4:83,-82,-77,29676,1476506956
80:1F:02:B6:E4:83,-83,-77,29736,1476507016
80:1F:02:B6:E4:83,-83,-77,29796,1476507076
80:1F:02:B6:E4:83,-82,-77,29856,1476507136
80:1F:02:B6:E4:83,-82,-77,29919,1476507199
80:1F:02:B6:E4:83,-82,-77,29979,1476507259
80:1F:02:B6:E4:83,-82,-77,30039,1476507319
80:1F:02:B6:E4:83,-83,-77,30099,1476507379
80:1F:02:B6:E4:83,-82,-77,30159,1476507439
80:1F:02:B6:E4:83,-82,-77,30223,1476507502
80:1F:02:B6:E4:83,-82,-77,30283,1476507562
80:1F:02:B6:E4:83,-82,-77,30343,1476507622
80:1F:02:B6:E4:83,-82,-77,30403,1476507682
80:1F:02:B6:E4:83,-82,-77,30463,1476507742
80:1F:02:B6:E4:83,-82,-77,30523,1476507802
80:1F:02:B6:E4:83,-82,-77,30583,1476507862
80:1F:02:B6:E4:83,-82,-77,30643,1476507922
80:1F:02:B6:E4:83,-82,-77,30703,1476507982
80:1F:02:B6:E4:83,-82,-77,30795,1476508075
80:1F:02:B6:E4:83,-82,-76,30855,1476508135
80:1F:02:B6:E4:83,-82,-77,30915,1476508195
80:1F:02:B6:E4:83,-82,-77,30975,1476508255
80:1F:02:B6:E4:83,-82,-77,31035,1476508315
80:1F:02:B6:E4:83,-82,-77,31098,1476508378
80:1F:02:B6:E4:83,-82,-77,31158,1476508438
80:1F:02:B6:E4:83,-82,-77,31218,1476508498
80:1F:02:B6:E4:83,-82,-77,31278,1476508558
80:1F:02:B6:E4:83,-82,-77,31338,1476508618
80:1F:02:B6:E4:83,-82,-77,31401,1476508681
80:1F:02:B6:E4:83,-83,-77,31461,1476508741
80:1F:02:B6:E4:83,-82,-77,31522,1476508801
80:1F:02:B6:E4:83,-82,-77,31582,1476508861
80:1F:02:B6:E4:83,-82,-77,31642,1476508921
80:1F:02:B6:E4:83,-83,-77,31705,1476508984
80:1F:02:B6:E4:83,-82,-77,31765,1476509044
80:1F:02:B6:E4:83,-82,-77,31825,1476509104
80:1F:02:B6:E4:83,-82,-77,31885,1476509164
80:1F:02:B6:E4:83,-82,-77,31945,1476509224
80:1F:02:B6:E4:83,-82,-77,32008,1476509287
80:1F:02:B6:E4:83,-82,-77,32068,1476509347
80:1F:02:B6:E4:83,-82,-77,32128,1476509407
80:1F:02:B6:E4:83,-83,-77,32188,1476509467
80:1F:02:B6:E4:83,-82,-77,32248,1476509527
80:1F:02:B6:E4:83,-82,-77,32308,1476509587
80:1F:02:B6:E4:83,-82,-77,32368,1476509647
80:1F:02:B6:E4:83,-83,-77,32428,1476509707
80:1F:02:B6:E4:83,-82,-77,32488,1476509767
80:1F:02:B6:E4:83,-82,-77,32551,1476509830
80:1F:02:B6:E4:83,-82,-77,32611,1476509890
80:1F:02:B6:E4:83,-82,-77,32671,1476509950
80:1F:02:B6:E4:83,-82,-77,32731,1476510010
80:1F:02:B6:E4:83,-82,-77,32791,1476510070
80:1F:02:B6:E4:83,-82,-77,32854,1476510133
80:1F:02:B6:E4:83,-82,-77,32914,1476510193
80:1F:02:B6:E4:83,-82,-77,32974,1476510253
80:1F:02:B6:E4:83,-82,-77,33034,1476510313
80:1F:02:B6:E4:83,-82,-77,33094,1476510373
80:1F:02:B6:E4:83,-82,-77,33157,1476510437
80:1F:02:B6:E4:83,-82,-77,33217,1476510497
80:1F:02:B6:E4:83,-82,-77,33277,1476510557
80:1F:02:B6:E4:83,-82,-76,33337,1476510617
80:1F:02:B6:E4:83,-82,-77,33397,1476510677
80:1F:02:B6:E4:83,-82,-77,33460,1476510740
80:1F:02:B6:E4:83,-81,-76,33520,1476510800
80:1F:02:B6:E4:83,-82,-77,33580,1476510860
80:1F:02:B6:E4:83,-82,-77,33641,1476510920
80:1F:02:B6:E4:83,-82,-77,33701,1476510980
80:1F:02:B6:E4:83,-81,-77,33794,1476511073
80:1F:02:B6:E4:83,-82,-76,33854,1476511133
80:1F:02:B6:E4:83,-82,-77,33914,1476511193
80:1F:02:B6:E4:83,-82,-77,33974,1476511253
80:1F:02:B6:E4:83,-81,-76,34034,1476511313
80:1F:02:B6:E4:83,-82,-77,34094,1476511373
80:1F:02:B6:E4:83,-82,-77,34154,1476511433
80:1F:02:B6:E4:83,-82,-77,34214,1476511493
80:1F:02:B6:E4:83,-82,-77,34274,1476511553
80:1F:02:B6:E4:83,-82,-77,34337,1476511616
80:1F:02:B6:E4:83,-82,-77,34397,1476511676
80:1F:02:B6:E4:83,-81,-77,34457,1476511736
80:1F:02:B6:E4:83,-82,-77,34517,1476511796
80:1F:02:B6:E4:83,-82,-77,34577,1476511856
80:1F:02:B6:E4:83,-82,-77,34640,1476511919
80:1F:02:B6:E4:83,-82,-77,34700,1476511979
80:1F:02:B6:E4:83,-82,-77,34760,1476512039
80:1F:02:B6:E4:83,-82,-77,34820,1476512099
80:1F:02:B6:E4:83,-82,-77,34880,1476512159
80:1F:02:B6:E4:83,-82,-76,34943,1476512222
80:1F:02:B6:E4:83,-82,-77,35003,1476512282
80:1F:02:B6:E4:83,-82,-77,35063,1476512342
80:1F:02:B6:E4:83,-82,-77,35123,1476512402
80:1F:02:B6:E4:83,-82,-77,35183,1476512462
80:1F:02:B6:E4:83,-82,-77,35246,1476512526
80:1F:02:B6:E4:83,-83,-77,35306,1476512586
80:1F:02:B6:E4:83,-81,-77,35366,1476512646
80:1F:02:B6:E4:83,-82,-77,35426,1476512706
80:1F:02:B6:E4:83,-82,-77,35486,1476512766
80:1F:02:B6:E4:83,-81,-77,35578,1476512858
80:1F:02:B6:E4:83,-82,-77,35639,1476512918
80:1F:02:B6:E4:83,-82,-77,35699,1476512978
80:1F:02:B6:E4:83,-82,-77,35759,1476513038
80:1F:02:B6:E4:83,-82,-77,35819,1476513098
80:1F:02:B6:E4:83,-82,-77,35879,1476513158
80:1F:02:B6:E4:83,-82,-76,35939,1476513218
80:1F:02:B6:E4:83,-82,-77,35999,1476513278
80:1F:02:B6:E4:83,-82,-77,36059,1476513338
80:1F:02:B6:E4:83,-82,-77,36122,1476513401
80:1F:02:B6:E4:83,-82,-77,36182,1476513461
80:1F:02:B6:E4:83,-82,-77,36242,1476513521
80:1F:02:B6:E4:83,-82,-77,36302,1476513581
80:1F:02:B6:E4:83,-82,-77,36362,1476513641
80:1F:02:B6:E4:83,-81,-77,36425,1476513704
80:1F:02:B6:E4:83,-82,-77,36485,1476513764
80:1F:02:B6:E4:83,-82,-77,36545,1476513824
80:1F:02:B6:E4:83,-82,-77,36605,1476513884
80:1F:02:B6:E4:83,-82,-77,36665,1476513944
80:1F:02:B6:E4:83,-82,-77,36728,1476514007
80:1F:02:B6:E4:83,-82,-77,36788,1476514067
80:1F:02:B6:E4:83,-82,-76,36848,1476514127
80:1F:02:B6:E4:83,-82,-77,36908,1476514187
80:1F:02:B6:E4:83,-82,-77,36968,1476514247
80:1F:02:B6:E4:83,-82,-77,37031,1476514310
80:1F:02:B6:E4:83,-83,-77,37091,1476514370
80:1F:02:B6:E4:83,-82,-77,37151,1476514430
80:1F:02:B6:E4:83,-82,-77,37211,1476514490
80:1F:02:B6:E4:83,-81,-76,37271,1476514550
80:1F:02:B6:E4:83,-82,-77,37334,1476514613
80:1F:02:B6:E4:83,-82,-77,37394,1476514673
80:1F:02:B6:E4:83,-83,-77,37454,1476514733
80:1F:02:B6:E4:83,-82,-77,37514,1476514793
80:1F:02:B6:E4:83,-82,-77,37574,1476514853
80:1F:02:B6:E4:83,-81,-77,37634,1476514913
80:1F:02:B6:E4:83,-82,-77,37694,1476514973
80:1F:02:B6:E4:83,-81,-76,37754,1476515033
80:1F:02:B6:E4:83,-82,-77,37814,1476515093
80:1F:02:B6:E4:83,-83,-77,37877,1476515156
80:1F:02:B6:E4:83,-81,-75,37937,1476515216
80:1F:02:B6:E4:83,-82,-77,37997,1476515276
80:1F:02:B6:E4:83,-82,-77,38057,1476515336
80:1F:02:B6:E4:83,-82,-77,38117,1476515396
80:1F:02:B6:E4:83,-82,-77,38181,1476515460
80:1F:02:B6:E4:83,-82,-77,38241,1476515520
80:1F:02:B6:E4:83,-83,-77,38301,1476515580
80:1F:02:B6:E4:83,-82,-77,38361,1476515640
80:1F:02:B6:E4:83,-82,-77,38421,1476515700
80:1F:02:B6:E4:83,-82,-77,38514,1476515793
80:1F:02:B6:E4:83,-82,-76,38574,1476515853
80:1F:02:B6:E4:83,-82,-77,38634,1476515913
80:1F:02:B6:E4:83,-82,-77,38694,1476515973
80:1F:02:B6:E4:83,-82,-77,38754,1476516033
80:1F:02:B6:E4:83,-82,-77,38817,1476516096
80:1F:02:B6:E4:83,-82,-77,38877,1476516156
80:1F:02:B6:E4:83,-82,-77,38937,1476516216
80:1F:02:B6:E4:83,-82,-77,38997,1476516276
80:1F:02:B6:E4:83,-82,-77,39057,1476516336
80:1F:02:B6:E4:83,-82,-77,39120,1476516399
80:1F:02:B6:E4:83,-82,-77,39180,1476516459
80:1F:02:B6:E4:83,-82,-77,39240,1476516519
80:1F:02:B6:E4:83,-82,-77,39300,1476516579
80:1F:02:B6:E4:83,-82,-77,39360,1476516639
80:1F:02:B6:E4:83,-82,-77,39420,1476516699
80:1F:02:B6:E4:83,-82,-77,39480,1476516759
80:1F:02:B6:E4:83,-82,-77,39540,1476516819
80:1F:02:B6:E4:83,-82,-77,39600,1476516879
80:1F:02:B6:E4:83,-82,-77,39663,1476516942
80:1F:02:B6:E4:83,-82,-77,39723,1476517002
80:1F:02:B6:E4:83,-81,-77,39783,1476517062
80:1F:02:B6:E4:83,-82,-77,39843,1476517122
80:1F:02:B6:E4:83,-82,-77,39903,1476517182
80:1F:02:B6:E4:83,-82,-77,39966,1476517246
80:1F:02:B6:E4:83,-82,-76,40026,1476517306
80:1F:02:B6:E4:83,-82,-77,40086,1476517366
80:1F:02:B6:E4:83,-83,-77,40146,1476517426
80:1F:02:B6:E4:83,-82,-77,40206,1476517486
80:1F:02:B6:E4:83,-82,-77,40269,1476517549
80:1F:02:B6:E4:83,-82,-76,40329,1476517609
80:1F:02:B6:E4:83,-82,-77,40389,1476517669
80:1F:02:B6:E4:83,-82,-77,40449,1476517729
80:1F:02:B6:E4:83,-82,-77,40509,1476517789
80:1F:02:B6:E4:83,-82,-77,40602,1476517881
80:1F:02:B6:E4:83,-82,-76,40662,1476517941
80:1F:02:B6:E4:83,-81,-77,40722,1476518001
80:1F:02:B6:E4:83,-82,-77,40782,1476518061
80:1F:02:B6:E4:83,-82,-77,40842,1476518121
80:1F:02:B6:E4:83,-82,-77,40905,1476518184
80:1F:02:B6:E4:83,-82,-77,40965,1476518244
80:1F:02:B6:E4:83,-82,-77,41025,1476518304
80:1F:02:B6:E4:83,-82,-77,41085,1476518364
80:1F:02:B6:E4:83,-82,-77,41145,1476518424
80:1F:02:B6:E4:83,-82,-76,41205,1476518484
80:1F:02:B6:E4:83,-82,-77,41265,1476518544
80:1F:02:B6:E4:83,-82,-76,41325,1476518604
80:1F:02:B6:E4:83,-82,-77,41385,1476518664
80:1F:02:B6:E4:83,-81,-76,41448,1476518727
80:1F:02:B6:E4:83,-82,-77,41508,1476518787
80:1F:02:B6:E4:83,-82,-77,41568,1476518847
80:1F:02:B6:E4:83,-82,-77,41628,1476518907
80:1F:02:B6:E4:83,-82,-77,41688,1476518967
80:1F:02:B6:E4:83,-82,-76,41751,1476519030
80:1F:02:B6:E4:83,-82,-77,41811,1476519090
80:1F:02:B6:E4:83,-82,-77,41871,1476519150
80:1F:02:B6:E4:83,-82,-77,41931,1476519210
80:1F:02:B6:E4:83,-82,-77,41991,1476519270
80:1F:02:B6:E4:83,-82,-77,42054,1476519333
80:1F:02:B6:E4:83,-82,-77,42114,1476519393
80:1F:02:B6:E4:83,-82,-77,42174,1476519453
80:1F:02:B6:E4:83,-82,-77,42234,1476519513
80:1F:02:B6:E4:83,-82,-77,42294,1476519573
Client_MAC,Rssi0,Rssi1,Connection_Time,EpocTIME
80:1F:02:B6:E4:83,-79,-81,107,1476477386
80:1F:02:B6:E4:83,-89,-86,167,1476477446
80:1F:02:B6:E4:83,-87,-82,227,1476477506
80:1F:02:B6:E4:83,-80,-77,287,1476477566
80:1F:02:B6:E4:83,-87,-82,347,1476477626
80:1F:02:B6:E4:83,-88,-82,410,1476477689
80:1F:02:B6:E4:83,-89,-83,470,1476477749
80:1F:02:B6:E4:83,-88,-81,530,1476477809
80:1F:02:B6:E4:83,-88,-82,590,1476477869
80:1F:02:B6:E4:83,-87,-82,650,1476477929
80:1F:02:B6:E4:83,-87,-82,743,1476478023
80:1F:02:B6:E4:83,-88,-82,803,1476478083
80:1F:02:B6:E4:83,-87,-81,863,1476478143
80:1F:02:B6:E4:83,-80,-78,923,1476478203
80:1F:02:B6:E4:83,-80,-78,983,1476478263
80:1F:02:B6:E4:83,-80,-77,1046,1476478326
80:1F:02:B6:E4:83,-81,-78,1106,1476478386
80:1F:02:B6:E4:83,-80,-78,1166,1476478446
80:1F:02:B6:E4:83,-81,-78,1226,1476478506
80:1F:02:B6:E4:83,-80,-78,1286,1476478566
80:1F:02:B6:E4:83,-81,-78,1349,1476478629
80:1F:02:B6:E4:83,-80,-78,1409,1476478689
80:1F:02:B6:E4:83,-81,-78,1469,1476478749
80:1F:02:B6:E4:83,-80,-78,1529,1476478809
80:1F:02:B6:E4:83,-79,-77,1589,1476478869
80:1F:02:B6:E4:83,-80,-77,1652,1476478932
80:1F:02:B6:E4:83,-80,-78,1712,1476478992
80:1F:02:B6:E4:83,-81,-78,1772,1476479052
80:1F:02:B6:E4:83,-80,-78,1832,1476479112
80:1F:02:B6:E4:83,-80,-78,1892,1476479172
80:1F:02:B6:E4:83,-80,-77,1952,1476479232
80:1F:02:B6:E4:83,-81,-78,2012,1476479292
80:1F:02:B6:E4:83,-81,-78,2072,1476479352
80:1F:02:B6:E4:83,-80,-78,2132,1476479412
80:1F:02:B6:E4:83,-80,-77,2195,1476479475
80:1F:02:B6:E4:83,-80,-78,2255,1476479535
80:1F:02:B6:E4:83,-80,-77,2315,1476479595
80:1F:02:B6:E4:83,-81,-78,2375,1476479655
80:1F:02:B6:E4:83,-80,-78,2435,1476479715
80:1F:02:B6:E4:83,-79,-77,2499,1476479778
80:1F:02:B6:E4:83,-80,-77,2559,1476479838
80:1F:02:B6:E4:83,-80,-78,2619,1476479898
80:1F:02:B6:E4:83,-80,-78,2679,1476479958
80:1F:02:B6:E4:83,-80,-78,2739,1476480018
80:1F:02:B6:E4:83,-80,-78,2802,1476480081
80:1F:02:B6:E4:83,-81,-78,2862,1476480141
80:1F:02:B6:E4:83,-80,-78,2922,1476480201
80:1F:02:B6:E4:83,-80,-77,2982,1476480262
80:1F:02:B6:E4:83,-80,-78,3042,1476480322
80:1F:02:B6:E4:83,-80,-78,3105,1476480385
80:1F:02:B6:E4:83,-80,-78,3165,1476480445
80:1F:02:B6:E4:83,-80,-78,3225,1476480505
80:1F:02:B6:E4:83,-80,-77,3285,1476480565
80:1F:02:B6:E4:83,-80,-77,3345,1476480625
80:1F:02:B6:E4:83,-80,-78,3438,1476480717
80:1F:02:B6:E4:83,-80,-78,3498,1476480777
80:1F:02:B6:E4:83,-80,-77,3558,1476480837
80:1F:02:B6:E4:83,-81,-78,3618,1476480897
80:1F:02:B6:E4:83,-80,-77,3678,1476480957
80:1F:02:B6:E4:83,-80,-78,3738,1476481017
80:1F:02:B6:E4:83,-80,-78,3798,1476481077
80:1F:02:B6:E4:83,-80,-77,3858,1476481137
80:1F:02:B6:E4:83,-80,-77,3918,1476481197
80:1F:02:B6:E4:83,-81,-77,3981,1476481260
A4:77:33:F9:1D:EC,-80,-84,55,1476481260
80:1F:02:B6:E4:83,-81,-79,4041,1476481320
A4:77:33:F9:1D:EC,-80,-84,115,1476481320
80:1F:02:B6:E4:83,-80,-80,4101,1476481380
A4:77:33:F9:1D:EC,-79,-84,175,1476481380
80:1F:02:B6:E4:83,-80,-79,4161,1476481440
A4:77:33:F9:1D:EC,-80,-85,235,1476481440
80:1F:02:B6:E4:83,-84,-83,4221,1476481500
A4:77:33:F9:1D:EC,-80,-83,295,1476481500
80:1F:02:B6:E4:83,-80,-76,4284,1476481563
A4:77:33:F9:1D:EC,-80,-88,358,1476481563
80:1F:02:B6:E4:83,-81,-76,4344,1476481623
A4:77:33:F9:1D:EC,-79,-87,418,1476481623
80:1F:02:B6:E4:83,-80,-80,4404,1476481683
A4:77:33:F9:1D:EC,-80,-85,478,1476481683
80:1F:02:B6:E4:83,-83,-81,4464,1476481743
A4:77:33:F9:1D:EC,-80,-86,538,1476481743
80:1F:02:B6:E4:83,-81,-80,4524,1476481803
A4:77:33:F9:1D:EC,-80,-85,598,1476481803
80:1F:02:B6:E4:83,-82,-81,4587,1476481866
A4:77:33:F9:1D:EC,-81,-84,661,1476481866
80:1F:02:B6:E4:83,-86,-87,4647,1476481926
A4:77:33:F9:1D:EC,-81,-86,721,1476481926
80:1F:02:B6:E4:83,-83,-81,4707,1476481986
A4:77:33:F9:1D:EC,-81,-84,781,1476481986
80:1F:02:B6:E4:83,-82,-80,4767,1476482046
A4:77:33:F9:1D:EC,-83,-84,841,1476482046
80:1F:02:B6:E4:83,-81,-79,4827,1476482106
A4:77:33:F9:1D:EC,-80,-85,901,1476482106
80:1F:02:B6:E4:83,-81,-79,4921,1476482201
80:1F:02:B6:E4:83,-81,-80,4981,1476482261
80:1F:02:B6:E4:83,-81,-79,5041,1476482321
80:1F:02:B6:E4:83,-81,-79,5101,1476482381
80:1F:02:B6:E4:83,-82,-79,5161,1476482441
80:1F:02:B6:E4:83,-81,-80,5224,1476482504
80:1F:02:B6:E4:83,-82,-80,5284,1476482564
80:1F:02:B6:E4:83,-82,-80,5344,1476482624
80:1F:02:B6:E4:83,-82,-82,5404,1476482684
80:1F:02:B6:E4:83,-81,-80,5471,1476482750
80:1F:02:B6:E4:83,-82,-80,5531,1476482810
80:1F:02:B6:E4:83,-81,-79,5591,1476482870
80:1F:02:B6:E4:83,-81,-80,5651,1476482930
80:1F:02:B6:E4:83,-82,-80,5711,1476482990
80:1F:02:B6:E4:83,-82,-80,5774,1476483053
80:1F:02:B6:E4:83,-81,-80,5834,1476483113
80:1F:02:B6:E4:83,-82,-81,5894,1476483173
80:1F:02:B6:E4:83,-82,-80,5954,1476483233
80:1F:02:B6:E4:83,-81,-80,6014,1476483293
80:1F:02:B6:E4:83,-81,-79,6107,1476483387
80:1F:02:B6:E4:83,-81,-80,6167,1476483447
80:1F:02:B6:E4:83,-81,-81,6227,1476483507
80:1F:02:B6:E4:83,-81,-80,6287,1476483567
80:1F:02:B6:E4:83,-82,-81,6347,1476483627
80:1F:02:B6:E4:83,-81,-79,6410,1476483690
80:1F:02:B6:E4:83,-81,-80,6470,1476483750
80:1F:02:B6:E4:83,-81,-79,6530,1476483810
80:1F:02:B6:E4:83,-80,-80,6590,1476483870
80:1F:02:B6:E4:83,-81,-80,6650,1476483930
80:1F:02:B6:E4:83,-79,-79,6713,1476483993
80:1F:02:B6:E4:83,-80,-79,6773,1476484053
80:1F:02:B6:E4:83,-80,-79,6833,1476484113
80:1F:02:B6:E4:83,-80,-79,6893,1476484173
80:1F:02:B6:E4:83,-81,-79,6953,1476484233
80:1F:02:B6:E4:83,-81,-79,7016,1476484296
80:1F:02:B6:E4:83,-80,-79,7076,1476484356
80:1F:02:B6:E4:83,-80,-79,7136,1476484416
80:1F:02:B6:E4:83,-83,-84,7196,1476484476
80:1F:02:B6:E4:83,-81,-81,7263,1476484542
80:1F:02:B6:E4:83,-81,-81,7323,1476484602
80:1F:02:B6:E4:83,-83,-84,7383,1476484662
80:1F:02:B6:E4:83,-83,-84,7443,1476484722
80:1F:02:B6:E4:83,-82,-83,7503,1476484782
80:1F:02:B6:E4:83,-83,-84,7566,1476484846
80:1F:02:B6:E4:83,-82,-82,7626,1476484906
80:1F:02:B6:E4:83,-84,-84,7686,1476484966
80:1F:02:B6:E4:83,-80,-80,7746,1476485026
80:1F:02:B6:E4:83,-82,-84,7806,1476485086
80:1F:02:B6:E4:83,-82,-83,7869,1476485149
80:1F:02:B6:E4:83,-81,-80,7929,1476485209
80:1F:02:B6:E4:83,-81,-80,7989,1476485269
80:1F:02:B6:E4:83,-81,-79,8049,1476485329
80:1F:02:B6:E4:83,-81,-79,8109,1476485389
80:1F:02:B6:E4:83,-81,-80,8172,1476485452
80:1F:02:B6:E4:83,-82,-79,8232,1476485512
80:1F:02:B6:E4:83,-81,-80,8292,1476485572
80:1F:02:B6:E4:83,-81,-80,8352,1476485632
80:1F:02:B6:E4:83,-81,-79,8412,1476485692
80:1F:02:B6:E4:83,-81,-80,8476,1476485755
80:1F:02:B6:E4:83,-82,-80,8536,1476485815
80:1F:02:B6:E4:83,-81,-79,8596,1476485875
80:1F:02:B6:E4:83,-81,-79,8656,1476485935
80:1F:02:B6:E4:83,-81,-79,8716,1476485995
80:1F:02:B6:E4:83,-81,-80,8779,1476486058
80:1F:02:B6:E4:83,-81,-80,8839,1476486118
80:1F:02:B6:E4:83,-81,-80,8899,1476486178
80:1F:02:B6:E4:83,-81,-80,8959,1476486238
80:1F:02:B6:E4:83,-80,-79,9019,1476486298
80:1F:02:B6:E4:83,-80,-76,9079,1476486358
80:1F:02:B6:E4:83,-81,-76,9139,1476486418
80:1F:02:B6:E4:83,-81,-77,9199,1476486478
80:1F:02:B6:E4:83,-81,-76,9259,1476486538
80:1F:02:B6:E4:83,-81,-76,9322,1476486601
80:1F:02:B6:E4:83,-81,-77,9382,1476486661
80:1F:02:B6:E4:83,-81,-76,9442,1476486721
80:1F:02:B6:E4:83,-81,-77,9502,1476486781
80:1F:02:B6:E4:83,-81,-76,9562,1476486841
80:1F:02:B6:E4:83,-81,-76,9654,1476486934
80:1F:02:B6:E4:83,-81,-76,9714,1476486994
80:1F:02:B6:E4:83,-80,-76,9774,1476487054
80:1F:02:B6:E4:83,-81,-76,9834,1476487114
80:1F:02:B6:E4:83,-81,-76,9894,1476487174
80:1F:02:B6:E4:83,-80,-76,9957,1476487237
80:1F:02:B6:E4:83,-80,-77,10017,1476487297
80:1F:02:B6:E4:83,-81,-76,10077,1476487357
80:1F:02:B6:E4:83,-81,-77,10137,1476487417
80:1F:02:B6:E4:83,-81,-76,10197,1476487477
80:1F:02:B6:E4:83,-80,-76,10260,1476487540
80:1F:02:B6:E4:83,-81,-76,10320,1476487600
80:1F:02:B6:E4:83,-81,-76,10380,1476487660
80:1F:02:B6:E4:83,-81,-77,10440,1476487720
80:1F:02:B6:E4:83,-80,-76,10500,1476487780
80:1F:02:B6:E4:83,-80,-76,10564,1476487843
80:1F:02:B6:E4:83,-81,-77,10624,1476487903
80:1F:02:B6:E4:83,-80,-77,10684,1476487963
80:1F:02:B6:E4:83,-81,-77,10744,1476488023
80:1F:02:B6:E4:83,-80,-76,10804,1476488083
80:1F:02:B6:E4:83,-81,-77,10864,1476488143
80:1F:02:B6:E4:83,-81,-76,10924,1476488203
80:1F:02:B6:E4:83,-81,-76,10984,1476488263
80:1F:02:B6:E4:83,-81,-77,11044,1476488323
80:1F:02:B6:E4:83,-81,-77,11107,1476488386
80:1F:02:B6:E4:83,-81,-76,11167,1476488446
80:1F:02:B6:E4:83,-81,-76,11227,1476488506
80:1F:02:B6:E4:83,-81,-76,11287,1476488566
80:1F:02:B6:E4:83,-81,-77,11347,1476488627
80:1F:02:B6:E4:83,-81,-77,11410,1476488690
80:1F:02:B6:E4:83,-81,-77,11470,1476488750
80:1F:02:B6:E4:83,-81,-77,11530,1476488810
80:1F:02:B6:E4:83,-81,-77,11590,1476488870
80:1F:02:B6:E4:83,-80,-76,11650,1476488930
80:1F:02:B6:E4:83,-81,-76,11713,1476488993
80:1F:02:B6:E4:83,-81,-76,11773,1476489053
80:1F:02:B6:E4:83,-81,-77,11833,1476489113
80:1F:02:B6:E4:83,-80,-76,11893,1476489173
80:1F:02:B6:E4:83,-80,-76,11953,1476489233
80:1F:02:B6:E4:83,-81,-77,12016,1476489296
80:1F:02:B6:E4:83,-81,-77,12076,1476489356
80:1F:02:B6:E4:83,-81,-77,12136,1476489416
80:1F:02:B6:E4:83,-81,-77,12196,1476489476
80:1F:02:B6:E4:83,-80,-77,12256,1476489536
80:1F:02:B6:E4:83,-81,-77,12350,1476489630
80:1F:02:B6:E4:83,-81,-77,12410,1476489690
80:1F:02:B6:E4:83,-81,-77,12470,1476489750
80:1F:02:B6:E4:83,-81,-77,12530,1476489810
80:1F:02:B6:E4:83,-81,-77,12590,1476489870
80:1F:02:B6:E4:83,-81,-77,12650,1476489930
80:1F:02:B6:E4:83,-81,-77,12710,1476489990
80:1F:02:B6:E4:83,-81,-77,12770,1476490050
80:1F:02:B6:E4:83,-81,-77,12830,1476490110
80:1F:02:B6:E4:83,-81,-76,12923,1476490203
80:1F:02:B6:E4:83,-81,-77,12983,1476490263
80:1F:02:B6:E4:83,-81,-77,13043,1476490323
80:1F:02:B6:E4:83,-80,-76,13103,1476490383
80:1F:02:B6:E4:83,-81,-77,13163,1476490443
80:1F:02:B6:E4:83,-81,-76,13227,1476490507
80:1F:02:B6:E4:83,-81,-77,13287,1476490567
80:1F:02:B6:E4:83,-80,-77,13347,1476490627
80:1F:02:B6:E4:83,-81,-77,13407,1476490687
80:1F:02:B6:E4:83,-80,-76,13467,1476490747
80:1F:02:B6:E4:83,-81,-77,13530,1476490810
80:1F:02:B6:E4:83,-81,-77,13590,1476490870
80:1F:02:B6:E4:83,-80,-75,13650,1476490930
80:1F:02:B6:E4:83,-80,-77,13710,1476490990
80:1F:02:B6:E4:83,-81,-76,13770,1476491050
Client_MAC,Rssi0,Rssi1,Connection_Time,EpocTime
80:1F:02:B6:E4:83,-82,-77,42388,1476519667
80:1F:02:B6:E4:83,-82,-77,42448,1476519727
80:1F:02:B6:E4:83,-82,-77,42508,1476519787
80:1F:02:B6:E4:83,-82,-77,42568,1476519847
80:1F:02:B6:E4:83,-82,-77,42628,1476519907
80:1F:02:B6:E4:83,-82,-77,42691,1476519970
80:1F:02:B6:E4:83,-82,-77,42751,1476520030
80:1F:02:B6:E4:83,-82,-77,42811,1476520090
80:1F:02:B6:E4:83,-82,-77,42871,1476520150
80:1F:02:B6:E4:83,-81,-76,42931,1476520210
80:1F:02:B6:E4:83,-82,-77,42991,1476520270
80:1F:02:B6:E4:83,-81,-77,43051,1476520330
80:1F:02:B6:E4:83,-82,-77,43111,1476520390
80:1F:02:B6:E4:83,-82,-77,43171,1476520450
80:1F:02:B6:E4:83,-82,-77,43234,1476520514
80:1F:02:B6:E4:83,-81,-77,43294,1476520574
80:1F:02:B6:E4:83,-82,-77,43354,1476520634
80:1F:02:B6:E4:83,-82,-77,43414,1476520694
80:1F:02:B6:E4:83,-82,-77,43474,1476520754
80:1F:02:B6:E4:83,-82,-77,43537,1476520817
80:1F:02:B6:E4:83,-85,-79,43597,1476520877
80:1F:02:B6:E4:83,-86,-80,43657,1476520937
80:1F:02:B6:E4:83,-88,-81,43717,1476520997
80:1F:02:B6:E4:83,-89,-80,43777,1476521057
80:1F:02:B6:E4:83,-85,-81,43869,1476521149
80:1F:02:B6:E4:83,-86,-82,43929,1476521209
80:1F:02:B6:E4:83,-86,-82,43989,1476521269
80:1F:02:B6:E4:83,-85,-82,44049,1476521329
80:1F:02:B6:E4:83,-84,-82,44109,1476521389
80:1F:02:B6:E4:83,-85,-80,44172,1476521452
80:1F:02:B6:E4:83,-83,-79,44232,1476521512
80:1F:02:B6:E4:83,-86,-82,44292,1476521572
80:1F:02:B6:E4:83,-81,-77,44352,1476521632
80:1F:02:B6:E4:83,-86,-82,44412,1476521692
80:1F:02:B6:E4:83,-84,-81,44476,1476521755
80:1F:02:B6:E4:83,-86,-80,44536,1476521815
80:1F:02:B6:E4:83,-87,-82,44596,1476521875
80:1F:02:B6:E4:83,-85,-80,44656,1476521935
80:1F:02:B6:E4:83,-86,-81,44716,1476521995
80:1F:02:B6:E4:83,-86,-80,44776,1476522055
80:1F:02:B6:E4:83,-86,-80,44836,1476522115
80:1F:02:B6:E4:83,-86,-79,44896,1476522175
80:1F:02:B6:E4:83,-86,-80,44956,1476522235
80:1F:02:B6:E4:83,-86,-81,45019,1476522298
80:1F:02:B6:E4:83,-86,-82,45079,1476522358
80:1F:02:B6:E4:83,-86,-81,45139,1476522418
80:1F:02:B6:E4:83,-85,-81,45199,1476522478
80:1F:02:B6:E4:83,-86,-83,45259,1476522538
80:1F:02:B6:E4:83,-85,-82,45322,1476522601
80:1F:02:B6:E4:83,-84,-81,45382,1476522661
80:1F:02:B6:E4:83,-84,-80,45442,1476522721
80:1F:02:B6:E4:83,-84,-78,45502,1476522781
80:1F:02:B6:E4:83,-87,-81,45562,1476522841
80:1F:02:B6:E4:83,-87,-80,45655,1476522934
80:1F:02:B6:E4:83,-87,-81,45715,1476522994
80:1F:02:B6:E4:83,-87,-80,45775,1476523054
80:1F:02:B6:E4:83,-87,-80,45835,1476523114
80:1F:02:B6:E4:83,-82,-77,45895,1476523174
80:1F:02:B6:E4:83,-82,-77,45958,1476523238
80:1F:02:B6:E4:83,-82,-76,46018,1476523298
80:1F:02:B6:E4:83,-82,-76,46078,1476523358
80:1F:02:B6:E4:83,-82,-77,46138,1476523418
80:1F:02:B6:E4:83,-82,-77,46198,1476523478
80:1F:02:B6:E4:83,-82,-77,46261,1476523541
80:1F:02:B6:E4:83,-82,-76,46321,1476523601
80:1F:02:B6:E4:83,-82,-76,46381,1476523661
80:1F:02:B6:E4:83,-82,-77,46441,1476523721
80:1F:02:B6:E4:83,-82,-77,46501,1476523781
80:1F:02:B6:E4:83,-82,-77,46561,1476523841
80:1F:02:B6:E4:83,-83,-77,46621,1476523901
80:1F:02:B6:E4:83,-82,-76,46681,1476523961
80:1F:02:B6:E4:83,-81,-76,46741,1476524021
80:1F:02:B6:E4:83,-82,-76,46805,1476524084
80:1F:02:B6:E4:83,-83,-77,46865,1476524144
80:1F:02:B6:E4:83,-82,-77,46925,1476524204
80:1F:02:B6:E4:83,-83,-76,46985,1476524264
80:1F:02:B6:E4:83,-83,-77,47045,1476524324
80:1F:02:B6:E4:83,-82,-77,47108,1476524387
80:1F:02:B6:E4:83,-82,-76,47168,1476524447
80:1F:02:B6:E4:83,-82,-76,47228,1476524507
80:1F:02:B6:E4:83,-82,-76,47288,1476524567
80:1F:02:B6:E4:83,-82,-77,47348,1476524627
80:1F:02:B6:E4:83,-82,-77,47441,1476524720
80:1F:02:B6:E4:83,-82,-77,47501,1476524780
80:1F:02:B6:E4:83,-83,-77,47561,1476524840
80:1F:02:B6:E4:83,-83,-77,47621,1476524900
80:1F:02:B6:E4:83,-83,-77,47681,1476524960
80:1F:02:B6:E4:83,-82,-77,47744,1476525023
80:1F:02:B6:E4:83,-83,-77,47804,1476525083
80:1F:02:B6:E4:83,-82,-77,47864,1476525143
80:1F:02:B6:E4:83,-82,-77,47924,1476525203
80:1F:02:B6:E4:83,-82,-77,47984,1476525263
80:1F:02:B6:E4:83,-81,-76,48047,1476525326
80:1F:02:B6:E4:83,-82,-77,48107,1476525386
80:1F:02:B6:E4:83,-82,-77,48167,1476525446
80:1F:02:B6:E4:83,-81,-77,48227,1476525506
80:1F:02:B6:E4:83,-83,-77,48287,1476525566
80:1F:02:B6:E4:83,-82,-77,48347,1476525626
80:1F:02:B6:E4:83,-82,-77,48407,1476525686
80:1F:02:B6:E4:83,-82,-77,48467,1476525746
80:1F:02:B6:E4:83,-83,-77,48527,1476525806
80:1F:02:B6:E4:83,-83,-77,48590,1476525870
80:1F:02:B6:E4:83,-82,-77,48650,1476525930
80:1F:02:B6:E4:83,-82,-76,48710,1476525990
80:1F:02:B6:E4:83,-82,-77,48770,1476526050
80:1F:02:B6:E4:83,-82,-76,48830,1476526110
80:1F:02:B6:E4:83,-82,-77,48922,1476526202
80:1F:02:B6:E4:83,-82,-77,48982,1476526262
80:1F:02:B6:E4:83,-80,-77,49042,1476526322
80:1F:02:B6:E4:83,-80,-77,49102,1476526382
80:1F:02:B6:E4:83,-81,-77,49162,1476526442
80:1F:02:B6:E4:83,-80,-77,49226,1476526505
80:1F:02:B6:E4:83,-81,-77,49286,1476526565
80:1F:02:B6:E4:83,-80,-77,49346,1476526625
80:1F:02:B6:E4:83,-80,-76,49406,1476526685
80:1F:02:B6:E4:83,-80,-77,49466,1476526745
80:1F:02:B6:E4:83,-80,-77,49529,1476526808
80:1F:02:B6:E4:83,-80,-76,49589,1476526868
80:1F:02:B6:E4:83,-80,-77,49649,1476526928
80:1F:02:B6:E4:83,-80,-77,49709,1476526988
80:1F:02:B6:E4:83,-79,-76,49769,1476527048
80:1F:02:B6:E4:83,-81,-78,49832,1476527111
80:1F:02:B6:E4:83,-80,-77,49892,1476527171
80:1F:02:B6:E4:83,-80,-76,49952,1476527231
80:1F:02:B6:E4:83,-81,-77,50012,1476527291
80:1F:02:B6:E4:83,-80,-77,50072,1476527351
80:1F:02:B6:E4:83,-80,-77,50132,1476527411
80:1F:02:B6:E4:83,-80,-76,50192,1476527471
80:1F:02:B6:E4:83,-79,-76,50252,1476527531
80:1F:02:B6:E4:83,-80,-77,50312,1476527591
80:1F:02:B6:E4:83,-81,-77,50375,1476527654
80:1F:02:B6:E4:83,-81,-78,50435,1476527714
80:1F:02:B6:E4:83,-81,-77,50495,1476527774
80:1F:02:B6:E4:83,-81,-77,50555,1476527834
80:1F:02:B6:E4:83,-81,-77,50615,1476527894
80:1F:02:B6:E4:83,-80,-77,50702,1476527981
80:1F:02:B6:E4:83,-81,-77,50762,1476528041
80:1F:02:B6:E4:83,-81,-77,50822,1476528101
80:1F:02:B6:E4:83,-80,-77,50882,1476528161
80:1F:02:B6:E4:83,-81,-77,50942,1476528221
80:1F:02:B6:E4:83,-81,-77,51006,1476528286
80:1F:02:B6:E4:83,-81,-77,51066,1476528346
80:1F:02:B6:E4:83,-81,-77,51126,1476528406
80:1F:02:B6:E4:83,-81,-77,51186,1476528466
80:1F:02:B6:E4:83,-79,-76,51246,1476528526
80:1F:02:B6:E4:83,-80,-76,51309,1476528589
80:1F:02:B6:E4:83,-81,-77,51369,1476528649
80:1F:02:B6:E4:83,-81,-78,51429,1476528709
80:1F:02:B6:E4:83,-81,-77,51489,1476528769
80:1F:02:B6:E4:83,-80,-77,51549,1476528829
80:1F:02:B6:E4:83,-78,-75,51613,1476528892
80:1F:02:B6:E4:83,-77,-74,51673,1476528952
80:1F:02:B6:E4:83,-80,-77,51733,1476529012
80:1F:02:B6:E4:83,-80,-77,51793,1476529072
80:1F:02:B6:E4:83,-80,-77,51853,1476529132
80:1F:02:B6:E4:83,-81,-78,51913,1476529192
80:1F:02:B6:E4:83,-81,-77,51973,1476529252
80:1F:02:B6:E4:83,-75,-73,52033,1476529312
80:1F:02:B6:E4:83,-80,-77,52093,1476529372
80:1F:02:B6:E4:83,-80,-77,52156,1476529435
80:1F:02:B6:E4:83,-80,-77,52216,1476529495
80:1F:02:B6:E4:83,-80,-77,52276,1476529555
80:1F:02:B6:E4:83,-79,-76,52336,1476529615
80:1F:02:B6:E4:83,-80,-76,52396,1476529675
80:1F:02:B6:E4:83,-80,-77,52491,1476529770
80:1F:02:B6:E4:83,-80,-77,52551,1476529830
80:1F:02:B6:E4:83,-77,-75,52611,1476529890
80:1F:02:B6:E4:83,-77,-75,52671,1476529950
80:1F:02:B6:E4:83,-80,-77,52731,1476530010
80:1F:02:B6:E4:83,-80,-77,52794,1476530074
80:1F:02:B6:E4:83,-80,-77,52854,1476530134
80:1F:02:B6:E4:83,-81,-78,52914,1476530194
80:1F:02:B6:E4:83,-80,-77,52974,1476530254
80:1F:02:B6:E4:83,-80,-77,53034,1476530314
80:1F:02:B6:E4:83,-80,-76,53097,1476530377
80:1F:02:B6:E4:83,-80,-77,53157,1476530437
80:1F:02:B6:E4:83,-80,-77,53217,1476530497
80:1F:02:B6:E4:83,-80,-77,53277,1476530557
80:1F:02:B6:E4:83,-78,-75,53337,1476530617
80:1F:02:B6:E4:83,-80,-77,53401,1476530680
80:1F:02:B6:E4:83,-80,-77,53461,1476530740
80:1F:02:B6:E4:83,-81,-77,53521,1476530800
80:1F:02:B6:E4:83,-80,-77,53581,1476530860
80:1F:02:B6:E4:83,-81,-77,53641,1476530920
80:1F:02:B6:E4:83,-80,-77,53701,1476530980
80:1F:02:B6:E4:83,-80,-77,53761,1476531040
80:1F:02:B6:E4:83,-80,-77,53821,1476531100
80:1F:02:B6:E4:83,-81,-77,53881,1476531160
80:1F:02:B6:E4:83,-80,-77,53944,1476531223
80:1F:02:B6:E4:83,-80,-77,54004,1476531283
80:1F:02:B6:E4:83,-80,-77,54064,1476531343
80:1F:02:B6:E4:83,-80,-77,54124,1476531403
80:1F:02:B6:E4:83,-80,-77,54184,1476531463
80:1F:02:B6:E4:83,-81,-77,54247,1476531526
80:1F:02:B6:E4:83,-80,-77,54307,1476531586
80:1F:02:B6:E4:83,-81,-77,54367,1476531646
80:1F:02:B6:E4:83,-80,-77,54427,1476531706
80:1F:02:B6:E4:83,-80,-77,54487,1476531766
80:1F:02:B6:E4:83,-81,-78,54550,1476531829
80:1F:02:B6:E4:83,-80,-77,54610,1476531889
80:1F:02:B6:E4:83,-81,-77,54670,1476531949
80:1F:02:B6:E4:83,-81,-77,54730,1476532009
80:1F:02:B6:E4:83,-80,-77,54790,1476532069
80:1F:02:B6:E4:83,-78,-76,54853,1476532132
80:1F:02:B6:E4:83,-77,-75,54913,1476532192
80:1F:02:B6:E4:83,-80,-77,54973,1476532252
80:1F:02:B6:E4:83,-81,-78,55033,1476532312
80:1F:02:B6:E4:83,-80,-77,55093,1476532372
80:1F:02:B6:E4:83,-77,-74,55156,1476532436
80:1F:02:B6:E4:83,-80,-77,55216,1476532496
80:1F:02:B6:E4:83,-79,-75,55276,1476532556
80:1F:02:B6:E4:83,-79,-76,55336,1476532616
80:1F:02:B6:E4:83,-80,-76,55396,1476532676
80:1F:02:B6:E4:83,-77,-75,55456,1476532736
80:1F:02:B6:E4:83,-77,-75,55516,1476532796
80:1F:02:B6:E4:83,-80,-77,55576,1476532856
80:1F:02:B6:E4:83,-80,-77,55636,1476532916
80:1F:02:B6:E4:83,-80,-77,55731,1476533010
80:1F:02:B6:E4:83,-79,-76,55791,1476533070
80:1F:02:B6:E4:83,-77,-74,55851,1476533130
80:1F:02:B6:E4:83,-81,-77,55911,1476533190
80:1F:02:B6:E4:83,-79,-76,55971,1476533250
80:1F:02:B6:E4:83,-80,-77,56034,1476533314
80:1F:02:B6:E4:83,-80,-77,56094,1476533374
80:1F:02:B6:E4:83,-78,-76,56154,1476533434
80:1F:02:B6:E4:83,-79,-77,56214,1476533494
80:1F:02:B6:E4:83,-80,-77,56274,1476533554
80:1F:02:B6:E4:83,-80,-77,56337,1476533617
80:1F:02:B6:E4:83,-80,-77,56397,1476533677
80:1F:02:B6:E4:83,-81,-77,56457,1476533737
80:1F:02:B6:E4:83,-81,-78,56517,1476533797
80:1F:02:B6:E4:83,-80,-77,56577,1476533857
Client_MAC,Rssi0,Rssi1,Connection_Time,EpocTime
80:1F:02:B6:E4:83,-80,-77,13834,1476491114
80:1F:02:B6:E4:83,-81,-77,13894,1476491174
80:1F:02:B6:E4:83,-81,-77,13954,1476491234
80:1F:02:B6:E4:83,-81,-77,14014,1476491294
80:1F:02:B6:E4:83,-81,-77,14074,1476491354
80:1F:02:B6:E4:83,-81,-76,14137,1476491417
80:1F:02:B6:E4:83,-81,-77,14197,1476491477
80:1F:02:B6:E4:83,-80,-77,14257,1476491537
80:1F:02:B6:E4:83,-80,-76,14317,1476491597
80:1F:02:B6:E4:83,-81,-76,14377,1476491657
80:1F:02:B6:E4:83,-80,-76,14437,1476491717
80:1F:02:B6:E4:83,-81,-77,14497,1476491777
80:1F:02:B6:E4:83,-81,-76,14557,1476491837
80:1F:02:B6:E4:83,-81,-77,14617,1476491897
80:1F:02:B6:E4:83,-81,-76,14680,1476491960
80:1F:02:B6:E4:83,-81,-76,14740,1476492020
80:1F:02:B6:E4:83,-81,-77,14800,1476492080
80:1F:02:B6:E4:83,-81,-77,14860,1476492140
80:1F:02:B6:E4:83,-80,-76,14920,1476492200
80:1F:02:B6:E4:83,-81,-77,14983,1476492263
80:1F:02:B6:E4:83,-81,-77,15043,1476492323
80:1F:02:B6:E4:83,-81,-77,15103,1476492383
80:1F:02:B6:E4:83,-81,-77,15163,1476492443
80:1F:02:B6:E4:83,-81,-77,15223,1476492503
80:1F:02:B6:E4:83,-81,-77,15286,1476492566
80:1F:02:B6:E4:83,-81,-77,15346,1476492626
80:1F:02:B6:E4:83,-80,-76,15406,1476492686
80:1F:02:B6:E4:83,-81,-77,15466,1476492746
80:1F:02:B6:E4:83,-81,-77,15526,1476492806
80:1F:02:B6:E4:83,-81,-77,15625,1476492905
80:1F:02:B6:E4:83,-81,-77,15685,1476492965
80:1F:02:B6:E4:83,-81,-77,15745,1476493025
80:1F:02:B6:E4:83,-80,-76,15805,1476493085
80:1F:02:B6:E4:83,-81,-77,15865,1476493145
80:1F:02:B6:E4:83,-80,-77,15928,1476493208
80:1F:02:B6:E4:83,-81,-77,15988,1476493268
80:1F:02:B6:E4:83,-81,-76,16048,1476493328
80:1F:02:B6:E4:83,-81,-77,16108,1476493388
80:1F:02:B6:E4:83,-82,-77,16168,1476493448
80:1F:02:B6:E4:83,-81,-77,16228,1476493508
80:1F:02:B6:E4:83,-81,-77,16288,1476493568
80:1F:02:B6:E4:83,-81,-76,16348,1476493628
80:1F:02:B6:E4:83,-82,-77,16408,1476493688
80:1F:02:B6:E4:83,-82,-77,16471,1476493751
80:1F:02:B6:E4:83,-82,-77,16531,1476493811
80:1F:02:B6:E4:83,-81,-77,16591,1476493871
80:1F:02:B6:E4:83,-82,-77,16651,1476493931
80:1F:02:B6:E4:83,-82,-77,16711,1476493991
80:1F:02:B6:E4:83,-82,-77,16815,1476494094
80:1F:02:B6:E4:83,-81,-77,16875,1476494154
80:1F:02:B6:E4:83,-81,-76,16935,1476494214
80:1F:02:B6:E4:83,-82,-77,16995,1476494274
80:1F:02:B6:E4:83,-81,-77,17055,1476494334
80:1F:02:B6:E4:83,-82,-77,17118,1476494397
80:1F:02:B6:E4:83,-81,-77,17178,1476494457
80:1F:02:B6:E4:83,-81,-77,17238,1476494517
80:1F:02:B6:E4:83,-81,-77,17298,1476494577
80:1F:02:B6:E4:83,-81,-77,17358,1476494637
80:1F:02:B6:E4:83,-82,-77,17421,1476494700
80:1F:02:B6:E4:83,-82,-77,17481,1476494760
80:1F:02:B6:E4:83,-82,-77,17541,1476494820
80:1F:02:B6:E4:83,-81,-77,17601,1476494880
80:1F:02:B6:E4:83,-81,-76,17661,1476494940
80:1F:02:B6:E4:83,-82,-77,17724,1476495003
80:1F:02:B6:E4:83,-82,-77,17784,1476495063
80:1F:02:B6:E4:83,-82,-77,17844,1476495123
80:1F:02:B6:E4:83,-81,-77,17904,1476495183
80:1F:02:B6:E4:83,-82,-77,17964,1476495243
80:1F:02:B6:E4:83,-82,-77,18024,1476495303
80:1F:02:B6:E4:83,-81,-77,18084,1476495363
80:1F:02:B6:E4:83,-81,-77,18144,1476495423
80:1F:02:B6:E4:83,-82,-77,18204,1476495483
80:1F:02:B6:E4:83,-82,-77,18267,1476495547
80:1F:02:B6:E4:83,-81,-77,18327,1476495607
80:1F:02:B6:E4:83,-82,-77,18387,1476495667
80:1F:02:B6:E4:83,-82,-77,18448,1476495727
80:1F:02:B6:E4:83,-81,-76,18508,1476495787
80:1F:02:B6:E4:83,-81,-77,18571,1476495850
80:1F:02:B6:E4:83,-81,-77,18631,1476495910
80:1F:02:B6:E4:83,-83,-77,18691,1476495970
80:1F:02:B6:E4:83,-81,-77,18751,1476496030
80:1F:02:B6:E4:83,-82,-77,18811,1476496090
80:1F:02:B6:E4:83,-81,-77,18907,1476496186
80:1F:02:B6:E4:83,-82,-77,18967,1476496246
80:1F:02:B6:E4:83,-81,-77,19027,1476496306
80:1F:02:B6:E4:83,-81,-77,19087,1476496366
80:1F:02:B6:E4:83,-82,-77,19147,1476496426
80:1F:02:B6:E4:83,-82,-77,19210,1476496489
80:1F:02:B6:E4:83,-82,-77,19270,1476496549
80:1F:02:B6:E4:83,-82,-77,19330,1476496609
80:1F:02:B6:E4:83,-81,-77,19390,1476496669
80:1F:02:B6:E4:83,-82,-77,19450,1476496729
80:1F:02:B6:E4:83,-82,-77,19513,1476496792
80:1F:02:B6:E4:83,-82,-77,19573,1476496852
80:1F:02:B6:E4:83,-82,-77,19633,1476496912
80:1F:02:B6:E4:83,-81,-77,19693,1476496972
80:1F:02:B6:E4:83,-81,-77,19753,1476497032
80:1F:02:B6:E4:83,-82,-77,19813,1476497092
80:1F:02:B6:E4:83,-82,-77,19873,1476497152
80:1F:02:B6:E4:83,-82,-77,19933,1476497212
80:1F:02:B6:E4:83,-82,-77,19993,1476497272
80:1F:02:B6:E4:83,-82,-77,20056,1476497335
80:1F:02:B6:E4:83,-82,-77,20116,1476497395
80:1F:02:B6:E4:83,-82,-77,20176,1476497456
80:1F:02:B6:E4:83,-81,-77,20236,1476497516
80:1F:02:B6:E4:83,-81,-76,20296,1476497576
80:1F:02:B6:E4:83,-81,-77,20395,1476497674
80:1F:02:B6:E4:83,-82,-77,20455,1476497734
80:1F:02:B6:E4:83,-82,-77,20515,1476497794
80:1F:02:B6:E4:83,-82,-77,20575,1476497854
80:1F:02:B6:E4:83,-82,-77,20635,1476497914
80:1F:02:B6:E4:83,-81,-77,20699,1476497978
80:1F:02:B6:E4:83,-81,-76,20759,1476498038
80:1F:02:B6:E4:83,-82,-77,20819,1476498098
80:1F:02:B6:E4:83,-82,-77,20879,1476498158
80:1F:02:B6:E4:83,-82,-77,20939,1476498218
80:1F:02:B6:E4:83,-82,-77,21002,1476498281
80:1F:02:B6:E4:83,-81,-77,21062,1476498341
80:1F:02:B6:E4:83,-82,-77,21122,1476498401
80:1F:02:B6:E4:83,-82,-77,21182,1476498461
80:1F:02:B6:E4:83,-82,-77,21242,1476498521
80:1F:02:B6:E4:83,-82,-77,21305,1476498584
80:1F:02:B6:E4:83,-82,-77,21365,1476498644
80:1F:02:B6:E4:83,-82,-77,21425,1476498704
80:1F:02:B6:E4:83,-81,-77,21485,1476498764
80:1F:02:B6:E4:83,-81,-77,21545,1476498824
80:1F:02:B6:E4:83,-82,-77,21605,1476498884
80:1F:02:B6:E4:83,-82,-77,21665,1476498944
80:1F:02:B6:E4:83,-82,-77,21725,1476499004
80:1F:02:B6:E4:83,-82,-77,21785,1476499064
80:1F:02:B6:E4:83,-82,-77,21848,1476499127
80:1F:02:B6:E4:83,-81,-76,21908,1476499187
80:1F:02:B6:E4:83,-81,-77,21968,1476499247
80:1F:02:B6:E4:83,-81,-77,22028,1476499307
80:1F:02:B6:E4:83,-82,-77,22088,1476499367
80:1F:02:B6:E4:83,-82,-77,22151,1476499430
80:1F:02:B6:E4:83,-82,-77,22211,1476499490
80:1F:02:B6:E4:83,-82,-77,22271,1476499550
80:1F:02:B6:E4:83,-81,-77,22331,1476499610
80:1F:02:B6:E4:83,-82,-77,22391,1476499670
80:1F:02:B6:E4:83,-82,-78,22489,1476499769
80:1F:02:B6:E4:83,-82,-77,22549,1476499829
80:1F:02:B6:E4:83,-81,-77,22609,1476499889
80:1F:02:B6:E4:83,-82,-77,22669,1476499949
80:1F:02:B6:E4:83,-81,-77,22729,1476500009
80:1F:02:B6:E4:83,-81,-77,22792,1476500072
80:1F:02:B6:E4:83,-81,-77,22852,1476500132
80:1F:02:B6:E4:83,-81,-77,22912,1476500192
80:1F:02:B6:E4:83,-81,-77,22972,1476500252
80:1F:02:B6:E4:83,-80,-76,23032,1476500312
80:1F:02:B6:E4:83,-81,-77,23096,1476500376
80:1F:02:B6:E4:83,-81,-77,23156,1476500435
80:1F:02:B6:E4:83,-81,-77,23216,1476500495
80:1F:02:B6:E4:83,-81,-77,23276,1476500555
80:1F:02:B6:E4:83,-81,-77,23336,1476500615
80:1F:02:B6:E4:83,-82,-77,23396,1476500675
80:1F:02:B6:E4:83,-82,-77,23456,1476500736
80:1F:02:B6:E4:83,-82,-77,23516,1476500796
80:1F:02:B6:E4:83,-82,-77,23576,1476500856
80:1F:02:B6:E4:83,-81,-77,23639,1476500919
80:1F:02:B6:E4:83,-82,-77,23699,1476500979
80:1F:02:B6:E4:83,-81,-77,23759,1476501039
80:1F:02:B6:E4:83,-81,-77,23819,1476501099
80:1F:02:B6:E4:83,-81,-77,23879,1476501159
80:1F:02:B6:E4:83,-81,-77,23973,1476501252
80:1F:02:B6:E4:83,-81,-77,24033,1476501312
80:1F:02:B6:E4:83,-82,-77,24093,1476501372
80:1F:02:B6:E4:83,-82,-77,24153,1476501432
80:1F:02:B6:E4:83,-81,-76,24213,1476501492
80:1F:02:B6:E4:83,-81,-77,24276,1476501556
80:1F:02:B6:E4:83,-81,-76,24336,1476501616
80:1F:02:B6:E4:83,-81,-77,24396,1476501676
80:1F:02:B6:E4:83,-81,-76,24456,1476501736
80:1F:02:B6:E4:83,-81,-77,24516,1476501796
80:1F:02:B6:E4:83,-82,-77,24579,1476501859
80:1F:02:B6:E4:83,-81,-76,24639,1476501919
80:1F:02:B6:E4:83,-81,-77,24699,1476501979
80:1F:02:B6:E4:83,-81,-77,24759,1476502039
80:1F:02:B6:E4:83,-82,-77,24819,1476502099
80:1F:02:B6:E4:83,-81,-76,24882,1476502162
80:1F:02:B6:E4:83,-81,-77,24942,1476502222
80:1F:02:B6:E4:83,-82,-77,25002,1476502282
80:1F:02:B6:E4:83,-82,-77,25062,1476502342
80:1F:02:B6:E4:83,-81,-76,25122,1476502402
80:1F:02:B6:E4:83,-82,-77,25182,1476502462
80:1F:02:B6:E4:83,-81,-76,25242,1476502522
80:1F:02:B6:E4:83,-81,-76,25302,1476502582
80:1F:02:B6:E4:83,-82,-77,25362,1476502642
80:1F:02:B6:E4:83,-83,-77,25425,1476502705
80:1F:02:B6:E4:83,-82,-77,25485,1476502765
80:1F:02:B6:E4:83,-82,-77,25545,1476502825
80:1F:02:B6:E4:83,-82,-77,25605,1476502885
80:1F:02:B6:E4:83,-83,-77,25665,1476502945
80:1F:02:B6:E4:83,-82,-77,25729,1476503008
80:1F:02:B6:E4:83,-82,-77,25789,1476503068
80:1F:02:B6:E4:83,-83,-78,25849,1476503128
80:1F:02:B6:E4:83,-82,-77,25909,1476503188
80:1F:02:B6:E4:83,-82,-77,25969,1476503248
80:1F:02:B6:E4:83,-82,-77,26032,1476503311
80:1F:02:B6:E4:83,-82,-77,26092,1476503371
80:1F:02:B6:E4:83,-82,-77,26152,1476503431
80:1F:02:B6:E4:83,-82,-77,26212,1476503491
80:1F:02:B6:E4:83,-82,-77,26272,1476503551
80:1F:02:B6:E4:83,-82,-77,26335,1476503615
80:1F:02:B6:E4:83,-82,-77,26395,1476503675
80:1F:02:B6:E4:83,-82,-77,26455,1476503735
80:1F:02:B6:E4:83,-83,-78,26515,1476503795
80:1F:02:B6:E4:83,-82,-77,26575,1476503855
80:1F:02:B6:E4:83,-82,-77,26638,1476503918
80:1F:02:B6:E4:83,-82,-77,26698,1476503978
80:1F:02:B6:E4:83,-82,-77,26758,1476504038
80:1F:02:B6:E4:83,-82,-77,26818,1476504098
80:1F:02:B6:E4:83,-82,-77,26885,1476504164
80:1F:02:B6:E4:83,-82,-77,26945,1476504224
80:1F:02:B6:E4:83,-81,-76,27005,1476504284
80:1F:02:B6:E4:83,-82,-77,27065,1476504344
80:1F:02:B6:E4:83,-82,-77,27125,1476504404
80:1F:02:B6:E4:83,-82,-77,27188,1476504467
80:1F:02:B6:E4:83,-82,-77,27248,1476504527
80:1F:02:B6:E4:83,-82,-77,27308,1476504587
80:1F:02:B6:E4:83,-81,-77,27368,1476504647
80:1F:02:B6:E4:83,-82,-77,27428,1476504707
80:1F:02:B6:E4:83,-82,-77,27491,1476504770
80:1F:02:B6:E4:83,-83,-77,27551,1476504830
80:1F:02:B6:E4:83,-82,-77,27611,1476504890
80:1F:02:B6:E4:83,-82,-77,27671,1476504950
80:1F:02:B6:E4:83,-82,-77,27731,1476505010
80:1F:02:B6:E4:83,-81,-77,27794,1476505073
80:1F:02:B6:E4:83,-82,-77,27854,1476505133
80:1F:02:B6:E4:83,-82,-77,27914,1476505194
80:1F:02:B6:E4:83,-82,-77,27974,1476505253
80:1F:02:B6:E4:83,-82,-77,28034,1476505313
