Client_MAC,Rssi0,Rssi1,Connection_Time,EpocTIME
1C:B0:94:7E:E4:3A,-81,-84,28,1476659861
1C:B0:94:7E:E4:3A,-81,-83,116,1476659948
34:4D:F7:46:9D:79,-64,-78,63,1476659948
1C:B0:94:7E:E4:3A,-81,-84,176,1476660008
34:4D:F7:46:9D:79,-64,-77,123,1476660008
1C:B0:94:7E:E4:3A,-81,-84,236,1476660068
34:4D:F7:46:9D:79,-65,-78,183,1476660068
1C:B0:94:7E:E4:3A,-81,-85,296,1476660128
34:4D:F7:46:9D:79,-64,-77,243,1476660128
1C:B0:94:7E:E4:3A,-81,-85,356,1476660188
34:4D:F7:46:9D:79,-64,-78,303,1476660188
1C:B0:94:7E:E4:3A,-81,-85,419,1476660251
34:4D:F7:46:9D:79,-64,-78,366,1476660251
1C:B0:94:7E:E4:3A,-81,-85,479,1476660311
34:4D:F7:46:9D:79,-65,-70,426,1476660311
1C:B0:94:7E:E4:3A,-81,-85,539,1476660371
34:4D:F7:46:9D:79,-73,-73,486,1476660371
1C:B0:94:7E:E4:3A,-82,-85,599,1476660431
1C:B0:94:7E:E4:3A,-82,-85,659,1476660491
34:4D:F7:46:9D:79,-78,-65,20,1476660491
1C:B0:94:7E:E4:3A,-82,-85,722,1476660555
34:4D:F7:46:9D:79,-82,-73,83,1476660555
1C:B0:94:7E:E4:3A,-82,-85,782,1476660615
34:4D:F7:46:9D:79,-76,-75,143,1476660615
1C:B0:94:7E:E4:3A,-82,-85,842,1476660675
34:4D:F7:46:9D:79,-74,-77,203,1476660675
1C:B0:94:7E:E4:3A,-82,-85,902,1476660735
34:4D:F7:46:9D:79,-84,-81,263,1476660735
1C:B0:94:7E:E4:3A,-82,-85,962,1476660795
34:4D:F7:46:9D:79,-84,-86,323,1476660795
1C:B0:94:7E:E4:3A,-82,-85,1025,1476660858
34:4D:F7:46:9D:79,-82,-86,25,1476660858
1C:B0:94:7E:E4:3A,-82,-85,1085,1476660918
34:4D:F7:46:9D:79,-82,-86,85,1476660918
1C:B0:94:7E:E4:3A,-82,-85,1145,1476660978
34:4D:F7:46:9D:79,-82,-86,145,1476660978
1C:B0:94:7E:E4:3A,-83,-86,1205,1476661038
34:4D:F7:46:9D:79,-82,-86,205,1476661038
1C:B0:94:7E:E4:3A,-83,-86,1265,1476661098
34:4D:F7:46:9D:79,-82,-86,265,1476661098
1C:B0:94:7E:E4:3A,-83,-86,1325,1476661158
1C:B0:94:7E:E4:3A,-83,-86,1385,1476661218
1C:B0:94:7E:E4:3A,-83,-86,1445,1476661278
34:4D:F7:46:9D:79,-87,-84,59,1476661278
1C:B0:94:7E:E4:3A,-83,-86,1505,1476661338
34:4D:F7:46:9D:79,-78,-79,119,1476661338
1C:B0:94:7E:E4:3A,-83,-86,1568,1476661401
34:4D:F7:46:9D:79,-70,-69,182,1476661401
1C:B0:94:7E:E4:3A,-83,-86,1628,1476661461
34:4D:F7:46:9D:79,-67,-71,242,1476661461
1C:B0:94:7E:E4:3A,-83,-86,1688,1476661521
34:4D:F7:46:9D:79,-69,-74,302,1476661521
1C:B0:94:7E:E4:3A,-83,-86,1748,1476661581
34:4D:F7:46:9D:79,-78,-74,362,1476661581
1C:B0:94:7E:E4:3A,-83,-87,1808,1476661641
34:4D:F7:46:9D:79,-74,-73,422,1476661641
1C:B0:94:7E:E4:3A,-83,-86,1871,1476661704
34:4D:F7:46:9D:79,-74,-73,485,1476661704
1C:B0:94:7E:E4:3A,-86,-85,1931,1476661764
34:4D:F7:46:9D:79,-74,-73,545,1476661764
1C:B0:94:7E:E4:3A,-86,-85,1991,1476661824
34:4D:F7:46:9D:79,-38,-52,50,1476661824
1C:B0:94:7E:E4:3A,-86,-85,2051,1476661884
34:4D:F7:46:9D:79,-38,-52,110,1476661884
1C:B0:94:7E:E4:3A,-85,-85,2111,1476661944
34:4D:F7:46:9D:79,-38,-52,170,1476661944
1C:B0:94:7E:E4:3A,-85,-85,2174,1476662007
34:4D:F7:46:9D:79,-38,-52,233,1476662007
1C:B0:94:7E:E4:3A,-84,-85,2234,1476662067
34:4D:F7:46:9D:79,-60,-56,18,1476662067
1C:B0:94:7E:E4:3A,-84,-85,2294,1476662127
34:4D:F7:46:9D:79,-71,-73,78,1476662127
1C:B0:94:7E:E4:3A,-81,-85,2354,1476662187
34:4D:F7:46:9D:79,-68,-60,138,1476662187
1C:B0:94:7E:E4:3A,-80,-85,2414,1476662247
34:4D:F7:46:9D:79,-66,-63,198,1476662247
1C:B0:94:7E:E4:3A,-80,-85,2477,1476662310
34:4D:F7:46:9D:79,-82,-76,261,1476662310
1C:B0:94:7E:E4:3A,-80,-85,2537,1476662370
34:4D:F7:46:9D:79,-77,-74,321,1476662370
1C:B0:94:7E:E4:3A,-80,-85,2597,1476662430
34:4D:F7:46:9D:79,-69,-70,381,1476662430
1C:B0:94:7E:E4:3A,-80,-85,2657,1476662490
34:4D:F7:46:9D:79,-80,-82,441,1476662490
1C:B0:94:7E:E4:3A,-80,-85,2717,1476662550
34:4D:F7:46:9D:79,-75,-73,501,1476662550
1C:B0:94:7E:E4:3A,-80,-85,2803,1476662636
34:4D:F7:46:9D:79,-75,-73,587,1476662636
1C:B0:94:7E:E4:3A,-80,-85,2863,1476662696
34:4D:F7:46:9D:79,-36,-49,30,1476662696
1C:B0:94:7E:E4:3A,-79,-86,2923,1476662756
34:4D:F7:46:9D:79,-57,-59,90,1476662756
1C:B0:94:7E:E4:3A,-80,-85,2983,1476662816
34:4D:F7:46:9D:79,-70,-77,150,1476662816
1C:B0:94:7E:E4:3A,-80,-85,3043,1476662876
34:4D:F7:46:9D:79,-85,-87,210,1476662876
1C:B0:94:7E:E4:3A,-80,-85,3103,1476662936
34:4D:F7:46:9D:79,-88,-85,270,1476662936
1C:B0:94:7E:E4:3A,-81,-88,3163,1476662996
34:4D:F7:46:9D:79,-88,-85,330,1476662996
1C:B0:94:7E:E4:3A,-81,-88,3223,1476663056
34:4D:F7:46:9D:79,-88,-85,390,1476663056
1C:B0:94:7E:E4:3A,-81,-88,3283,1476663116
34:4D:F7:46:9D:79,-88,-85,450,1476663116
1C:B0:94:7E:E4:3A,-81,-88,3346,1476663179
34:4D:F7:46:9D:79,-88,-85,513,1476663179
1C:B0:94:7E:E4:3A,-81,-88,3406,1476663239
1C:B0:94:7E:E4:3A,-81,-88,3466,1476663299
1C:B0:94:7E:E4:3A,-81,-88,3526,1476663359
1C:B0:94:7E:E4:3A,-81,-88,3586,1476663419
1C:B0:94:7E:E4:3A,-81,-88,3649,1476663482
1C:B0:94:7E:E4:3A,-81,-89,3709,1476663542
1C:B0:94:7E:E4:3A,-81,-89,3769,1476663602
1C:B0:94:7E:E4:3A,-81,-89,3829,1476663662
1C:B0:94:7E:E4:3A,-81,-89,3889,1476663722
1C:B0:94:7E:E4:3A,-81,-89,3952,1476663785
1C:B0:94:7E:E4:3A,-81,-89,4012,1476663845
1C:B0:94:7E:E4:3A,-81,-89,4072,1476663905
1C:B0:94:7E:E4:3A,-81,-89,4132,1476663965
1C:B0:94:7E:E4:3A,-81,-89,4192,1476664025
1C:B0:94:7E:E4:3A,-81,-89,4278,1476664111
1C:B0:94:7E:E4:3A,-81,-89,4338,1476664171
1C:B0:94:7E:E4:3A,-81,-89,4398,1476664231
1C:B0:94:7E:E4:3A,-81,-89,4458,1476664291
1C:B0:94:7E:E4:3A,-81,-89,4518,1476664351
1C:B0:94:7E:E4:3A,-81,-89,4581,1476664414
1C:B0:94:7E:E4:3A,-81,-89,4641,1476664474
1C:B0:94:7E:E4:3A,-81,-89,4701,1476664534
1C:B0:94:7E:E4:3A,-81,-89,4761,1476664594
1C:B0:94:7E:E4:3A,-81,-89,4821,1476664654
1C:B0:94:7E:E4:3A,-81,-89,4881,1476664714
1C:B0:94:7E:E4:3A,-81,-89,4941,1476664774
1C:B0:94:7E:E4:3A,-81,-89,5001,1476664834
1C:B0:94:7E:E4:3A,-81,-89,5061,1476664894
1C:B0:94:7E:E4:3A,-81,-89,5124,1476664957
1C:B0:94:7E:E4:3A,-81,-89,5184,1476665017
1C:B0:94:7E:E4:3A,-81,-89,5244,1476665077
1C:B0:94:7E:E4:3A,-81,-89,5304,1476665137
1C:B0:94:7E:E4:3A,-81,-89,5364,1476665197
1C:B0:94:7E:E4:3A,-81,-89,5451,1476665284
1C:B0:94:7E:E4:3A,-81,-89,5511,1476665344
1C:B0:94:7E:E4:3A,-81,-89,5571,1476665404
1C:B0:94:7E:E4:3A,-81,-89,5631,1476665464
1C:B0:94:7E:E4:3A,-81,-89,5691,1476665524
1C:B0:94:7E:E4:3A,-81,-89,5754,1476665587
1C:B0:94:7E:E4:3A,-81,-90,5814,1476665647
1C:B0:94:7E:E4:3A,-81,-90,5874,1476665707
1C:B0:94:7E:E4:3A,-81,-90,5934,1476665767
1C:B0:94:7E:E4:3A,-81,-90,5994,1476665827
1C:B0:94:7E:E4:3A,-81,-89,6057,1476665890
1C:B0:94:7E:E4:3A,-81,-89,6117,1476665950
1C:B0:94:7E:E4:3A,-81,-89,6177,1476666010
1C:B0:94:7E:E4:3A,-81,-89,6237,1476666070
1C:B0:94:7E:E4:3A,-81,-89,6297,1476666130
1C:B0:94:7E:E4:3A,-81,-89,6360,1476666193
1C:B0:94:7E:E4:3A,-81,-89,6420,1476666253
1C:B0:94:7E:E4:3A,-81,-89,6480,1476666313
1C:B0:94:7E:E4:3A,-81,-89,6540,1476666373
1C:B0:94:7E:E4:3A,-81,-89,6600,1476666433
1C:B0:94:7E:E4:3A,-81,-89,6660,1476666493
1C:B0:94:7E:E4:3A,-81,-89,6720,1476666553
1C:B0:94:7E:E4:3A,-81,-89,6780,1476666613
1C:B0:94:7E:E4:3A,-81,-89,6840,1476666673
1C:B0:94:7E:E4:3A,-81,-89,6903,1476666736
1C:B0:94:7E:E4:3A,-81,-89,6963,1476666796
1C:B0:94:7E:E4:3A,-81,-89,7023,1476666856
1C:B0:94:7E:E4:3A,-81,-89,7083,1476666916
1C:B0:94:7E:E4:3A,-81,-89,7143,1476666976
1C:B0:94:7E:E4:3A,-81,-89,7206,1476667039
1C:B0:94:7E:E4:3A,-81,-89,7266,1476667099
1C:B0:94:7E:E4:3A,-81,-89,7326,1476667159
1C:B0:94:7E:E4:3A,-81,-88,7386,1476667219
1C:B0:94:7E:E4:3A,-81,-88,7446,1476667279
1C:B0:94:7E:E4:3A,-81,-89,7509,1476667342
1C:B0:94:7E:E4:3A,-81,-89,7569,1476667402
1C:B0:94:7E:E4:3A,-81,-89,7629,1476667462
1C:B0:94:7E:E4:3A,-81,-89,7689,1476667522
1C:B0:94:7E:E4:3A,-81,-89,7749,1476667582
1C:B0:94:7E:E4:3A,-81,-89,7812,1476667645
1C:B0:94:7E:E4:3A,-81,-89,7872,1476667705
1C:B0:94:7E:E4:3A,-81,-89,7932,1476667765
1C:B0:94:7E:E4:3A,-81,-89,7992,1476667825
1C:B0:94:7E:E4:3A,-81,-89,8052,1476667885
1C:B0:94:7E:E4:3A,-81,-89,8115,1476667948
1C:B0:94:7E:E4:3A,-81,-89,8175,1476668008
1C:B0:94:7E:E4:3A,-81,-89,8235,1476668068
1C:B0:94:7E:E4:3A,-81,-89,8295,1476668128
1C:B0:94:7E:E4:3A,-81,-89,8355,1476668188
1C:B0:94:7E:E4:3A,-81,-89,8415,1476668248
1C:B0:94:7E:E4:3A,-81,-89,8475,1476668308
1C:B0:94:7E:E4:3A,-81,-89,8535,1476668368
1C:B0:94:7E:E4:3A,-81,-89,8595,1476668428
1C:B0:94:7E:E4:3A,-81,-90,8658,1476668491
1C:B0:94:7E:E4:3A,-81,-90,8718,1476668551
1C:B0:94:7E:E4:3A,-81,-90,8778,1476668611
1C:B0:94:7E:E4:3A,-81,-90,8839,1476668671
1C:B0:94:7E:E4:3A,-82,-89,8899,1476668731
1C:B0:94:7E:E4:3A,-82,-89,8985,1476668818
1C:B0:94:7E:E4:3A,-85,-88,9045,1476668878
1C:B0:94:7E:E4:3A,-84,-88,9105,1476668938
1C:B0:94:7E:E4:3A,-83,-88,9165,1476668998
1C:B0:94:7E:E4:3A,-83,-88,9225,1476669058
1C:B0:94:7E:E4:3A,-83,-88,9288,1476669121
1C:B0:94:7E:E4:3A,-83,-88,9348,1476669181
1C:B0:94:7E:E4:3A,-83,-88,9408,1476669241
1C:B0:94:7E:E4:3A,-83,-88,9468,1476669301
1C:B0:94:7E:E4:3A,-83,-88,9528,1476669361
1C:B0:94:7E:E4:3A,-83,-88,9591,1476669424
1C:B0:94:7E:E4:3A,-83,-88,9651,1476669484
1C:B0:94:7E:E4:3A,-83,-88,9711,1476669544
1C:B0:94:7E:E4:3A,-83,-88,9771,1476669604
1C:B0:94:7E:E4:3A,-83,-88,9831,1476669664
1C:B0:94:7E:E4:3A,-83,-88,9894,1476669727
1C:B0:94:7E:E4:3A,-83,-88,9954,1476669787
1C:B0:94:7E:E4:3A,-83,-88,10014,1476669847
1C:B0:94:7E:E4:3A,-83,-88,10074,1476669907
1C:B0:94:7E:E4:3A,-83,-88,10134,1476669967
1C:B0:94:7E:E4:3A,-83,-88,10194,1476670027
1C:B0:94:7E:E4:3A,-83,-88,10254,1476670087
1C:B0:94:7E:E4:3A,-83,-88,10314,1476670147
1C:B0:94:7E:E4:3A,-83,-88,10374,1476670207
1C:B0:94:7E:E4:3A,-83,-88,10438,1476670270
1C:B0:94:7E:E4:3A,-83,-88,10498,1476670330
1C:B0:94:7E:E4:3A,-83,-88,10558,1476670390
1C:B0:94:7E:E4:3A,-83,-88,10618,1476670450
1C:B0:94:7E:E4:3A,-83,-88,10678,1476670510
1C:B0:94:7E:E4:3A,-83,-88,10741,1476670573
1C:B0:94:7E:E4:3A,-83,-88,10801,1476670633
1C:B0:94:7E:E4:3A,-82,-86,10861,1476670693
1C:B0:94:7E:E4:3A,-82,-87,10921,1476670753
1C:B0:94:7E:E4:3A,-82,-87,10981,1476670813
1C:B0:94:7E:E4:3A,-82,-87,11044,1476670876
1C:B0:94:7E:E4:3A,-82,-87,11104,1476670936
1C:B0:94:7E:E4:3A,-82,-87,11164,1476670996
1C:B0:94:7E:E4:3A,-82,-87,11224,1476671056
1C:B0:94:7E:E4:3A,-82,-87,11284,1476671116
1C:B0:94:7E:E4:3A,-82,-87,11347,1476671179
1C:B0:94:7E:E4:3A,-82,-87,11407,1476671239
1C:B0:94:7E:E4:3A,-82,-87,11467,1476671299
1C:B0:94:7E:E4:3A,-82,-87,11527,1476671359
1C:B0:94:7E:E4:3A,-83,-87,11587,1476671419
