Client_MAC,Rssi0,Rssi1,Connection_Time,EpocTime
A4:77:33:F9:1D:EC,-73,-69,9549,1476525718
A4:77:33:F9:1D:EC,-73,-69,9609,1476525778
A4:77:33:F9:1D:EC,-71,-67,9669,1476525838
A4:77:33:F9:1D:EC,-73,-69,9729,1476525898
A4:77:33:F9:1D:EC,-73,-69,9789,1476525958
A4:77:33:F9:1D:EC,-73,-69,9849,1476526018
A4:77:33:F9:1D:EC,-73,-68,9909,1476526078
A4:77:33:F9:1D:EC,-73,-69,9969,1476526138
A4:77:33:F9:1D:EC,-72,-69,10029,1476526198
A4:77:33:F9:1D:EC,-72,-70,10092,1476526261
A4:77:33:F9:1D:EC,-72,-69,10152,1476526321
A4:77:33:F9:1D:EC,-72,-69,10212,1476526381
A4:77:33:F9:1D:EC,-73,-68,10272,1476526441
A4:77:33:F9:1D:EC,-73,-69,10332,1476526501
A4:77:33:F9:1D:EC,-72,-69,10395,1476526564
A4:77:33:F9:1D:EC,-72,-68,10455,1476526624
A4:77:33:F9:1D:EC,-73,-69,10515,1476526684
A4:77:33:F9:1D:EC,-73,-70,10575,1476526744
A4:77:33:F9:1D:EC,-74,-71,10635,1476526804
A4:77:33:F9:1D:EC,-73,-69,10727,1476526896
A4:77:33:F9:1D:EC,-70,-67,10787,1476526956
A4:77:33:F9:1D:EC,-71,-67,10847,1476527016
A4:77:33:F9:1D:EC,-71,-67,10907,1476527076
A4:77:33:F9:1D:EC,-73,-69,10967,1476527136
A4:77:33:F9:1D:EC,-72,-69,11030,1476527199
A4:77:33:F9:1D:EC,-73,-68,11090,1476527259
A4:77:33:F9:1D:EC,-72,-69,11150,1476527319
A4:77:33:F9:1D:EC,-72,-69,11210,1476527379
A4:77:33:F9:1D:EC,-72,-68,11270,1476527439
A4:77:33:F9:1D:EC,-72,-70,11333,1476527502
A4:77:33:F9:1D:EC,-72,-68,11393,1476527562
A4:77:33:F9:1D:EC,-72,-68,11453,1476527622
A4:77:33:F9:1D:EC,-72,-68,11513,1476527682
A4:77:33:F9:1D:EC,-72,-68,11573,1476527742
A4:77:33:F9:1D:EC,-72,-69,11633,1476527802
A4:77:33:F9:1D:EC,-72,-69,11693,1476527862
A4:77:33:F9:1D:EC,-72,-68,11753,1476527922
A4:77:33:F9:1D:EC,-73,-68,11813,1476527982
A4:77:33:F9:1D:EC,-72,-69,11876,1476528045
A4:77:33:F9:1D:EC,-72,-69,11936,1476528105
A4:77:33:F9:1D:EC,-73,-68,11996,1476528165
A4:77:33:F9:1D:EC,-72,-69,12056,1476528225
A4:77:33:F9:1D:EC,-72,-68,12116,1476528285
A4:77:33:F9:1D:EC,-72,-69,12179,1476528348
A4:77:33:F9:1D:EC,-72,-69,12239,1476528408
A4:77:33:F9:1D:EC,-69,-66,12299,1476528468
A4:77:33:F9:1D:EC,-69,-66,12359,1476528528
A4:77:33:F9:1D:EC,-72,-69,12419,1476528588
A4:77:33:F9:1D:EC,-70,-68,12516,1476528685
A4:77:33:F9:1D:EC,-68,-65,12576,1476528745
A4:77:33:F9:1D:EC,-69,-68,12636,1476528805
A4:77:33:F9:1D:EC,-69,-68,12696,1476528865
A4:77:33:F9:1D:EC,-69,-68,12756,1476528925
A4:77:33:F9:1D:EC,-73,-71,12819,1476528988
A4:77:33:F9:1D:EC,-69,-68,12879,1476529048
A4:77:33:F9:1D:EC,-68,-67,12939,1476529108
A4:77:33:F9:1D:EC,-71,-70,12999,1476529168
A4:77:33:F9:1D:EC,-70,-67,13059,1476529228
A4:77:33:F9:1D:EC,-67,-66,13122,1476529291
A4:77:33:F9:1D:EC,-68,-67,13182,1476529351
A4:77:33:F9:1D:EC,-66,-65,13242,1476529411
A4:77:33:F9:1D:EC,-73,-69,13302,1476529471
A4:77:33:F9:1D:EC,-73,-69,13362,1476529531
A4:77:33:F9:1D:EC,-70,-68,13422,1476529591
A4:77:33:F9:1D:EC,-70,-68,13482,1476529651
A4:77:33:F9:1D:EC,-70,-68,13542,1476529711
A4:77:33:F9:1D:EC,-72,-68,13602,1476529771
A4:77:33:F9:1D:EC,-71,-68,13665,1476529834
A4:77:33:F9:1D:EC,-69,-67,13725,1476529894
A4:77:33:F9:1D:EC,-65,-64,13785,1476529954
A4:77:33:F9:1D:EC,-72,-68,13845,1476530014
A4:77:33:F9:1D:EC,-73,-69,13905,1476530074
A4:77:33:F9:1D:EC,-71,-67,13998,1476530167
A4:77:33:F9:1D:EC,-71,-69,14058,1476530227
A4:77:33:F9:1D:EC,-70,-67,14118,1476530287
A4:77:33:F9:1D:EC,-73,-70,14178,1476530347
A4:77:33:F9:1D:EC,-74,-70,14238,1476530407
A4:77:33:F9:1D:EC,-74,-71,14301,1476530470
A4:77:33:F9:1D:EC,-73,-70,14361,1476530530
A4:77:33:F9:1D:EC,-73,-69,14421,1476530590
A4:77:33:F9:1D:EC,-70,-68,14481,1476530650
A4:77:33:F9:1D:EC,-72,-68,14541,1476530710
A4:77:33:F9:1D:EC,-71,-68,14604,1476530773
A4:77:33:F9:1D:EC,-71,-67,14664,1476530833
A4:77:33:F9:1D:EC,-72,-68,14724,1476530893
A4:77:33:F9:1D:EC,-72,-69,14784,1476530953
A4:77:33:F9:1D:EC,-73,-69,14844,1476531013
A4:77:33:F9:1D:EC,-73,-69,14907,1476531076
A4:77:33:F9:1D:EC,-72,-68,14967,1476531136
A4:77:33:F9:1D:EC,-73,-69,15027,1476531196
A4:77:33:F9:1D:EC,-73,-69,15087,1476531256
A4:77:33:F9:1D:EC,-73,-69,15147,1476531316
A4:77:33:F9:1D:EC,-73,-69,15207,1476531376
A4:77:33:F9:1D:EC,-67,-66,15267,1476531436
A4:77:33:F9:1D:EC,-70,-69,15327,1476531496
A4:77:33:F9:1D:EC,-70,-67,15387,1476531556
A4:77:33:F9:1D:EC,-67,-66,15450,1476531619
A4:77:33:F9:1D:EC,-70,-68,15510,1476531679
A4:77:33:F9:1D:EC,-71,-69,15570,1476531739
A4:77:33:F9:1D:EC,-69,-65,15630,1476531799
A4:77:33:F9:1D:EC,-72,-70,15690,1476531859
A4:77:33:F9:1D:EC,-69,-67,15787,1476531956
A4:77:33:F9:1D:EC,-71,-66,15847,1476532016
A4:77:33:F9:1D:EC,-69,-68,15907,1476532076
A4:77:33:F9:1D:EC,-71,-69,15967,1476532136
A4:77:33:F9:1D:EC,-70,-68,16027,1476532196
A4:77:33:F9:1D:EC,-72,-69,16090,1476532259
A4:77:33:F9:1D:EC,-68,-66,16150,1476532319
A4:77:33:F9:1D:EC,-69,-66,16210,1476532379
A4:77:33:F9:1D:EC,-71,-69,16270,1476532439
A4:77:33:F9:1D:EC,-71,-69,16330,1476532499
A4:77:33:F9:1D:EC,-68,-65,16393,1476532562
A4:77:33:F9:1D:EC,-71,-69,16453,1476532622
A4:77:33:F9:1D:EC,-73,-70,16513,1476532682
A4:77:33:F9:1D:EC,-63,-63,16573,1476532742
A4:77:33:F9:1D:EC,-71,-69,16633,1476532802
A4:77:33:F9:1D:EC,-70,-68,16696,1476532865
A4:77:33:F9:1D:EC,-69,-68,16756,1476532925
A4:77:33:F9:1D:EC,-71,-68,16816,1476532985
A4:77:33:F9:1D:EC,-70,-68,16876,1476533045
A4:77:33:F9:1D:EC,-72,-69,16936,1476533105
A4:77:33:F9:1D:EC,-69,-67,16996,1476533165
A4:77:33:F9:1D:EC,-71,-69,17056,1476533225
A4:77:33:F9:1D:EC,-72,-69,17116,1476533285
A4:77:33:F9:1D:EC,-68,-67,17176,1476533345
A4:77:33:F9:1D:EC,-71,-68,17239,1476533408
A4:77:33:F9:1D:EC,-69,-67,17299,1476533468
A4:77:33:F9:1D:EC,-68,-65,17359,1476533528
A4:77:33:F9:1D:EC,-70,-68,17419,1476533588
A4:77:33:F9:1D:EC,-67,-65,17479,1476533648
A4:77:33:F9:1D:EC,-69,-66,17573,1476533742
A4:77:33:F9:1D:EC,-72,-70,17633,1476533802
A4:77:33:F9:1D:EC,-69,-67,17693,1476533862
A4:77:33:F9:1D:EC,-71,-68,17753,1476533922
A4:77:33:F9:1D:EC,-73,-68,17813,1476533982
A4:77:33:F9:1D:EC,-72,-68,17876,1476534045
A4:77:33:F9:1D:EC,-69,-66,17936,1476534105
A4:77:33:F9:1D:EC,-70,-68,17996,1476534165
A4:77:33:F9:1D:EC,-70,-66,18056,1476534225
A4:77:33:F9:1D:EC,-71,-70,18116,1476534285
A4:77:33:F9:1D:EC,-71,-70,18179,1476534348
A4:77:33:F9:1D:EC,-70,-68,18239,1476534408
A4:77:33:F9:1D:EC,-70,-67,18299,1476534468
A4:77:33:F9:1D:EC,-71,-68,18359,1476534528
A4:77:33:F9:1D:EC,-71,-67,18419,1476534588
A4:77:33:F9:1D:EC,-69,-66,18483,1476534652
A4:77:33:F9:1D:EC,-70,-67,18543,1476534712
A4:77:33:F9:1D:EC,-66,-64,18603,1476534772
A4:77:33:F9:1D:EC,-69,-67,18663,1476534832
A4:77:33:F9:1D:EC,-70,-67,18723,1476534892
A4:77:33:F9:1D:EC,-70,-67,18783,1476534952
A4:77:33:F9:1D:EC,-72,-70,18843,1476535012
A4:77:33:F9:1D:EC,-68,-66,18903,1476535072
A4:77:33:F9:1D:EC,-69,-67,18963,1476535132
A4:77:33:F9:1D:EC,-71,-67,19026,1476535195
A4:77:33:F9:1D:EC,-71,-68,19086,1476535255
A4:77:33:F9:1D:EC,-72,-69,19146,1476535315
A4:77:33:F9:1D:EC,-70,-68,19206,1476535375
A4:77:33:F9:1D:EC,-71,-68,19266,1476535435
A4:77:33:F9:1D:EC,-71,-66,19329,1476535498
A4:77:33:F9:1D:EC,-69,-68,19389,1476535558
A4:77:33:F9:1D:EC,-69,-68,19449,1476535618
A4:77:33:F9:1D:EC,-71,-70,19509,1476535678
A4:77:33:F9:1D:EC,-68,-65,19569,1476535738
A4:77:33:F9:1D:EC,-69,-66,19632,1476535801
A4:77:33:F9:1D:EC,-67,-66,19692,1476535861
A4:77:33:F9:1D:EC,-69,-67,19752,1476535921
A4:77:33:F9:1D:EC,-70,-68,19812,1476535981
A4:77:33:F9:1D:EC,-68,-67,19873,1476536041
A4:77:33:F9:1D:EC,-72,-71,19936,1476536104
A4:77:33:F9:1D:EC,-69,-66,19996,1476536164
A4:77:33:F9:1D:EC,-72,-68,20056,1476536224
A4:77:33:F9:1D:EC,-72,-69,20116,1476536284
A4:77:33:F9:1D:EC,-71,-69,20176,1476536345
A4:77:33:F9:1D:EC,-71,-71,20239,1476536408
A4:77:33:F9:1D:EC,-70,-69,20299,1476536468
A4:77:33:F9:1D:EC,-72,-71,20359,1476536528
A4:77:33:F9:1D:EC,-69,-70,20419,1476536588
A4:77:33:F9:1D:EC,-70,-63,20485,1476536654
A4:77:33:F9:1D:EC,-70,-61,20545,1476536714
A4:77:33:F9:1D:EC,-71,-68,20605,1476536774
A4:77:33:F9:1D:EC,-71,-68,20665,1476536834
A4:77:33:F9:1D:EC,-71,-67,20725,1476536894
A4:77:33:F9:1D:EC,-71,-68,20817,1476536986
A4:77:33:F9:1D:EC,-69,-68,20877,1476537046
A4:77:33:F9:1D:EC,-71,-67,20937,1476537106
A4:77:33:F9:1D:EC,-72,-68,20997,1476537166
A4:77:33:F9:1D:EC,-71,-67,21057,1476537226
A4:77:33:F9:1D:EC,-71,-67,21120,1476537289
A4:77:33:F9:1D:EC,-71,-67,21180,1476537349
A4:77:33:F9:1D:EC,-71,-68,21240,1476537409
A4:77:33:F9:1D:EC,-71,-67,21300,1476537469
A4:77:33:F9:1D:EC,-71,-67,21360,1476537529
A4:77:33:F9:1D:EC,-71,-67,21423,1476537592
A4:77:33:F9:1D:EC,-71,-67,21483,1476537652
A4:77:33:F9:1D:EC,-72,-68,21543,1476537712
A4:77:33:F9:1D:EC,-71,-67,21603,1476537772
A4:77:33:F9:1D:EC,-71,-68,21663,1476537832
A4:77:33:F9:1D:EC,-71,-68,21726,1476537895
A4:77:33:F9:1D:EC,-71,-68,21786,1476537955
A4:77:33:F9:1D:EC,-71,-68,21846,1476538015
A4:77:33:F9:1D:EC,-71,-67,21906,1476538075
A4:77:33:F9:1D:EC,-71,-69,21966,1476538135
A4:77:33:F9:1D:EC,-65,-67,22029,1476538198
A4:77:33:F9:1D:EC,-72,-68,22089,1476538258
A4:77:33:F9:1D:EC,-72,-68,22149,1476538318
A4:77:33:F9:1D:EC,-73,-69,22209,1476538378
A4:77:33:F9:1D:EC,-74,-70,22276,1476538444
A4:77:33:F9:1D:EC,-70,-71,22336,1476538504
A4:77:33:F9:1D:EC,-70,-72,22396,1476538564
A4:77:33:F9:1D:EC,-70,-70,22456,1476538624
A4:77:33:F9:1D:EC,-70,-69,22516,1476538684
A4:77:33:F9:1D:EC,-68,-67,22610,1476538779
A4:77:33:F9:1D:EC,-68,-67,22670,1476538839
A4:77:33:F9:1D:EC,-70,-69,22730,1476538899
A4:77:33:F9:1D:EC,-69,-70,22790,1476538959
A4:77:33:F9:1D:EC,-70,-71,22850,1476539019
A4:77:33:F9:1D:EC,-71,-66,22913,1476539082
A4:77:33:F9:1D:EC,-70,-68,22973,1476539142
A4:77:33:F9:1D:EC,-67,-67,23033,1476539202
A4:77:33:F9:1D:EC,-71,-70,23093,1476539262
A4:77:33:F9:1D:EC,-71,-70,23153,1476539322
A4:77:33:F9:1D:EC,-70,-68,23216,1476539385
A4:77:33:F9:1D:EC,-71,-69,23276,1476539445
A4:77:33:F9:1D:EC,-69,-67,23336,1476539505
A4:77:33:F9:1D:EC,-71,-67,23396,1476539565
A4:77:33:F9:1D:EC,-70,-67,23456,1476539625
A4:77:33:F9:1D:EC,-71,-68,23519,1476539688
A4:77:33:F9:1D:EC,-71,-67,23579,1476539748
A4:77:33:F9:1D:EC,-71,-67,23639,1476539808
A4:77:33:F9:1D:EC,-71,-67,23699,1476539868
A4:77:33:F9:1D:EC,-70,-67,23759,1476539928
Client_MAC,Rssi0,Rssi1,Connection_Time,EpocTIME
A4:77:33:F9:1D:EC,-71,-69,21,1476482180
A4:77:33:F9:1D:EC,-75,-71,81,1476482240
A4:77:33:F9:1D:EC,-75,-70,144,1476482303
A4:77:33:F9:1D:EC,-73,-68,204,1476482363
A4:77:33:F9:1D:EC,-76,-70,264,1476482423
A4:77:33:F9:1D:EC,-75,-70,324,1476482483
A4:77:33:F9:1D:EC,-78,-71,384,1476482543
A4:77:33:F9:1D:EC,-77,-71,447,1476482606
A4:77:33:F9:1D:EC,-69,-65,507,1476482666
A4:77:33:F9:1D:EC,-66,-66,567,1476482726
A4:77:33:F9:1D:EC,-73,-69,627,1476482786
A4:77:33:F9:1D:EC,-72,-68,687,1476482846
A4:77:33:F9:1D:EC,-73,-68,750,1476482909
A4:77:33:F9:1D:EC,-71,-68,810,1476482969
A4:77:33:F9:1D:EC,-74,-69,870,1476483029
A4:77:33:F9:1D:EC,-74,-69,930,1476483089
A4:77:33:F9:1D:EC,-72,-67,997,1476483155
A4:77:33:F9:1D:EC,-72,-68,1057,1476483215
A4:77:33:F9:1D:EC,-73,-68,1117,1476483275
A4:77:33:F9:1D:EC,-72,-69,1177,1476483335
A4:77:33:F9:1D:EC,-71,-67,1237,1476483395
A4:77:33:F9:1D:EC,-72,-67,1300,1476483458
A4:77:33:F9:1D:EC,-72,-67,1360,1476483518
A4:77:33:F9:1D:EC,-72,-67,1420,1476483578
A4:77:33:F9:1D:EC,-72,-67,1480,1476483638
A4:77:33:F9:1D:EC,-71,-67,1540,1476483698
A4:77:33:F9:1D:EC,-71,-67,1603,1476483761
A4:77:33:F9:1D:EC,-71,-67,1663,1476483821
A4:77:33:F9:1D:EC,-73,-69,1723,1476483881
A4:77:33:F9:1D:EC,-72,-67,1783,1476483941
A4:77:33:F9:1D:EC,-73,-70,1843,1476484001
A4:77:33:F9:1D:EC,-73,-70,1906,1476484064
A4:77:33:F9:1D:EC,-73,-69,1966,1476484124
A4:77:33:F9:1D:EC,-74,-71,2026,1476484184
A4:77:33:F9:1D:EC,-74,-70,2086,1476484244
A4:77:33:F9:1D:EC,-74,-72,2146,1476484304
A4:77:33:F9:1D:EC,-75,-72,2209,1476484367
A4:77:33:F9:1D:EC,-73,-69,2269,1476484427
A4:77:33:F9:1D:EC,-71,-67,2329,1476484487
A4:77:33:F9:1D:EC,-71,-67,2389,1476484547
A4:77:33:F9:1D:EC,-72,-67,2449,1476484607
A4:77:33:F9:1D:EC,-71,-67,2543,1476484701
A4:77:33:F9:1D:EC,-71,-67,2603,1476484761
A4:77:33:F9:1D:EC,-73,-70,2663,1476484821
A4:77:33:F9:1D:EC,-71,-66,2723,1476484881
A4:77:33:F9:1D:EC,-70,-67,2789,1476484948
A4:77:33:F9:1D:EC,-70,-67,2849,1476485008
A4:77:33:F9:1D:EC,-71,-67,2909,1476485068
A4:77:33:F9:1D:EC,-71,-67,2969,1476485128
A4:77:33:F9:1D:EC,-73,-69,3029,1476485188
A4:77:33:F9:1D:EC,-73,-68,3092,1476485251
A4:77:33:F9:1D:EC,-72,-68,3152,1476485311
A4:77:33:F9:1D:EC,-68,-66,3212,1476485371
A4:77:33:F9:1D:EC,-71,-67,3272,1476485431
A4:77:33:F9:1D:EC,-67,-67,3332,1476485491
A4:77:33:F9:1D:EC,-73,-69,3395,1476485554
A4:77:33:F9:1D:EC,-73,-68,3455,1476485614
A4:77:33:F9:1D:EC,-74,-69,3515,1476485674
A4:77:33:F9:1D:EC,-72,-68,3575,1476485734
A4:77:33:F9:1D:EC,-72,-68,3635,1476485794
A4:77:33:F9:1D:EC,-69,-67,3698,1476485857
A4:77:33:F9:1D:EC,-68,-67,3758,1476485917
A4:77:33:F9:1D:EC,-70,-67,3818,1476485977
A4:77:33:F9:1D:EC,-68,-67,3878,1476486037
A4:77:33:F9:1D:EC,-67,-67,3939,1476486097
A4:77:33:F9:1D:EC,-67,-66,4034,1476486192
A4:77:33:F9:1D:EC,-60,-67,4094,1476486252
A4:77:33:F9:1D:EC,-64,-67,4154,1476486312
A4:77:33:F9:1D:EC,-64,-67,4214,1476486372
A4:77:33:F9:1D:EC,-67,-67,4274,1476486432
A4:77:33:F9:1D:EC,-71,-67,4337,1476486495
A4:77:33:F9:1D:EC,-66,-67,4397,1476486555
A4:77:33:F9:1D:EC,-71,-67,4457,1476486615
A4:77:33:F9:1D:EC,-70,-67,4517,1476486675
A4:77:33:F9:1D:EC,-69,-67,4577,1476486735
A4:77:33:F9:1D:EC,-71,-67,4637,1476486795
A4:77:33:F9:1D:EC,-71,-67,4697,1476486855
A4:77:33:F9:1D:EC,-71,-67,4757,1476486915
A4:77:33:F9:1D:EC,-71,-67,4817,1476486975
A4:77:33:F9:1D:EC,-71,-67,4880,1476487038
A4:77:33:F9:1D:EC,-70,-67,4940,1476487098
A4:77:33:F9:1D:EC,-71,-68,5000,1476487158
A4:77:33:F9:1D:EC,-68,-67,5060,1476487218
A4:77:33:F9:1D:EC,-71,-67,5120,1476487278
A4:77:33:F9:1D:EC,-71,-67,5213,1476487371
A4:77:33:F9:1D:EC,-70,-67,5273,1476487431
A4:77:33:F9:1D:EC,-66,-67,5333,1476487491
A4:77:33:F9:1D:EC,-69,-67,5393,1476487551
A4:77:33:F9:1D:EC,-67,-67,5453,1476487611
A4:77:33:F9:1D:EC,-67,-67,5516,1476487674
A4:77:33:F9:1D:EC,-69,-67,5576,1476487734
A4:77:33:F9:1D:EC,-67,-67,5636,1476487794
A4:77:33:F9:1D:EC,-67,-67,5696,1476487854
A4:77:33:F9:1D:EC,-74,-69,5756,1476487914
A4:77:33:F9:1D:EC,-70,-67,5819,1476487977
A4:77:33:F9:1D:EC,-71,-67,5879,1476488037
A4:77:33:F9:1D:EC,-68,-67,5939,1476488097
A4:77:33:F9:1D:EC,-68,-67,5999,1476488157
A4:77:33:F9:1D:EC,-74,-70,6059,1476488217
A4:77:33:F9:1D:EC,-73,-69,6122,1476488280
A4:77:33:F9:1D:EC,-73,-63,6182,1476488340
A4:77:33:F9:1D:EC,-71,-68,6242,1476488400
A4:77:33:F9:1D:EC,-72,-69,6302,1476488460
A4:77:33:F9:1D:EC,-72,-68,6362,1476488520
A4:77:33:F9:1D:EC,-71,-67,6422,1476488580
A4:77:33:F9:1D:EC,-71,-67,6482,1476488640
A4:77:33:F9:1D:EC,-70,-67,6542,1476488700
A4:77:33:F9:1D:EC,-69,-67,6602,1476488760
A4:77:33:F9:1D:EC,-71,-68,6665,1476488823
A4:77:33:F9:1D:EC,-65,-67,6725,1476488883
A4:77:33:F9:1D:EC,-71,-67,6785,1476488943
A4:77:33:F9:1D:EC,-69,-67,6845,1476489003
A4:77:33:F9:1D:EC,-71,-67,6905,1476489063
A4:77:33:F9:1D:EC,-71,-67,6968,1476489126
A4:77:33:F9:1D:EC,-71,-67,7028,1476489186
A4:77:33:F9:1D:EC,-70,-67,7088,1476489246
A4:77:33:F9:1D:EC,-71,-67,7148,1476489306
A4:77:33:F9:1D:EC,-69,-67,7208,1476489366
A4:77:33:F9:1D:EC,-61,-67,7271,1476489429
A4:77:33:F9:1D:EC,-71,-67,7331,1476489489
A4:77:33:F9:1D:EC,-71,-67,7391,1476489549
A4:77:33:F9:1D:EC,-72,-68,7451,1476489609
A4:77:33:F9:1D:EC,-72,-68,7511,1476489669
A4:77:33:F9:1D:EC,-71,-67,7574,1476489732
A4:77:33:F9:1D:EC,-68,-67,7634,1476489792
A4:77:33:F9:1D:EC,-71,-67,7694,1476489852
A4:77:33:F9:1D:EC,-72,-68,7754,1476489912
A4:77:33:F9:1D:EC,-72,-68,7814,1476489972
A4:77:33:F9:1D:EC,-70,-68,7877,1476490035
A4:77:33:F9:1D:EC,-72,-68,7937,1476490095
A4:77:33:F9:1D:EC,-73,-69,7997,1476490155
A4:77:33:F9:1D:EC,-71,-67,8057,1476490215
A4:77:33:F9:1D:EC,-70,-67,8117,1476490275
A4:77:33:F9:1D:EC,-70,-68,8177,1476490335
A4:77:33:F9:1D:EC,-70,-67,8237,1476490395
A4:77:33:F9:1D:EC,-70,-67,8297,1476490455
A4:77:33:F9:1D:EC,-71,-67,8357,1476490516
A4:77:33:F9:1D:EC,-71,-67,8420,1476490579
A4:77:33:F9:1D:EC,-67,-67,8480,1476490639
A4:77:33:F9:1D:EC,-70,-67,8540,1476490699
A4:77:33:F9:1D:EC,-71,-67,8600,1476490759
A4:77:33:F9:1D:EC,-72,-68,8660,1476490819
A4:77:33:F9:1D:EC,-74,-70,8755,1476490914
A4:77:33:F9:1D:EC,-74,-70,8815,1476490974
A4:77:33:F9:1D:EC,-69,-67,8875,1476491034
A4:77:33:F9:1D:EC,-67,-67,8935,1476491094
A4:77:33:F9:1D:EC,-62,-67,8995,1476491154
A4:77:33:F9:1D:EC,-64,-67,9059,1476491217
A4:77:33:F9:1D:EC,-70,-67,9119,1476491277
A4:77:33:F9:1D:EC,-71,-67,9179,1476491337
A4:77:33:F9:1D:EC,-70,-67,9239,1476491397
A4:77:33:F9:1D:EC,-65,-67,9299,1476491457
A4:77:33:F9:1D:EC,-68,-67,9362,1476491520
A4:77:33:F9:1D:EC,-71,-67,9422,1476491580
A4:77:33:F9:1D:EC,-67,-67,9482,1476491640
A4:77:33:F9:1D:EC,-68,-67,9542,1476491700
A4:77:33:F9:1D:EC,-69,-67,9602,1476491760
A4:77:33:F9:1D:EC,-72,-68,9665,1476491824
A4:77:33:F9:1D:EC,-72,-68,9725,1476491883
A4:77:33:F9:1D:EC,-71,-67,9785,1476491944
A4:77:33:F9:1D:EC,-70,-67,9845,1476492004
A4:77:33:F9:1D:EC,-66,-66,9905,1476492064
A4:77:33:F9:1D:EC,-67,-67,9965,1476492124
A4:77:33:F9:1D:EC,-70,-67,10025,1476492184
A4:77:33:F9:1D:EC,-66,-67,10085,1476492244
A4:77:33:F9:1D:EC,-68,-67,10145,1476492304
A4:77:33:F9:1D:EC,-71,-67,10208,1476492367
A4:77:33:F9:1D:EC,-69,-68,10268,1476492427
A4:77:33:F9:1D:EC,-72,-68,10328,1476492487
A4:77:33:F9:1D:EC,-73,-68,10388,1476492547
A4:77:33:F9:1D:EC,-70,-67,10448,1476492607
A4:77:33:F9:1D:EC,-71,-67,10512,1476492670
A4:77:33:F9:1D:EC,-68,-66,10572,1476492730
A4:77:33:F9:1D:EC,-69,-67,10632,1476492790
A4:77:33:F9:1D:EC,-66,-67,10692,1476492850
A4:77:33:F9:1D:EC,-71,-67,10752,1476492910
A4:77:33:F9:1D:EC,-71,-67,10815,1476492973
A4:77:33:F9:1D:EC,-69,-67,10875,1476493033
A4:77:33:F9:1D:EC,-70,-66,10935,1476493093
A4:77:33:F9:1D:EC,-71,-67,10995,1476493153
A4:77:33:F9:1D:EC,-66,-67,11055,1476493213
A4:77:33:F9:1D:EC,-71,-67,11118,1476493276
A4:77:33:F9:1D:EC,-70,-67,11178,1476493336
A4:77:33:F9:1D:EC,-66,-67,11238,1476493396
A4:77:33:F9:1D:EC,-67,-67,11298,1476493456
A4:77:33:F9:1D:EC,-68,-67,11358,1476493516
A4:77:33:F9:1D:EC,-69,-43,11461,1476493619
A4:77:33:F9:1D:EC,-65,-67,11521,1476493679
A4:77:33:F9:1D:EC,-65,-67,11581,1476493739
A4:77:33:F9:1D:EC,-70,-67,11641,1476493799
A4:77:33:F9:1D:EC,-71,-67,11701,1476493859
A4:77:33:F9:1D:EC,-70,-67,11761,1476493919
A4:77:33:F9:1D:EC,-65,-67,11821,1476493979
A4:77:33:F9:1D:EC,-66,-67,11881,1476494039
A4:77:33:F9:1D:EC,-66,-67,11941,1476494099
A4:77:33:F9:1D:EC,-71,-68,12039,1476494197
A4:77:33:F9:1D:EC,-71,-68,12099,1476494257
A4:77:33:F9:1D:EC,-64,-67,12159,1476494317
A4:77:33:F9:1D:EC,-66,-66,12219,1476494377
A4:77:33:F9:1D:EC,-68,-66,12279,1476494437
A4:77:33:F9:1D:EC,-66,-67,12342,1476494500
A4:77:33:F9:1D:EC,-66,-66,12402,1476494560
A4:77:33:F9:1D:EC,-71,-67,12462,1476494620
A4:77:33:F9:1D:EC,-73,-69,12522,1476494680
A4:77:33:F9:1D:EC,-72,-68,12582,1476494740
A4:77:33:F9:1D:EC,-64,-67,12645,1476494803
A4:77:33:F9:1D:EC,-66,-67,12705,1476494863
A4:77:33:F9:1D:EC,-67,-67,12765,1476494923
A4:77:33:F9:1D:EC,-70,-67,12825,1476494983
A4:77:33:F9:1D:EC,-69,-66,12885,1476495043
A4:77:33:F9:1D:EC,-69,-66,12948,1476495106
A4:77:33:F9:1D:EC,-70,-67,13008,1476495166
A4:77:33:F9:1D:EC,-70,-66,13068,1476495226
A4:77:33:F9:1D:EC,-72,-68,13128,1476495286
A4:77:33:F9:1D:EC,-72,-69,13188,1476495346
A4:77:33:F9:1D:EC,-72,-68,13251,1476495409
A4:77:33:F9:1D:EC,-73,-69,13311,1476495469
A4:77:33:F9:1D:EC,-73,-69,13371,1476495529
A4:77:33:F9:1D:EC,-73,-68,13431,1476495589
A4:77:33:F9:1D:EC,-69,-67,13491,1476495649
A4:77:33:F9:1D:EC,-70,-68,13551,1476495709
A4:77:33:F9:1D:EC,-71,-68,13611,1476495769
A4:77:33:F9:1D:EC,-71,-67,13671,1476495829
A4:77:33:F9:1D:EC,-70,-67,13731,1476495889
A4:77:33:F9:1D:EC,-71,-67,13794,1476495952
A4:77:33:F9:1D:EC,-67,-65,13854,1476496012
A4:77:33:F9:1D:EC,-64,-67,13914,1476496072
A4:77:33:F9:1D:EC,-67,-67,13974,1476496132
A4:77:33:F9:1D:EC,-70,-67,14034,1476496192
A4:77:33:F9:1D:EC,-67,-66,14097,1476496255
A4:77:33:F9:1D:EC,-65,-67,14157,1476496315
A4:77:33:F9:1D:EC,-70,-66,14217,1476496375
A4:77:33:F9:1D:EC,-63,-67,14277,1476496435
A4:77:33:F9:1D:EC,-71,-67,14337,1476496495
A4:77:33:F9:1D:EC,-70,-67,14400,1476496558
A4:77:33:F9:1D:EC,-69,-67,14460,1476496618
A4:77:33:F9:1D:EC,-66,-67,14520,1476496678
A4:77:33:F9:1D:EC,-69,-67,14580,1476496738
A4:77:33:F9:1D:EC,-71,-67,14640,1476496798
Client_MAC,Rssi0,Rssi1,Connection_Time,EpocTime
A4:77:33:F9:1D:EC,-70,-67,14737,1476496895
A4:77:33:F9:1D:EC,-68,-68,14797,1476496955
A4:77:33:F9:1D:EC,-70,-67,14857,1476497015
A4:77:33:F9:1D:EC,-71,-67,14917,1476497075
A4:77:33:F9:1D:EC,-70,-67,14977,1476497135
A4:77:33:F9:1D:EC,-70,-67,15040,1476497198
A4:77:33:F9:1D:EC,-68,-67,15100,1476497258
A4:77:33:F9:1D:EC,-68,-67,15160,1476497318
A4:77:33:F9:1D:EC,-65,-67,15220,1476497378
A4:77:33:F9:1D:EC,-65,-67,15280,1476497438
A4:77:33:F9:1D:EC,-71,-67,15340,1476497498
A4:77:33:F9:1D:EC,-68,-67,15400,1476497558
A4:77:33:F9:1D:EC,-66,-67,15460,1476497618
A4:77:33:F9:1D:EC,-69,-67,15520,1476497678
A4:77:33:F9:1D:EC,-70,-67,15583,1476497741
A4:77:33:F9:1D:EC,-70,-67,15643,1476497801
A4:77:33:F9:1D:EC,-70,-67,15703,1476497861
A4:77:33:F9:1D:EC,-71,-67,15763,1476497921
A4:77:33:F9:1D:EC,-71,-67,15823,1476497981
A4:77:33:F9:1D:EC,-68,-67,15923,1476498081
A4:77:33:F9:1D:EC,-72,-67,15983,1476498141
A4:77:33:F9:1D:EC,-71,-67,16043,1476498201
A4:77:33:F9:1D:EC,-71,-67,16103,1476498261
A4:77:33:F9:1D:EC,-70,-67,16163,1476498321
A4:77:33:F9:1D:EC,-70,-67,16226,1476498384
A4:77:33:F9:1D:EC,-70,-67,16286,1476498444
A4:77:33:F9:1D:EC,-71,-68,16346,1476498504
A4:77:33:F9:1D:EC,-66,-67,16406,1476498564
A4:77:33:F9:1D:EC,-71,-67,16466,1476498624
A4:77:33:F9:1D:EC,-70,-67,16529,1476498687
A4:77:33:F9:1D:EC,-71,-67,16589,1476498747
A4:77:33:F9:1D:EC,-71,-67,16649,1476498807
A4:77:33:F9:1D:EC,-71,-67,16709,1476498867
A4:77:33:F9:1D:EC,-71,-67,16769,1476498927
A4:77:33:F9:1D:EC,-71,-68,16832,1476498991
A4:77:33:F9:1D:EC,-71,-68,16892,1476499051
A4:77:33:F9:1D:EC,-72,-69,16952,1476499111
A4:77:33:F9:1D:EC,-70,-67,17012,1476499171
A4:77:33:F9:1D:EC,-63,-67,17072,1476499231
A4:77:33:F9:1D:EC,-67,-67,17132,1476499291
A4:77:33:F9:1D:EC,-67,-67,17192,1476499351
A4:77:33:F9:1D:EC,-71,-68,17252,1476499411
A4:77:33:F9:1D:EC,-62,-67,17312,1476499471
A4:77:33:F9:1D:EC,-69,-67,17375,1476499534
A4:77:33:F9:1D:EC,-66,-67,17436,1476499594
A4:77:33:F9:1D:EC,-69,-67,17496,1476499654
A4:77:33:F9:1D:EC,-63,-67,17556,1476499714
A4:77:33:F9:1D:EC,-67,-67,17616,1476499774
A4:77:33:F9:1D:EC,-67,-67,17679,1476499837
A4:77:33:F9:1D:EC,-68,-67,17739,1476499897
A4:77:33:F9:1D:EC,-69,-67,17799,1476499957
A4:77:33:F9:1D:EC,-67,-66,17859,1476500017
A4:77:33:F9:1D:EC,-66,-68,17919,1476500077
A4:77:33:F9:1D:EC,-70,-67,18016,1476500174
A4:77:33:F9:1D:EC,-72,-68,18076,1476500234
A4:77:33:F9:1D:EC,-73,-68,18136,1476500294
A4:77:33:F9:1D:EC,-74,-68,18196,1476500354
A4:77:33:F9:1D:EC,-71,-67,18256,1476500414
A4:77:33:F9:1D:EC,-71,-67,18319,1476500477
A4:77:33:F9:1D:EC,-69,-67,18379,1476500537
A4:77:33:F9:1D:EC,-71,-67,18439,1476500597
A4:77:33:F9:1D:EC,-71,-67,18499,1476500657
A4:77:33:F9:1D:EC,-71,-67,18559,1476500717
A4:77:33:F9:1D:EC,-74,-68,18622,1476500780
A4:77:33:F9:1D:EC,-71,-67,18682,1476500840
A4:77:33:F9:1D:EC,-71,-67,18742,1476500900
A4:77:33:F9:1D:EC,-71,-67,18802,1476500960
A4:77:33:F9:1D:EC,-71,-67,18862,1476501020
A4:77:33:F9:1D:EC,-71,-67,18922,1476501080
A4:77:33:F9:1D:EC,-71,-67,18982,1476501140
A4:77:33:F9:1D:EC,-72,-67,19042,1476501200
A4:77:33:F9:1D:EC,-72,-68,19102,1476501260
A4:77:33:F9:1D:EC,-73,-69,19165,1476501323
A4:77:33:F9:1D:EC,-72,-68,19225,1476501383
A4:77:33:F9:1D:EC,-72,-68,19285,1476501443
A4:77:33:F9:1D:EC,-73,-69,19345,1476501503
A4:77:33:F9:1D:EC,-71,-67,19405,1476501563
A4:77:33:F9:1D:EC,-71,-67,19498,1476501656
A4:77:33:F9:1D:EC,-71,-67,19558,1476501716
A4:77:33:F9:1D:EC,-72,-68,19618,1476501776
A4:77:33:F9:1D:EC,-71,-67,19678,1476501836
A4:77:33:F9:1D:EC,-71,-67,19738,1476501896
A4:77:33:F9:1D:EC,-71,-67,19801,1476501959
A4:77:33:F9:1D:EC,-71,-67,19861,1476502019
A4:77:33:F9:1D:EC,-71,-67,19921,1476502079
A4:77:33:F9:1D:EC,-71,-67,19981,1476502139
A4:77:33:F9:1D:EC,-70,-68,20041,1476502199
A4:77:33:F9:1D:EC,-71,-68,20104,1476502262
A4:77:33:F9:1D:EC,-73,-61,20164,1476502322
A4:77:33:F9:1D:EC,-73,-69,20224,1476502382
A4:77:33:F9:1D:EC,-71,-67,20284,1476502442
A4:77:33:F9:1D:EC,-70,-67,20344,1476502502
A4:77:33:F9:1D:EC,-71,-67,20407,1476502565
A4:77:33:F9:1D:EC,-71,-67,20467,1476502625
A4:77:33:F9:1D:EC,-71,-67,20527,1476502685
A4:77:33:F9:1D:EC,-70,-68,20587,1476502745
A4:77:33:F9:1D:EC,-71,-67,20647,1476502805
A4:77:33:F9:1D:EC,-71,-67,20707,1476502865
A4:77:33:F9:1D:EC,-70,-67,20767,1476502925
A4:77:33:F9:1D:EC,-71,-67,20827,1476502985
A4:77:33:F9:1D:EC,-71,-67,20887,1476503045
A4:77:33:F9:1D:EC,-71,-67,20950,1476503108
A4:77:33:F9:1D:EC,-72,-67,21010,1476503168
A4:77:33:F9:1D:EC,-71,-67,21070,1476503228
A4:77:33:F9:1D:EC,-71,-67,21130,1476503288
A4:77:33:F9:1D:EC,-71,-67,21190,1476503348
A4:77:33:F9:1D:EC,-71,-67,21253,1476503411
A4:77:33:F9:1D:EC,-71,-67,21313,1476503471
A4:77:33:F9:1D:EC,-71,-67,21373,1476503531
A4:77:33:F9:1D:EC,-71,-67,21433,1476503591
A4:77:33:F9:1D:EC,-74,-68,21493,1476503651
A4:77:33:F9:1D:EC,-73,-68,21586,1476503744
A4:77:33:F9:1D:EC,-73,-68,21646,1476503804
A4:77:33:F9:1D:EC,-74,-68,21706,1476503864
A4:77:33:F9:1D:EC,-73,-68,21766,1476503924
A4:77:33:F9:1D:EC,-74,-69,21826,1476503984
A4:77:33:F9:1D:EC,-71,-67,21889,1476504047
A4:77:33:F9:1D:EC,-71,-67,21949,1476504107
A4:77:33:F9:1D:EC,-73,-69,22009,1476504167
A4:77:33:F9:1D:EC,-74,-68,22069,1476504227
A4:77:33:F9:1D:EC,-74,-69,22129,1476504287
A4:77:33:F9:1D:EC,-72,-68,22192,1476504351
A4:77:33:F9:1D:EC,-71,-67,22252,1476504411
A4:77:33:F9:1D:EC,-71,-67,22312,1476504471
A4:77:33:F9:1D:EC,-71,-67,22372,1476504531
A4:77:33:F9:1D:EC,-72,-68,22439,1476504597
A4:77:33:F9:1D:EC,-74,-68,22499,1476504657
A4:77:33:F9:1D:EC,-74,-68,22559,1476504717
A4:77:33:F9:1D:EC,-74,-69,22619,1476504777
A4:77:33:F9:1D:EC,-75,-70,22679,1476504837
A4:77:33:F9:1D:EC,-74,-69,22742,1476504900
A4:77:33:F9:1D:EC,-75,-71,22802,1476504960
A4:77:33:F9:1D:EC,-73,-68,22862,1476505020
A4:77:33:F9:1D:EC,-73,-68,22922,1476505080
A4:77:33:F9:1D:EC,-73,-68,22982,1476505140
A4:77:33:F9:1D:EC,-73,-69,23074,1476505232
A4:77:33:F9:1D:EC,-73,-69,23134,1476505292
A4:77:33:F9:1D:EC,-74,-68,23194,1476505352
A4:77:33:F9:1D:EC,-73,-68,23254,1476505412
A4:77:33:F9:1D:EC,-73,-69,23314,1476505472
A4:77:33:F9:1D:EC,-73,-68,23377,1476505535
A4:77:33:F9:1D:EC,-73,-68,23437,1476505595
A4:77:33:F9:1D:EC,-74,-70,23497,1476505655
A4:77:33:F9:1D:EC,-75,-71,23557,1476505715
A4:77:33:F9:1D:EC,-75,-71,23617,1476505775
A4:77:33:F9:1D:EC,-75,-71,23680,1476505838
A4:77:33:F9:1D:EC,-73,-68,23740,1476505898
A4:77:33:F9:1D:EC,-74,-68,23800,1476505958
A4:77:33:F9:1D:EC,-74,-68,23860,1476506018
A4:77:33:F9:1D:EC,-74,-68,23920,1476506078
A4:77:33:F9:1D:EC,-73,-68,23983,1476506141
A4:77:33:F9:1D:EC,-73,-68,24043,1476506201
A4:77:33:F9:1D:EC,-73,-68,24103,1476506261
A4:77:33:F9:1D:EC,-73,-68,24163,1476506321
A4:77:33:F9:1D:EC,-73,-68,24230,1476506388
A4:77:33:F9:1D:EC,-73,-68,24290,1476506448
A4:77:33:F9:1D:EC,-73,-68,24350,1476506508
A4:77:33:F9:1D:EC,-74,-69,24410,1476506568
A4:77:33:F9:1D:EC,-73,-69,24470,1476506628
A4:77:33:F9:1D:EC,-73,-68,24533,1476506691
A4:77:33:F9:1D:EC,-73,-69,24593,1476506751
A4:77:33:F9:1D:EC,-73,-68,24653,1476506811
A4:77:33:F9:1D:EC,-73,-69,24713,1476506871
A4:77:33:F9:1D:EC,-73,-68,24773,1476506931
A4:77:33:F9:1D:EC,-73,-68,24836,1476506994
A4:77:33:F9:1D:EC,-73,-68,24896,1476507054
A4:77:33:F9:1D:EC,-73,-69,24956,1476507114
A4:77:33:F9:1D:EC,-73,-68,25016,1476507174
A4:77:33:F9:1D:EC,-73,-69,25076,1476507234
A4:77:33:F9:1D:EC,-73,-69,25139,1476507297
A4:77:33:F9:1D:EC,-73,-68,25199,1476507357
A4:77:33:F9:1D:EC,-73,-69,25259,1476507417
A4:77:33:F9:1D:EC,-74,-70,25319,1476507477
A4:77:33:F9:1D:EC,-74,-70,25379,1476507537
A4:77:33:F9:1D:EC,-74,-70,25442,1476507600
A4:77:33:F9:1D:EC,-73,-69,25502,1476507660
A4:77:33:F9:1D:EC,-73,-68,25562,1476507720
A4:77:33:F9:1D:EC,-74,-68,25622,1476507780
A4:77:33:F9:1D:EC,-74,-68,25682,1476507840
A4:77:33:F9:1D:EC,-74,-68,25745,1476507903
A4:77:33:F9:1D:EC,-73,-69,25805,1476507963
A4:77:33:F9:1D:EC,-74,-68,25865,1476508023
A4:77:33:F9:1D:EC,-73,-68,25925,1476508083
A4:77:33:F9:1D:EC,-71,-67,25985,1476508143
A4:77:33:F9:1D:EC,-71,-67,26045,1476508203
A4:77:33:F9:1D:EC,-73,-68,26105,1476508263
A4:77:33:F9:1D:EC,-73,-69,26165,1476508323
A4:77:33:F9:1D:EC,-73,-68,26225,1476508383
A4:77:33:F9:1D:EC,-73,-68,26288,1476508446
A4:77:33:F9:1D:EC,-73,-68,26348,1476508506
A4:77:33:F9:1D:EC,-73,-69,26408,1476508566
A4:77:33:F9:1D:EC,-73,-69,26468,1476508626
A4:77:33:F9:1D:EC,-73,-69,26528,1476508686
A4:77:33:F9:1D:EC,-73,-68,26591,1476508749
A4:77:33:F9:1D:EC,-73,-68,26651,1476508809
A4:77:33:F9:1D:EC,-73,-68,26711,1476508869
A4:77:33:F9:1D:EC,-73,-68,26771,1476508929
A4:77:33:F9:1D:EC,-73,-69,26831,1476508989
A4:77:33:F9:1D:EC,-74,-69,26894,1476509052
A4:77:33:F9:1D:EC,-73,-69,26954,1476509112
A4:77:33:F9:1D:EC,-73,-68,27014,1476509172
A4:77:33:F9:1D:EC,-75,-71,27074,1476509232
A4:77:33:F9:1D:EC,-73,-69,27134,1476509292
A4:77:33:F9:1D:EC,-74,-69,27197,1476509355
A4:77:33:F9:1D:EC,-73,-68,27257,1476509415
A4:77:33:F9:1D:EC,-73,-68,27317,1476509475
A4:77:33:F9:1D:EC,-74,-68,27377,1476509535
A4:77:33:F9:1D:EC,-74,-69,27437,1476509595
A4:77:33:F9:1D:EC,-73,-68,27530,1476509688
A4:77:33:F9:1D:EC,-73,-68,27590,1476509748
A4:77:33:F9:1D:EC,-74,-69,27650,1476509808
A4:77:33:F9:1D:EC,-73,-69,27710,1476509868
A4:77:33:F9:1D:EC,-73,-68,27770,1476509928
A4:77:33:F9:1D:EC,-74,-70,27830,1476509988
A4:77:33:F9:1D:EC,-75,-71,27890,1476510048
A4:77:33:F9:1D:EC,-73,-68,27950,1476510108
A4:77:33:F9:1D:EC,-73,-68,28010,1476510168
A4:77:33:F9:1D:EC,-74,-68,28103,1476510261
A4:77:33:F9:1D:EC,-73,-68,28163,1476510321
A4:77:33:F9:1D:EC,-73,-68,28223,1476510381
A4:77:33:F9:1D:EC,-73,-68,28283,1476510441
A4:77:33:F9:1D:EC,-73,-68,28343,1476510501
A4:77:33:F9:1D:EC,-73,-68,28406,1476510564
A4:77:33:F9:1D:EC,-73,-68,28466,1476510624
A4:77:33:F9:1D:EC,-73,-69,28526,1476510684
A4:77:33:F9:1D:EC,-74,-69,28586,1476510745
A4:77:33:F9:1D:EC,-74,-69,28646,1476510805
A4:77:33:F9:1D:EC,-74,-70,28709,1476510868
A4:77:33:F9:1D:EC,-75,-70,28769,1476510928
A4:77:33:F9:1D:EC,-73,-68,28829,1476510988
A4:77:33:F9:1D:EC,-73,-69,28889,1476511048
A4:77:33:F9:1D:EC,-73,-68,28949,1476511108
Client_MAC,Rssi0,Rssi1,Connection_Time,EpocTime
A4:77:33:F9:1D:EC,-71,-67,23823,1476539992
A4:77:33:F9:1D:EC,-71,-67,23883,1476540052
A4:77:33:F9:1D:EC,-71,-68,23943,1476540112
A4:77:33:F9:1D:EC,-69,-67,24003,1476540172
A4:77:33:F9:1D:EC,-70,-66,24063,1476540232
A4:77:33:F9:1D:EC,-70,-66,24123,1476540292
A4:77:33:F9:1D:EC,-70,-66,24183,1476540352
A4:77:33:F9:1D:EC,-70,-66,24243,1476540412
A4:77:33:F9:1D:EC,-71,-67,24303,1476540472
A4:77:33:F9:1D:EC,-73,-70,24396,1476540565
A4:77:33:F9:1D:EC,-71,-68,24456,1476540625
A4:77:33:F9:1D:EC,-71,-68,24516,1476540685
A4:77:33:F9:1D:EC,-70,-69,24576,1476540745
A4:77:33:F9:1D:EC,-70,-68,24636,1476540805
A4:77:33:F9:1D:EC,-71,-68,24699,1476540868
A4:77:33:F9:1D:EC,-70,-68,24759,1476540928
A4:77:33:F9:1D:EC,-70,-69,24819,1476540988
A4:77:33:F9:1D:EC,-70,-68,24879,1476541048
A4:77:33:F9:1D:EC,-70,-69,24939,1476541108
A4:77:33:F9:1D:EC,-70,-69,25002,1476541171
A4:77:33:F9:1D:EC,-71,-68,25062,1476541231
A4:77:33:F9:1D:EC,-71,-68,25122,1476541291
A4:77:33:F9:1D:EC,-71,-68,25182,1476541351
A4:77:33:F9:1D:EC,-72,-68,25242,1476541411
A4:77:33:F9:1D:EC,-70,-68,25305,1476541474
A4:77:33:F9:1D:EC,-68,-67,25365,1476541534
A4:77:33:F9:1D:EC,-71,-68,25425,1476541594
A4:77:33:F9:1D:EC,-71,-69,25485,1476541654
A4:77:33:F9:1D:EC,-71,-69,25545,1476541714
A4:77:33:F9:1D:EC,-72,-70,25608,1476541777
A4:77:33:F9:1D:EC,-73,-71,25668,1476541837
A4:77:33:F9:1D:EC,-72,-72,25728,1476541897
A4:77:33:F9:1D:EC,-71,-68,25788,1476541957
A4:77:33:F9:1D:EC,-71,-68,25848,1476542017
A4:77:33:F9:1D:EC,-71,-70,25908,1476542077
A4:77:33:F9:1D:EC,-71,-69,25968,1476542137
A4:77:33:F9:1D:EC,-70,-69,26028,1476542197
A4:77:33:F9:1D:EC,-70,-68,26089,1476542257
A4:77:33:F9:1D:EC,-71,-69,26152,1476542320
A4:77:33:F9:1D:EC,-71,-70,26212,1476542380
A4:77:33:F9:1D:EC,-71,-70,26272,1476542440
A4:77:33:F9:1D:EC,-70,-70,26332,1476542500
A4:77:33:F9:1D:EC,-71,-69,26392,1476542560
A4:77:33:F9:1D:EC,-71,-70,26455,1476542624
A4:77:33:F9:1D:EC,-70,-70,26515,1476542684
A4:77:33:F9:1D:EC,-70,-70,26575,1476542744
A4:77:33:F9:1D:EC,-70,-70,26635,1476542804
A4:77:33:F9:1D:EC,-70,-70,26695,1476542864
A4:77:33:F9:1D:EC,-71,-70,26758,1476542927
A4:77:33:F9:1D:EC,-70,-69,26818,1476542987
A4:77:33:F9:1D:EC,-70,-69,26878,1476543047
A4:77:33:F9:1D:EC,-70,-70,26938,1476543107
A4:77:33:F9:1D:EC,-71,-70,26998,1476543167
A4:77:33:F9:1D:EC,-68,-69,27061,1476543230
A4:77:33:F9:1D:EC,-68,-69,27121,1476543290
A4:77:33:F9:1D:EC,-68,-69,27181,1476543350
A4:77:33:F9:1D:EC,-68,-68,27241,1476543410
A4:77:33:F9:1D:EC,-69,-71,27301,1476543470
A4:77:33:F9:1D:EC,-69,-72,27364,1476543533
A4:77:33:F9:1D:EC,-69,-72,27424,1476543593
A4:77:33:F9:1D:EC,-67,-68,27484,1476543653
A4:77:33:F9:1D:EC,-67,-68,27544,1476543713
A4:77:33:F9:1D:EC,-68,-70,27604,1476543773
A4:77:33:F9:1D:EC,-67,-70,27664,1476543833
A4:77:33:F9:1D:EC,-67,-69,27724,1476543893
A4:77:33:F9:1D:EC,-68,-70,27784,1476543953
A4:77:33:F9:1D:EC,-67,-70,27844,1476544013
A4:77:33:F9:1D:EC,-67,-70,27907,1476544076
A4:77:33:F9:1D:EC,-67,-70,27967,1476544136
A4:77:33:F9:1D:EC,-67,-70,28027,1476544196
A4:77:33:F9:1D:EC,-68,-68,28087,1476544256
A4:77:33:F9:1D:EC,-68,-69,28147,1476544316
A4:77:33:F9:1D:EC,-66,-69,28210,1476544379
A4:77:33:F9:1D:EC,-68,-70,28270,1476544439
A4:77:33:F9:1D:EC,-67,-70,28330,1476544499
A4:77:33:F9:1D:EC,-70,-65,28390,1476544559
A4:77:33:F9:1D:EC,-70,-66,28450,1476544619
A4:77:33:F9:1D:EC,-70,-65,28513,1476544682
A4:77:33:F9:1D:EC,-69,-65,28573,1476544742
A4:77:33:F9:1D:EC,-71,-66,28633,1476544802
A4:77:33:F9:1D:EC,-71,-66,28693,1476544862
A4:77:33:F9:1D:EC,-67,-68,28753,1476544922
A4:77:33:F9:1D:EC,-69,-66,28846,1476545015
A4:77:33:F9:1D:EC,-70,-66,28906,1476545075
A4:77:33:F9:1D:EC,-70,-66,28966,1476545135
A4:77:33:F9:1D:EC,-70,-66,29026,1476545195
A4:77:33:F9:1D:EC,-70,-67,29086,1476545255
A4:77:33:F9:1D:EC,-70,-66,29149,1476545318
A4:77:33:F9:1D:EC,-70,-66,29209,1476545378
A4:77:33:F9:1D:EC,-69,-66,29269,1476545438
A4:77:33:F9:1D:EC,-69,-66,29329,1476545498
A4:77:33:F9:1D:EC,-69,-66,29389,1476545558
A4:77:33:F9:1D:EC,-70,-66,29449,1476545618
A4:77:33:F9:1D:EC,-70,-66,29509,1476545678
A4:77:33:F9:1D:EC,-70,-66,29569,1476545738
A4:77:33:F9:1D:EC,-70,-66,29629,1476545798
A4:77:33:F9:1D:EC,-69,-67,29692,1476545861
A4:77:33:F9:1D:EC,-68,-69,29752,1476545921
A4:77:33:F9:1D:EC,-71,-67,29812,1476545981
A4:77:33:F9:1D:EC,-68,-71,29872,1476546041
A4:77:33:F9:1D:EC,-66,-69,29932,1476546101
A4:77:33:F9:1D:EC,-66,-69,30026,1476546195
A4:77:33:F9:1D:EC,-66,-69,30086,1476546255
A4:77:33:F9:1D:EC,-68,-68,30146,1476546315
A4:77:33:F9:1D:EC,-73,-64,30206,1476546375
A4:77:33:F9:1D:EC,-73,-65,30266,1476546435
A4:77:33:F9:1D:EC,-74,-65,30329,1476546498
A4:77:33:F9:1D:EC,-68,-68,30389,1476546558
A4:77:33:F9:1D:EC,-73,-66,30449,1476546618
A4:77:33:F9:1D:EC,-74,-65,30509,1476546678
A4:77:33:F9:1D:EC,-74,-65,30569,1476546738
A4:77:33:F9:1D:EC,-68,-68,30632,1476546801
A4:77:33:F9:1D:EC,-69,-70,30692,1476546861
A4:77:33:F9:1D:EC,-69,-71,30752,1476546921
A4:77:33:F9:1D:EC,-67,-67,30812,1476546981
A4:77:33:F9:1D:EC,-68,-68,30872,1476547041
A4:77:33:F9:1D:EC,-69,-68,30935,1476547104
A4:77:33:F9:1D:EC,-73,-65,30995,1476547164
A4:77:33:F9:1D:EC,-68,-68,31055,1476547224
A4:77:33:F9:1D:EC,-68,-68,31115,1476547284
A4:77:33:F9:1D:EC,-68,-68,31175,1476547344
A4:77:33:F9:1D:EC,-69,-68,31235,1476547404
A4:77:33:F9:1D:EC,-69,-68,31295,1476547464
A4:77:33:F9:1D:EC,-69,-68,31355,1476547524
A4:77:33:F9:1D:EC,-68,-68,31415,1476547584
A4:77:33:F9:1D:EC,-69,-68,31479,1476547647
A4:77:33:F9:1D:EC,-69,-68,31539,1476547707
A4:77:33:F9:1D:EC,-69,-69,31599,1476547767
A4:77:33:F9:1D:EC,-68,-68,31659,1476547827
A4:77:33:F9:1D:EC,-68,-68,31719,1476547887
A4:77:33:F9:1D:EC,-69,-68,31782,1476547950
A4:77:33:F9:1D:EC,-69,-68,31842,1476548010
A4:77:33:F9:1D:EC,-69,-68,31902,1476548070
A4:77:33:F9:1D:EC,-68,-68,31962,1476548130
A4:77:33:F9:1D:EC,-68,-68,32022,1476548190
A4:77:33:F9:1D:EC,-68,-68,32085,1476548254
A4:77:33:F9:1D:EC,-68,-68,32145,1476548314
A4:77:33:F9:1D:EC,-69,-69,32205,1476548374
A4:77:33:F9:1D:EC,-71,-68,32265,1476548434
A4:77:33:F9:1D:EC,-69,-71,32325,1476548494
A4:77:33:F9:1D:EC,-70,-71,32388,1476548557
A4:77:33:F9:1D:EC,-68,-70,32448,1476548617
A4:77:33:F9:1D:EC,-72,-66,32508,1476548677
A4:77:33:F9:1D:EC,-72,-66,32568,1476548737
A4:77:33:F9:1D:EC,-70,-70,32628,1476548797
A4:77:33:F9:1D:EC,-69,-70,32721,1476548890
A4:77:33:F9:1D:EC,-70,-70,32781,1476548950
A4:77:33:F9:1D:EC,-68,-69,32841,1476549010
A4:77:33:F9:1D:EC,-69,-69,32901,1476549070
A4:77:33:F9:1D:EC,-69,-70,32961,1476549130
A4:77:33:F9:1D:EC,-70,-71,33021,1476549190
A4:77:33:F9:1D:EC,-70,-71,33081,1476549250
A4:77:33:F9:1D:EC,-69,-70,33141,1476549310
A4:77:33:F9:1D:EC,-70,-70,33201,1476549370
A4:77:33:F9:1D:EC,-70,-69,33264,1476549433
A4:77:33:F9:1D:EC,-69,-69,33324,1476549493
A4:77:33:F9:1D:EC,-69,-69,33384,1476549553
A4:77:33:F9:1D:EC,-71,-69,33444,1476549613
A4:77:33:F9:1D:EC,-72,-69,33504,1476549673
A4:77:33:F9:1D:EC,-71,-69,33596,1476549765
A4:77:33:F9:1D:EC,-71,-70,33656,1476549825
A4:77:33:F9:1D:EC,-70,-70,33716,1476549885
A4:77:33:F9:1D:EC,-70,-69,33776,1476549945
A4:77:33:F9:1D:EC,-71,-73,33836,1476550005
A4:77:33:F9:1D:EC,-71,-71,33899,1476550068
A4:77:33:F9:1D:EC,-72,-69,33959,1476550128
A4:77:33:F9:1D:EC,-68,-69,34019,1476550188
A4:77:33:F9:1D:EC,-68,-69,34079,1476550248
A4:77:33:F9:1D:EC,-69,-68,34139,1476550308
A4:77:33:F9:1D:EC,-68,-69,34202,1476550371
A4:77:33:F9:1D:EC,-71,-69,34262,1476550431
A4:77:33:F9:1D:EC,-72,-69,34322,1476550491
A4:77:33:F9:1D:EC,-72,-69,34382,1476550551
A4:77:33:F9:1D:EC,-70,-70,34442,1476550611
A4:77:33:F9:1D:EC,-72,-69,34505,1476550674
A4:77:33:F9:1D:EC,-71,-70,34565,1476550734
A4:77:33:F9:1D:EC,-71,-69,34625,1476550794
A4:77:33:F9:1D:EC,-71,-70,34685,1476550854
A4:77:33:F9:1D:EC,-70,-72,34745,1476550914
A4:77:33:F9:1D:EC,-72,-69,34805,1476550974
A4:77:33:F9:1D:EC,-71,-70,34865,1476551034
A4:77:33:F9:1D:EC,-72,-69,34925,1476551094
A4:77:33:F9:1D:EC,-71,-71,34985,1476551154
A4:77:33:F9:1D:EC,-70,-70,35048,1476551217
A4:77:33:F9:1D:EC,-71,-69,35108,1476551277
A4:77:33:F9:1D:EC,-70,-69,35168,1476551337
A4:77:33:F9:1D:EC,-70,-69,35228,1476551397
A4:77:33:F9:1D:EC,-70,-69,35288,1476551457
A4:77:33:F9:1D:EC,-70,-69,35351,1476551520
A4:77:33:F9:1D:EC,-71,-70,35411,1476551580
A4:77:33:F9:1D:EC,-72,-70,35471,1476551640
A4:77:33:F9:1D:EC,-70,-68,35531,1476551700
A4:77:33:F9:1D:EC,-70,-68,35591,1476551760
A4:77:33:F9:1D:EC,-70,-69,35655,1476551823
A4:77:33:F9:1D:EC,-70,-68,35715,1476551883
A4:77:33:F9:1D:EC,-70,-68,35775,1476551943
A4:77:33:F9:1D:EC,-70,-68,35835,1476552003
A4:77:33:F9:1D:EC,-70,-68,35895,1476552063
A4:77:33:F9:1D:EC,-71,-69,35958,1476552126
A4:77:33:F9:1D:EC,-71,-69,36018,1476552186
A4:77:33:F9:1D:EC,-70,-69,36078,1476552246
A4:77:33:F9:1D:EC,-71,-69,36138,1476552306
A4:77:33:F9:1D:EC,-70,-68,36198,1476552366
A4:77:33:F9:1D:EC,-72,-70,36290,1476552459
A4:77:33:F9:1D:EC,-70,-69,36350,1476552519
A4:77:33:F9:1D:EC,-70,-69,36410,1476552579
A4:77:33:F9:1D:EC,-70,-69,36470,1476552639
A4:77:33:F9:1D:EC,-71,-69,36530,1476552699
A4:77:33:F9:1D:EC,-75,-66,36590,1476552759
A4:77:33:F9:1D:EC,-74,-66,36650,1476552819
A4:77:33:F9:1D:EC,-75,-66,36710,1476552879
A4:77:33:F9:1D:EC,-70,-68,36770,1476552939
A4:77:33:F9:1D:EC,-71,-69,36833,1476553002
A4:77:33:F9:1D:EC,-70,-68,36893,1476553062
A4:77:33:F9:1D:EC,-70,-69,36953,1476553122
A4:77:33:F9:1D:EC,-70,-68,37013,1476553182
A4:77:33:F9:1D:EC,-70,-68,37073,1476553242
A4:77:33:F9:1D:EC,-69,-68,37136,1476553305
A4:77:33:F9:1D:EC,-69,-68,37196,1476553365
A4:77:33:F9:1D:EC,-70,-68,37256,1476553425
A4:77:33:F9:1D:EC,-67,-64,37316,1476553485
A4:77:33:F9:1D:EC,-71,-67,37376,1476553545
A4:77:33:F9:1D:EC,-74,-65,37439,1476553608
A4:77:33:F9:1D:EC,-71,-66,37499,1476553668
A4:77:33:F9:1D:EC,-71,-66,37559,1476553728
A4:77:33:F9:1D:EC,-71,-68,37619,1476553788
A4:77:33:F9:1D:EC,-73,-66,37679,1476553848
A4:77:33:F9:1D:EC,-70,-67,37772,1476553941
A4:77:33:F9:1D:EC,-72,-67,37832,1476554001
A4:77:33:F9:1D:EC,-71,-66,37892,1476554061
A4:77:33:F9:1D:EC,-72,-67,37952,1476554121
A4:77:33:F9:1D:EC,-73,-67,38012,1476554181
Client_MAC,Rssi0,Rssi1,Connection_Time,EpocTime
A4:77:33:F9:1D:EC,-73,-68,29013,1476511171
A4:77:33:F9:1D:EC,-73,-69,29073,1476511231
A4:77:33:F9:1D:EC,-73,-68,29133,1476511291
A4:77:33:F9:1D:EC,-73,-70,29193,1476511351
A4:77:33:F9:1D:EC,-74,-69,29253,1476511411
A4:77:33:F9:1D:EC,-73,-68,29316,1476511474
A4:77:33:F9:1D:EC,-73,-69,29376,1476511534
A4:77:33:F9:1D:EC,-73,-69,29436,1476511594
A4:77:33:F9:1D:EC,-74,-68,29496,1476511654
A4:77:33:F9:1D:EC,-73,-68,29556,1476511714
A4:77:33:F9:1D:EC,-73,-68,29616,1476511774
A4:77:33:F9:1D:EC,-73,-68,29676,1476511834
A4:77:33:F9:1D:EC,-73,-68,29736,1476511894
A4:77:33:F9:1D:EC,-73,-68,29796,1476511954
A4:77:33:F9:1D:EC,-73,-68,29890,1476512048
A4:77:33:F9:1D:EC,-73,-69,29950,1476512108
A4:77:33:F9:1D:EC,-73,-69,30010,1476512168
A4:77:33:F9:1D:EC,-73,-69,30070,1476512228
A4:77:33:F9:1D:EC,-73,-69,30130,1476512288
A4:77:33:F9:1D:EC,-73,-69,30193,1476512351
A4:77:33:F9:1D:EC,-73,-68,30253,1476512411
A4:77:33:F9:1D:EC,-73,-69,30313,1476512471
A4:77:33:F9:1D:EC,-73,-68,30373,1476512531
A4:77:33:F9:1D:EC,-73,-69,30433,1476512591
A4:77:33:F9:1D:EC,-73,-68,30496,1476512654
A4:77:33:F9:1D:EC,-73,-68,30556,1476512714
A4:77:33:F9:1D:EC,-73,-69,30616,1476512774
A4:77:33:F9:1D:EC,-73,-69,30676,1476512834
A4:77:33:F9:1D:EC,-73,-68,30736,1476512894
A4:77:33:F9:1D:EC,-73,-68,30799,1476512957
A4:77:33:F9:1D:EC,-73,-68,30859,1476513017
A4:77:33:F9:1D:EC,-72,-68,30919,1476513077
A4:77:33:F9:1D:EC,-73,-69,30979,1476513137
A4:77:33:F9:1D:EC,-73,-69,31039,1476513197
A4:77:33:F9:1D:EC,-73,-69,31102,1476513260
A4:77:33:F9:1D:EC,-73,-69,31162,1476513320
A4:77:33:F9:1D:EC,-73,-69,31222,1476513380
A4:77:33:F9:1D:EC,-74,-70,31282,1476513440
A4:77:33:F9:1D:EC,-74,-71,31342,1476513500
A4:77:33:F9:1D:EC,-73,-68,31402,1476513560
A4:77:33:F9:1D:EC,-73,-68,31462,1476513620
A4:77:33:F9:1D:EC,-73,-70,31522,1476513680
A4:77:33:F9:1D:EC,-73,-69,31582,1476513740
A4:77:33:F9:1D:EC,-73,-68,31645,1476513804
A4:77:33:F9:1D:EC,-73,-68,31705,1476513864
A4:77:33:F9:1D:EC,-73,-69,31765,1476513924
A4:77:33:F9:1D:EC,-73,-69,31825,1476513984
A4:77:33:F9:1D:EC,-71,-67,31885,1476514044
A4:77:33:F9:1D:EC,-71,-67,31949,1476514107
A4:77:33:F9:1D:EC,-72,-68,32009,1476514167
A4:77:33:F9:1D:EC,-71,-67,32069,1476514227
A4:77:33:F9:1D:EC,-73,-69,32129,1476514287
A4:77:33:F9:1D:EC,-73,-69,32189,1476514347
A4:77:33:F9:1D:EC,-73,-68,32252,1476514410
A4:77:33:F9:1D:EC,-73,-69,32312,1476514470
A4:77:33:F9:1D:EC,-73,-69,32372,1476514530
A4:77:33:F9:1D:EC,-73,-69,32432,1476514590
A4:77:33:F9:1D:EC,-73,-69,32492,1476514650
A4:77:33:F9:1D:EC,-73,-69,32555,1476514713
A4:77:33:F9:1D:EC,-73,-70,32615,1476514773
A4:77:33:F9:1D:EC,-73,-69,32675,1476514833
A4:77:33:F9:1D:EC,-73,-69,32735,1476514893
A4:77:33:F9:1D:EC,-73,-70,32795,1476514953
A4:77:33:F9:1D:EC,-73,-69,32888,1476515046
A4:77:33:F9:1D:EC,-74,-69,32948,1476515106
A4:77:33:F9:1D:EC,-73,-69,33008,1476515166
A4:77:33:F9:1D:EC,-73,-69,33068,1476515226
A4:77:33:F9:1D:EC,-71,-67,33128,1476515286
A4:77:33:F9:1D:EC,-73,-69,33188,1476515346
A4:77:33:F9:1D:EC,-73,-69,33248,1476515406
A4:77:33:F9:1D:EC,-74,-69,33308,1476515466
A4:77:33:F9:1D:EC,-73,-69,33368,1476515526
A4:77:33:F9:1D:EC,-73,-69,33431,1476515589
A4:77:33:F9:1D:EC,-73,-69,33491,1476515649
A4:77:33:F9:1D:EC,-73,-69,33551,1476515709
A4:77:33:F9:1D:EC,-74,-69,33611,1476515769
A4:77:33:F9:1D:EC,-73,-70,33671,1476515829
A4:77:33:F9:1D:EC,-74,-71,33734,1476515892
A4:77:33:F9:1D:EC,-75,-71,33794,1476515952
A4:77:33:F9:1D:EC,-73,-69,33854,1476516012
A4:77:33:F9:1D:EC,-73,-68,33914,1476516072
A4:77:33:F9:1D:EC,-73,-69,33974,1476516132
A4:77:33:F9:1D:EC,-73,-69,26,1476516195
A4:77:33:F9:1D:EC,-73,-69,86,1476516255
A4:77:33:F9:1D:EC,-73,-68,146,1476516315
A4:77:33:F9:1D:EC,-73,-69,206,1476516375
A4:77:33:F9:1D:EC,-73,-69,266,1476516435
A4:77:33:F9:1D:EC,-73,-69,329,1476516498
A4:77:33:F9:1D:EC,-74,-70,389,1476516558
A4:77:33:F9:1D:EC,-74,-70,449,1476516618
A4:77:33:F9:1D:EC,-73,-69,509,1476516678
A4:77:33:F9:1D:EC,-73,-69,569,1476516738
A4:77:33:F9:1D:EC,-73,-70,662,1476516831
A4:77:33:F9:1D:EC,-73,-68,722,1476516891
A4:77:33:F9:1D:EC,-73,-68,782,1476516951
A4:77:33:F9:1D:EC,-73,-68,842,1476517011
A4:77:33:F9:1D:EC,-73,-69,902,1476517071
A4:77:33:F9:1D:EC,-73,-68,962,1476517131
A4:77:33:F9:1D:EC,-74,-69,1022,1476517191
A4:77:33:F9:1D:EC,-74,-70,1082,1476517251
A4:77:33:F9:1D:EC,-73,-70,1142,1476517311
A4:77:33:F9:1D:EC,-74,-70,1205,1476517374
A4:77:33:F9:1D:EC,-75,-71,1265,1476517434
A4:77:33:F9:1D:EC,-73,-69,1325,1476517494
A4:77:33:F9:1D:EC,-73,-69,1385,1476517554
A4:77:33:F9:1D:EC,-73,-69,1445,1476517614
A4:77:33:F9:1D:EC,-73,-68,1508,1476517677
A4:77:33:F9:1D:EC,-73,-69,1568,1476517737
A4:77:33:F9:1D:EC,-73,-69,1628,1476517797
A4:77:33:F9:1D:EC,-73,-68,1688,1476517857
A4:77:33:F9:1D:EC,-74,-68,1748,1476517917
A4:77:33:F9:1D:EC,-73,-68,1811,1476517980
A4:77:33:F9:1D:EC,-73,-69,1871,1476518040
A4:77:33:F9:1D:EC,-73,-69,1931,1476518100
A4:77:33:F9:1D:EC,-73,-69,1991,1476518160
A4:77:33:F9:1D:EC,-73,-70,2051,1476518220
A4:77:33:F9:1D:EC,-73,-69,2114,1476518283
A4:77:33:F9:1D:EC,-73,-69,2174,1476518343
A4:77:33:F9:1D:EC,-72,-68,2234,1476518403
A4:77:33:F9:1D:EC,-73,-69,2294,1476518463
A4:77:33:F9:1D:EC,-73,-69,2354,1476518523
A4:77:33:F9:1D:EC,-73,-69,2417,1476518586
A4:77:33:F9:1D:EC,-73,-69,2477,1476518646
A4:77:33:F9:1D:EC,-73,-69,2537,1476518706
A4:77:33:F9:1D:EC,-73,-68,2597,1476518766
A4:77:33:F9:1D:EC,-73,-69,2657,1476518826
A4:77:33:F9:1D:EC,-73,-69,2717,1476518886
A4:77:33:F9:1D:EC,-73,-70,2777,1476518946
A4:77:33:F9:1D:EC,-74,-71,2837,1476519006
A4:77:33:F9:1D:EC,-72,-68,2897,1476519066
A4:77:33:F9:1D:EC,-73,-68,2960,1476519129
A4:77:33:F9:1D:EC,-73,-70,3020,1476519189
A4:77:33:F9:1D:EC,-73,-69,3080,1476519249
A4:77:33:F9:1D:EC,-73,-69,3140,1476519309
A4:77:33:F9:1D:EC,-73,-68,3200,1476519369
A4:77:33:F9:1D:EC,-73,-68,3263,1476519432
A4:77:33:F9:1D:EC,-73,-68,3323,1476519492
A4:77:33:F9:1D:EC,-73,-68,3383,1476519552
A4:77:33:F9:1D:EC,-73,-69,3443,1476519612
A4:77:33:F9:1D:EC,-73,-68,3503,1476519672
A4:77:33:F9:1D:EC,-73,-68,3596,1476519765
A4:77:33:F9:1D:EC,-74,-71,3656,1476519825
A4:77:33:F9:1D:EC,-73,-68,3716,1476519885
A4:77:33:F9:1D:EC,-71,-67,3776,1476519945
A4:77:33:F9:1D:EC,-71,-67,3836,1476520005
A4:77:33:F9:1D:EC,-73,-68,3899,1476520068
A4:77:33:F9:1D:EC,-73,-69,3959,1476520128
A4:77:33:F9:1D:EC,-73,-69,4019,1476520188
A4:77:33:F9:1D:EC,-73,-69,4079,1476520248
A4:77:33:F9:1D:EC,-73,-69,4139,1476520308
A4:77:33:F9:1D:EC,-73,-68,4202,1476520371
A4:77:33:F9:1D:EC,-73,-70,4262,1476520431
A4:77:33:F9:1D:EC,-73,-69,4322,1476520491
A4:77:33:F9:1D:EC,-73,-70,4382,1476520551
A4:77:33:F9:1D:EC,-73,-70,4442,1476520611
A4:77:33:F9:1D:EC,-73,-70,4502,1476520671
A4:77:33:F9:1D:EC,-73,-69,4562,1476520731
A4:77:33:F9:1D:EC,-73,-69,4622,1476520791
A4:77:33:F9:1D:EC,-73,-68,4682,1476520851
A4:77:33:F9:1D:EC,-73,-69,4745,1476520915
A4:77:33:F9:1D:EC,-73,-69,4805,1476520975
A4:77:33:F9:1D:EC,-73,-69,4866,1476521035
A4:77:33:F9:1D:EC,-73,-69,4926,1476521095
A4:77:33:F9:1D:EC,-73,-69,4986,1476521155
A4:77:33:F9:1D:EC,-73,-69,5049,1476521218
A4:77:33:F9:1D:EC,-73,-69,5109,1476521278
A4:77:33:F9:1D:EC,-74,-70,5169,1476521338
A4:77:33:F9:1D:EC,-74,-71,5229,1476521398
A4:77:33:F9:1D:EC,-73,-69,5289,1476521458
A4:77:33:F9:1D:EC,-73,-70,5352,1476521521
A4:77:33:F9:1D:EC,-73,-69,5412,1476521581
A4:77:33:F9:1D:EC,-73,-69,5472,1476521641
A4:77:33:F9:1D:EC,-73,-69,5532,1476521701
A4:77:33:F9:1D:EC,-73,-69,5592,1476521761
A4:77:33:F9:1D:EC,-73,-69,5675,1476521844
A4:77:33:F9:1D:EC,-74,-69,5735,1476521904
A4:77:33:F9:1D:EC,-74,-71,5795,1476521964
A4:77:33:F9:1D:EC,-70,-67,5855,1476522024
A4:77:33:F9:1D:EC,-73,-69,5915,1476522084
A4:77:33:F9:1D:EC,-73,-69,5978,1476522147
A4:77:33:F9:1D:EC,-73,-69,6038,1476522207
A4:77:33:F9:1D:EC,-73,-69,6098,1476522267
A4:77:33:F9:1D:EC,-73,-69,6158,1476522327
A4:77:33:F9:1D:EC,-72,-69,6218,1476522387
A4:77:33:F9:1D:EC,-73,-69,6278,1476522447
A4:77:33:F9:1D:EC,-72,-68,6338,1476522507
A4:77:33:F9:1D:EC,-73,-69,6398,1476522567
A4:77:33:F9:1D:EC,-73,-69,6458,1476522627
A4:77:33:F9:1D:EC,-73,-69,6521,1476522691
A4:77:33:F9:1D:EC,-72,-69,6581,1476522751
A4:77:33:F9:1D:EC,-73,-70,6641,1476522811
A4:77:33:F9:1D:EC,-73,-69,6701,1476522871
A4:77:33:F9:1D:EC,-72,-69,6761,1476522931
A4:77:33:F9:1D:EC,-73,-70,6825,1476522994
A4:77:33:F9:1D:EC,-72,-69,6885,1476523054
A4:77:33:F9:1D:EC,-73,-68,6945,1476523114
A4:77:33:F9:1D:EC,-73,-68,7005,1476523174
A4:77:33:F9:1D:EC,-73,-69,7065,1476523234
A4:77:33:F9:1D:EC,-73,-69,7128,1476523297
A4:77:33:F9:1D:EC,-73,-69,7188,1476523357
A4:77:33:F9:1D:EC,-72,-70,7248,1476523417
A4:77:33:F9:1D:EC,-73,-70,7308,1476523477
A4:77:33:F9:1D:EC,-73,-71,7368,1476523537
A4:77:33:F9:1D:EC,-73,-70,7459,1476523628
A4:77:33:F9:1D:EC,-72,-69,7519,1476523688
A4:77:33:F9:1D:EC,-73,-68,7579,1476523748
A4:77:33:F9:1D:EC,-73,-69,7639,1476523808
A4:77:33:F9:1D:EC,-73,-69,7699,1476523868
A4:77:33:F9:1D:EC,-73,-69,7762,1476523932
A4:77:33:F9:1D:EC,-73,-68,7822,1476523992
A4:77:33:F9:1D:EC,-73,-70,7882,1476524052
A4:77:33:F9:1D:EC,-73,-70,7942,1476524112
A4:77:33:F9:1D:EC,-72,-70,8002,1476524172
A4:77:33:F9:1D:EC,-73,-69,8063,1476524232
A4:77:33:F9:1D:EC,-73,-70,8123,1476524292
A4:77:33:F9:1D:EC,-74,-71,8183,1476524352
A4:77:33:F9:1D:EC,-72,-69,8243,1476524412
A4:77:33:F9:1D:EC,-71,-68,8306,1476524475
A4:77:33:F9:1D:EC,-72,-70,8366,1476524535
A4:77:33:F9:1D:EC,-72,-69,8426,1476524595
A4:77:33:F9:1D:EC,-73,-69,8486,1476524655
A4:77:33:F9:1D:EC,-73,-69,8546,1476524715
A4:77:33:F9:1D:EC,-72,-69,8609,1476524778
A4:77:33:F9:1D:EC,-72,-70,8669,1476524838
A4:77:33:F9:1D:EC,-72,-70,8729,1476524898
A4:77:33:F9:1D:EC,-72,-69,8789,1476524958
A4:77:33:F9:1D:EC,-73,-70,8849,1476525018
A4:77:33:F9:1D:EC,-73,-69,8942,1476525111
A4:77:33:F9:1D:EC,-72,-69,9002,1476525171
A4:77:33:F9:1D:EC,-74,-71,9062,1476525231
A4:77:33:F9:1D:EC,-72,-69,9122,1476525291
A4:77:33:F9:1D:EC,-72,-70,9182,1476525351
A4:77:33:F9:1D:EC,-72,-70,9245,1476525414
A4:77:33:F9:1D:EC,-72,-69,9305,1476525474
A4:77:33:F9:1D:EC,-72,-69,9365,1476525534
A4:77:33:F9:1D:EC,-73,-68,9425,1476525594
A4:77:33:F9:1D:EC,-72,-69,9485,1476525654
