Wed Oct 19 07:09:04 IST 2016
ra0       get_site_survey:
Ch  SSID                             BSSID               Security               Siganl(%)W-Mode  ExtCH  NT WPS DPID
1   HILLOL/BD                        70:5a:9e:a6:a6:89   WPA1PSKWPA2PSK/TKIPAES 31       11b/g/n NONE   In  NO     
1   dlink                            c4:12:f5:72:06:fc   WPA1PSKWPA2PSK/TKIPAES 31       11b/g/n NONE   In YES     
2   SIN                              c0:a0:bb:c7:a4:10   WPA1PSKWPA2PSK/TKIPAES 65       11b/g/n NONE   In YES     
2   Kalyan141                        78:54:2e:f0:84:cc   WPA1PSKWPA2PSK/TKIPAES 65       11b/g/n NONE   In YES     
2   Kidar                            78:54:2e:a3:4a:2a   WPA1PSKWPA2PSK/TKIPAES 47       11b/g/n NONE   In YES     
3   G1005                            c4:12:f5:ba:76:22   WPA1PSKWPA2PSK/AES     20       11b/g/n NONE   In  NO     
3   E3003                            18:a6:f7:7a:b4:32   WPA1PSKWPA2PSK/AES     50       11b/g/n ABOVE  In YES     
4   CHETAN                           30:b5:c2:2d:c0:e2   WPA2PSK/AES            76       11b/g/n ABOVE  In YES     
4   gowthami                         60:e3:27:55:ed:66   WPA2PSK/AES            23       11b/g/n ABOVE  In YES     
5   sainilayam                       60:e3:27:55:ec:2a   WPA2PSK/AES            0        11b/g/n ABOVE  In YES     
5   NETGEAR18                        28:c6:8e:db:25:3b   WPA2PSK/AES            65       11b/g   NONE   In YES     
5   2012                             e4:6f:13:b7:63:ad   WPA1PSKWPA2PSK/AES     0        11b/g/n NONE   In YES     
6   bee..                            e4:71:85:60:00:84   WPA2PSK/AES            100      11b/g/n ABOVE  In  NO     
6   bee..                            e4:71:85:60:0d:ac   WPA2PSK/AES            70       11b/g/n ABOVE  In  NO     
6   santulucky                       e4:71:85:50:04:84   WPA1PSKWPA2PSK/TKIPAES 50       11b/g/n ABOVE  In  NO     
6   LAKKA                            00:17:7c:30:02:81   WPA2PSK/AES            29       11b/g/n NONE   In YES     
8   G1004                            f4:f2:6d:2a:d1:a0   WPA1PSKWPA2PSK/AES     42       11b/g/n BELOW  In YES     
11  GAURAV                           e8:cc:18:ba:5a:40   WPA1PSKWPA2PSK/AES     2        11b/g/n BELOW  In YES     
11  hellonet                         50:6a:03:f1:42:6c   WPA2PSK/AES            10       11b/g/n NONE   In YES     
11  Jalal                            78:54:2e:92:6b:92   WPA2PSK/TKIP           0        11b/g   NONE   In YES     
11  BansalsNet                       6c:b0:ce:71:ff:94   WPA2PSK/AES            5        11b/g/n NONE   In YES     
11                                   e4:71:85:30:2f:4c   WPA1PSKWPA2PSK/TKIPAES 39       11b/g/n NONE   In  NO     
11  m&m                              d8:fe:e3:7b:24:7a   WPA1PSKWPA2PSK/TKIPAES 15       11b/g/n NONE   In YES     
11  myhotspot                        0c:60:76:0c:07:97   WPA2PSK/AES            18       11b/g   NONE   In  NO     
11  n@!n!k@                          78:54:2e:92:5c:d8   WPA2PSK/AES            23       11b/g/n BELOW  In YES     

Wed Oct 19 07:09:08 IST 2016
rai0      get_site_survey:
Ch  SSID                             BSSID               Security               Siganl(%)W-Mode  ExtCH  NT WPS DPID
64  santullucky5                     e4:71:85:50:04:80   WPA1PSKWPA2PSK/TKIPAES 5        11a/n   BELOW  In  NO     
149                                  e4:71:85:30:2f:48   WPA1PSKWPA2PSK/TKIPAES 20       11a/n/ac ABOVE  In  NO     
149 bee..                            e4:71:85:60:00:80   WPA2PSK/AES            70       11a/n/ac ABOVE  In  NO     
149 bee..                            e4:71:85:60:0d:a8   WPA2PSK/AES            55       11a/n/ac ABOVE  In  NO     

